# JRE version: OpenJDK Runtime Environment Temurin-17.0.15+6 (17.0.15+6) (build 17.0.15+6)
# Java VM: OpenJDK 64-Bit Server VM Temurin-17.0.15+6 (17.0.15+6, mixed mode, sharing, tiered, compressed oops, compressed class ptrs, g1 gc, windows-amd64)
GC Precious Log:
 CPUs: 4 total, 4 available
 Memory: 3997M
 Large Page Support: Disabled
 NUMA Support: Disabled
 Compressed Oops: Enabled (32-bit)
 Heap Region Size: 1M
 Heap Min Capacity: 8M
 Heap Initial Capacity: 64M
 Heap Max Capacity: 1000M
 Pre-touch: Disabled
 Parallel Workers: 4
 Concurrent Workers: 1
 Concurrent Refinement Workers: 4
 Periodic GC: Disabled
Heap:
 garbage-first heap   total 129024K, used 98353K [0x00000000c1800000, 0x0000000100000000)
  region size 1024K, 47 young (48128K), 7 survivors (7168K)
 Metaspace       used 103173K, committed 103872K, reserved 1179648K
  class space    used 12895K, committed 13248K, reserved 1048576K
GC Heap History (20 events):
Event: 107.324 GC heap before
{Heap before GC invocations=61 (full 0):
 garbage-first heap   total 107520K, used 87685K [0x00000000c1800000, 0x0000000100000000)
  region size 1024K, 50 young (51200K), 5 survivors (5120K)
 Metaspace       used 86724K, committed 87232K, reserved 1179648K
  class space    used 10810K, committed 11072K, reserved 1048576K
}
Event: 107.344 GC heap after
{Heap after GC invocations=62 (full 0):
 garbage-first heap   total 107520K, used 41341K [0x00000000c1800000, 0x0000000100000000)
  region size 1024K, 3 young (3072K), 3 survivors (3072K)
 Metaspace       used 86724K, committed 87232K, reserved 1179648K
  class space    used 10810K, committed 11072K, reserved 1048576K
}
Event: 110.973 GC heap before
{Heap before GC invocations=62 (full 0):
 garbage-first heap   total 107520K, used 90493K [0x00000000c1800000, 0x0000000100000000)
  region size 1024K, 51 young (52224K), 3 survivors (3072K)
 Metaspace       used 88555K, committed 89152K, reserved 1179648K
  class space    used 10998K, committed 11264K, reserved 1048576K
}
Event: 111.001 GC heap after
{Heap after GC invocations=63 (full 0):
 garbage-first heap   total 107520K, used 42113K [0x00000000c1800000, 0x0000000100000000)
  region size 1024K, 4 young (4096K), 4 survivors (4096K)
 Metaspace       used 88555K, committed 89152K, reserved 1179648K
  class space    used 10998K, committed 11264K, reserved 1048576K
}
Event: 114.851 GC heap before
{Heap before GC invocations=63 (full 0):
 garbage-first heap   total 107520K, used 90241K [0x00000000c1800000, 0x0000000100000000)
  region size 1024K, 51 young (52224K), 4 survivors (4096K)
 Metaspace       used 90373K, committed 91008K, reserved 1179648K
  class space    used 11222K, committed 11520K, reserved 1048576K
}
Event: 114.903 GC heap after
{Heap after GC invocations=64 (full 0):
 garbage-first heap   total 107520K, used 44233K [0x00000000c1800000, 0x0000000100000000)
  region size 1024K, 6 young (6144K), 6 survivors (6144K)
 Metaspace       used 90373K, committed 91008K, reserved 1179648K
  class space    used 11222K, committed 11520K, reserved 1048576K
}
Event: 117.377 GC heap before
{Heap before GC invocations=64 (full 0):
 garbage-first heap   total 107520K, used 89289K [0x00000000c1800000, 0x0000000100000000)
  region size 1024K, 50 young (51200K), 6 survivors (6144K)
 Metaspace       used 91939K, committed 92480K, reserved 1179648K
  class space    used 11426K, committed 11712K, reserved 1048576K
}
Event: 117.450 GC heap after
{Heap after GC invocations=65 (full 0):
 garbage-first heap   total 107520K, used 45664K [0x00000000c1800000, 0x0000000100000000)
  region size 1024K, 5 young (5120K), 5 survivors (5120K)
 Metaspace       used 91939K, committed 92480K, reserved 1179648K
  class space    used 11426K, committed 11712K, reserved 1048576K
}
Event: 119.510 GC heap before
{Heap before GC invocations=65 (full 0):
 garbage-first heap   total 107520K, used 89696K [0x00000000c1800000, 0x0000000100000000)
  region size 1024K, 48 young (49152K), 5 survivors (5120K)
 Metaspace       used 93591K, committed 94208K, reserved 1179648K
  class space    used 11653K, committed 11968K, reserved 1048576K
}
Event: 119.586 GC heap after
{Heap after GC invocations=66 (full 0):
 garbage-first heap   total 129024K, used 47806K [0x00000000c1800000, 0x0000000100000000)
  region size 1024K, 4 young (4096K), 4 survivors (4096K)
 Metaspace       used 93591K, committed 94208K, reserved 1179648K
  class space    used 11653K, committed 11968K, reserved 1048576K
}
Event: 129.556 GC heap before
{Heap before GC invocations=66 (full 0):
 garbage-first heap   total 129024K, used 108222K [0x00000000c1800000, 0x0000000100000000)
  region size 1024K, 63 young (64512K), 4 survivors (4096K)
 Metaspace       used 95531K, committed 96128K, reserved 1179648K
  class space    used 11895K, committed 12160K, reserved 1048576K
}
Event: 129.633 GC heap after
{Heap after GC invocations=67 (full 0):
 garbage-first heap   total 129024K, used 49763K [0x00000000c1800000, 0x0000000100000000)
  region size 1024K, 6 young (6144K), 6 survivors (6144K)
 Metaspace       used 95531K, committed 96128K, reserved 1179648K
  class space    used 11895K, committed 12160K, reserved 1048576K
}
Event: 140.287 GC heap before
{Heap before GC invocations=67 (full 0):
 garbage-first heap   total 129024K, used 106083K [0x00000000c1800000, 0x0000000100000000)
  region size 1024K, 62 young (63488K), 6 survivors (6144K)
 Metaspace       used 99184K, committed 99776K, reserved 1179648K
  class space    used 12409K, committed 12672K, reserved 1048576K
}
Event: 140.383 GC heap after
{Heap after GC invocations=68 (full 0):
 garbage-first heap   total 129024K, used 51273K [0x00000000c1800000, 0x0000000100000000)
  region size 1024K, 5 young (5120K), 5 survivors (5120K)
 Metaspace       used 99184K, committed 99776K, reserved 1179648K
  class space    used 12409K, committed 12672K, reserved 1048576K
}
Event: 150.958 GC heap before
{Heap before GC invocations=68 (full 0):
 garbage-first heap   total 129024K, used 107593K [0x00000000c1800000, 0x0000000100000000)
  region size 1024K, 60 young (61440K), 5 survivors (5120K)
 Metaspace       used 101828K, committed 102592K, reserved 1179648K
  class space    used 12812K, committed 13184K, reserved 1048576K
}
Event: 151.067 GC heap after
{Heap after GC invocations=69 (full 0):
 garbage-first heap   total 129024K, used 51639K [0x00000000c1800000, 0x0000000100000000)
  region size 1024K, 5 young (5120K), 5 survivors (5120K)
 Metaspace       used 101828K, committed 102592K, reserved 1179648K
  class space    used 12812K, committed 13184K, reserved 1048576K
}
Event: 160.662 GC heap before
{Heap before GC invocations=69 (full 0):
 garbage-first heap   total 129024K, used 108983K [0x00000000c1800000, 0x0000000100000000)
  region size 1024K, 61 young (62464K), 5 survivors (5120K)
 Metaspace       used 102583K, committed 103296K, reserved 1179648K
  class space    used 12879K, committed 13248K, reserved 1048576K
}
Event: 160.753 GC heap after
{Heap after GC invocations=70 (full 0):
 garbage-first heap   total 129024K, used 55299K [0x00000000c1800000, 0x0000000100000000)
  region size 1024K, 7 young (7168K), 7 survivors (7168K)
 Metaspace       used 102583K, committed 103296K, reserved 1179648K
  class space    used 12879K, committed 13248K, reserved 1048576K
}
Event: 174.827 GC heap before
{Heap before GC invocations=70 (full 0):
 garbage-first heap   total 129024K, used 107523K [0x00000000c1800000, 0x0000000100000000)
  region size 1024K, 58 young (59392K), 7 survivors (7168K)
 Metaspace       used 103114K, committed 103808K, reserved 1179648K
  class space    used 12893K, committed 13248K, reserved 1048576K
}
Event: 175.048 GC heap after
{Heap after GC invocations=71 (full 0):
 garbage-first heap   total 129024K, used 58417K [0x00000000c1800000, 0x0000000100000000)
  region size 1024K, 7 young (7168K), 7 survivors (7168K)
 Metaspace       used 103114K, committed 103808K, reserved 1179648K
  class space    used 12893K, committed 13248K, reserved 1048576K
}

