<?xml version="1.0" encoding="UTF-8"?>
<testsuite xmlns:xsi="http://www.w3.org/2001/XMLSchema-instance" xsi:noNamespaceSchemaLocation="https://maven.apache.org/surefire/maven-surefire-plugin/xsd/surefire-test-report.xsd" version="3.0.2" name="com.pay_my_buddy.OC_P6.unitaire.controller.LoginControllerTest" time="24.38" tests="1" errors="0" skipped="0" failures="0">
  <properties>
[...]
</properties>
  <testcase name="testLoginPage" classname="com.pay_my_buddy.OC_P6.unitaire.controller.LoginControllerTest" time="8.087">
    <system-out><![CDATA[2025-05-11T06:47:56.228+02:00 DEBUG 17336 --- [OC_P6] [           main] .b.t.c.SpringBootTestContextBootstrapper : Neither @ContextConfiguration nor @ContextHierarchy found for test class [LoginControllerTest]: using SpringBootContextLoader
2025-05-11T06:47:56.236+02:00 DEBUG 17336 --- [OC_P6] [           main] o.s.t.c.support.AbstractContextLoader    : Could not detect default resource locations for test class [com.pay_my_buddy.OC_P6.unitaire.controller.LoginControllerTest]: no resource found for suffixes {-context.xml, Context.groovy}.
2025-05-11T06:47:56.237+02:00  INFO 17336 --- [OC_P6] [           main] t.c.s.AnnotationConfigContextLoaderUtils : Could not detect default configuration classes for test class [com.pay_my_buddy.OC_P6.unitaire.controller.LoginControllerTest]: LoginControllerTest does not declare any static, non-private, non-final, nested classes annotated with @Configuration.
2025-05-11T06:47:56.296+02:00 DEBUG 17336 --- [OC_P6] [           main] .b.t.c.SpringBootTestContextBootstrapper : Using ContextCustomizerFactory implementations for test class [LoginControllerTest]: [ImportsContextCustomizerFactory, ExcludeFilterContextCustomizerFactory, HttpGraphQlTesterContextCustomizerFactory, DuplicateJsonObjectContextCustomizerFactory, MockitoContextCustomizerFactory, TestRestTemplateContextCustomizerFactory, WebTestClientContextCustomizerFactory, DisableReactorResourceFactoryGlobalResourcesContextCustomizerFactory, OnFailureConditionReportContextCustomizerFactory, OverrideAutoConfigurationContextCustomizerFactory, ObservabilityContextCustomizerFactory, TypeExcludeFiltersContextCustomizerFactory, PropertyMappingContextCustomizerFactory, WebDriverContextCustomizerFactory, BeanOverrideContextCustomizerFactory, MockServerContainerContextCustomizerFactory, DynamicPropertiesContextCustomizerFactory]
2025-05-11T06:47:56.375+02:00 DEBUG 17336 --- [OC_P6] [           main] .b.t.c.SpringBootTestContextBootstrapper : Using ContextCustomizers for test class [LoginControllerTest]: [ImportsContextCustomizer, ExcludeFilterContextCustomizer, DuplicateJsonObjectContextCustomizer, MockitoContextCustomizer, TestRestTemplateContextCustomizer, DisableReactorResourceFactoryGlobalResourcesContextCustomizerCustomizer, OnFailureConditionReportContextCustomizer, DisableObservabilityContextCustomizer, PropertyMappingContextCustomizer, WebDriverContextCustomizer, DynamicPropertiesContextCustomizer]
2025-05-11T06:47:56.514+02:00 DEBUG 17336 --- [OC_P6] [           main] ssPathScanningCandidateComponentProvider : Identified candidate component class: file [C:\Users\AGOUROU GUSTAVE\Downloads\Open Classroom\P6\OC_P6\target\classes\com\pay_my_buddy\OC_P6\OcP6Application.class]
2025-05-11T06:47:56.519+02:00  INFO 17336 --- [OC_P6] [           main] .b.t.c.SpringBootTestContextBootstrapper : Found @SpringBootConfiguration com.pay_my_buddy.OC_P6.OcP6Application for test class com.pay_my_buddy.OC_P6.unitaire.controller.LoginControllerTest
2025-05-11T06:47:56.530+02:00 DEBUG 17336 --- [OC_P6] [           main] .s.t.c.u.TestContextSpringFactoriesUtils : Skipping candidate TestExecutionListener [org.springframework.test.context.observation.MicrometerObservationRegistryTestExecutionListener] due to a missing dependency. Specify custom TestExecutionListener classes or make the default TestExecutionListener classes and their required dependencies available. Offending class: io.micrometer.context.ThreadLocalAccessor. MicrometerObservationRegistryTestExecutionListener requires io.micrometer:micrometer-observation:1.10.8 or higher and io.micrometer:context-propagation:1.0.3 or higher.
2025-05-11T06:47:56.536+02:00 DEBUG 17336 --- [OC_P6] [           main] .b.t.c.SpringBootTestContextBootstrapper : Using TestExecutionListeners for test class [LoginControllerTest]: [ServletTestExecutionListener, DirtiesContextBeforeModesTestExecutionListener, ApplicationEventsTestExecutionListener, MockitoTestExecutionListener, BeanOverrideTestExecutionListener, DependencyInjectionTestExecutionListener, DirtiesContextTestExecutionListener, CommonCachesTestExecutionListener, TransactionalTestExecutionListener, SqlScriptsTestExecutionListener, EventPublishingTestExecutionListener, WithSecurityContextTestExecutionListener, ReactorContextTestExecutionListener, ResetMocksTestExecutionListener, RestDocsTestExecutionListener, MockRestServiceServerResetTestExecutionListener, MockMvcPrintOnlyOnFailureTestExecutionListener, WebDriverTestExecutionListener, MockWebServiceServerTestExecutionListener, MockitoResetTestExecutionListener]
2025-05-11T06:47:56.537+02:00 DEBUG 17336 --- [OC_P6] [           main] sContextBeforeModesTestExecutionListener : Before test class: class [LoginControllerTest], class annotated with @DirtiesContext [false] with mode [null]
2025-05-11T06:47:56.554+02:00  INFO 17336 --- [OC_P6] [           main] o.s.b.d.r.RestartApplicationListener     : Restart disabled due to context in which it is running
2025-05-11T06:47:56.774+02:00 DEBUG 17336 --- [OC_P6] [           main] .s.b.w.s.c.ApplicationServletEnvironment : Activating profiles []
2025-05-11T06:47:56.786+02:00 DEBUG 17336 --- [OC_P6] [           main] o.s.c.e.PropertySourcesPropertyResolver  : Found key 'spring.application.name' in PropertySource 'configurationProperties' with value of type String

  .   ____          _            __ _ _
 /\\ / ___'_ __ _ _(_)_ __  __ _ \ \ \ \
( ( )\___ | '_ | '_| | '_ \/ _` | \ \ \ \
 \\/  ___)| |_)| | | | | || (_| |  ) ) ) )
  '  |____| .__|_| |_|_| |_\__, | / / / /
 =========|_|==============|___/=/_/_/_/

 :: Spring Boot ::                (v3.4.5)

2025-05-11T06:47:56.842+02:00  INFO 17336 --- [OC_P6] [           main] c.p.O.u.controller.LoginControllerTest   : Starting LoginControllerTest using Java 17.0.15 with PID 17336 (started by AGOUROU GUSTAVE in C:\Users\AGOUROU GUSTAVE\Downloads\Open Classroom\P6\OC_P6)
2025-05-11T06:47:56.844+02:00  INFO 17336 --- [OC_P6] [           main] c.p.O.u.controller.LoginControllerTest   : No active profile set, falling back to 1 default profile: "default"
2025-05-11T06:47:56.845+02:00 DEBUG 17336 --- [OC_P6] [           main] o.s.boot.SpringApplication               : Loading source class com.pay_my_buddy.OC_P6.OcP6Application
2025-05-11T06:47:56.852+02:00 DEBUG 17336 --- [OC_P6] [           main] o.s.w.c.s.GenericWebApplicationContext   : Refreshing org.springframework.web.context.support.GenericWebApplicationContext@12d05aba
2025-05-11T06:47:56.857+02:00 DEBUG 17336 --- [OC_P6] [           main] o.s.b.f.s.DefaultListableBeanFactory     : Creating shared instance of singleton bean 'org.springframework.context.annotation.internalConfigurationAnnotationProcessor'
2025-05-11T06:47:56.859+02:00 DEBUG 17336 --- [OC_P6] [           main] o.s.b.f.s.DefaultListableBeanFactory     : Creating shared instance of singleton bean 'org.springframework.boot.autoconfigure.internalCachingMetadataReaderFactory'
2025-05-11T06:47:57.027+02:00 DEBUG 17336 --- [OC_P6] [           main] o.s.c.a.ClassPathBeanDefinitionScanner   : Identified candidate component class: file [C:\Users\AGOUROU GUSTAVE\Downloads\Open Classroom\P6\OC_P6\target\classes\com\pay_my_buddy\OC_P6\configuration\CustomUserDetailsService.class]
2025-05-11T06:47:57.030+02:00 DEBUG 17336 --- [OC_P6] [           main] o.s.c.a.ClassPathBeanDefinitionScanner   : Identified candidate component class: file [C:\Users\AGOUROU GUSTAVE\Downloads\Open Classroom\P6\OC_P6\target\classes\com\pay_my_buddy\OC_P6\configuration\SecurityConfig.class]
2025-05-11T06:47:57.035+02:00 DEBUG 17336 --- [OC_P6] [           main] o.s.c.a.ClassPathBeanDefinitionScanner   : Identified candidate component class: file [C:\Users\AGOUROU GUSTAVE\Downloads\Open Classroom\P6\OC_P6\target\classes\com\pay_my_buddy\OC_P6\controller\LoginController.class]
2025-05-11T06:47:57.040+02:00 DEBUG 17336 --- [OC_P6] [           main] o.s.c.a.ClassPathBeanDefinitionScanner   : Identified candidate component class: file [C:\Users\AGOUROU GUSTAVE\Downloads\Open Classroom\P6\OC_P6\target\classes\com\pay_my_buddy\OC_P6\controller\ProfilController.class]
2025-05-11T06:47:57.041+02:00 DEBUG 17336 --- [OC_P6] [           main] o.s.c.a.ClassPathBeanDefinitionScanner   : Identified candidate component class: file [C:\Users\AGOUROU GUSTAVE\Downloads\Open Classroom\P6\OC_P6\target\classes\com\pay_my_buddy\OC_P6\controller\RegisterController.class]
2025-05-11T06:47:57.043+02:00 DEBUG 17336 --- [OC_P6] [           main] o.s.c.a.ClassPathBeanDefinitionScanner   : Identified candidate component class: file [C:\Users\AGOUROU GUSTAVE\Downloads\Open Classroom\P6\OC_P6\target\classes\com\pay_my_buddy\OC_P6\controller\TransactionController.class]
2025-05-11T06:47:57.045+02:00 DEBUG 17336 --- [OC_P6] [           main] o.s.c.a.ClassPathBeanDefinitionScanner   : Identified candidate component class: file [C:\Users\AGOUROU GUSTAVE\Downloads\Open Classroom\P6\OC_P6\target\classes\com\pay_my_buddy\OC_P6\controller\UserConnectionsController.class]
2025-05-11T06:47:57.061+02:00 DEBUG 17336 --- [OC_P6] [           main] o.s.c.a.ClassPathBeanDefinitionScanner   : Identified candidate component class: file [C:\Users\AGOUROU GUSTAVE\Downloads\Open Classroom\P6\OC_P6\target\classes\com\pay_my_buddy\OC_P6\exception\GlobalExceptionHandler.class]
2025-05-11T06:47:57.072+02:00 DEBUG 17336 --- [OC_P6] [           main] o.s.c.a.ClassPathBeanDefinitionScanner   : Identified candidate component class: file [C:\Users\AGOUROU GUSTAVE\Downloads\Open Classroom\P6\OC_P6\target\classes\com\pay_my_buddy\OC_P6\mapper\TransactionMapperImpl.class]
2025-05-11T06:47:57.075+02:00 DEBUG 17336 --- [OC_P6] [           main] o.s.c.a.ClassPathBeanDefinitionScanner   : Identified candidate component class: file [C:\Users\AGOUROU GUSTAVE\Downloads\Open Classroom\P6\OC_P6\target\classes\com\pay_my_buddy\OC_P6\mapper\UserMapperImpl.class]
2025-05-11T06:47:57.086+02:00 DEBUG 17336 --- [OC_P6] [           main] o.s.c.a.ClassPathBeanDefinitionScanner   : Ignored because not a concrete top-level class: file [C:\Users\AGOUROU GUSTAVE\Downloads\Open Classroom\P6\OC_P6\target\classes\com\pay_my_buddy\OC_P6\repository\TransactionRepository.class]
2025-05-11T06:47:57.088+02:00 DEBUG 17336 --- [OC_P6] [           main] o.s.c.a.ClassPathBeanDefinitionScanner   : Ignored because not a concrete top-level class: file [C:\Users\AGOUROU GUSTAVE\Downloads\Open Classroom\P6\OC_P6\target\classes\com\pay_my_buddy\OC_P6\repository\UserConnectionsRepository.class]
2025-05-11T06:47:57.091+02:00 DEBUG 17336 --- [OC_P6] [           main] o.s.c.a.ClassPathBeanDefinitionScanner   : Ignored because not a concrete top-level class: file [C:\Users\AGOUROU GUSTAVE\Downloads\Open Classroom\P6\OC_P6\target\classes\com\pay_my_buddy\OC_P6\repository\UserRepository.class]
2025-05-11T06:47:57.094+02:00 DEBUG 17336 --- [OC_P6] [           main] o.s.c.a.ClassPathBeanDefinitionScanner   : Identified candidate component class: file [C:\Users\AGOUROU GUSTAVE\Downloads\Open Classroom\P6\OC_P6\target\classes\com\pay_my_buddy\OC_P6\service\TransactionService.class]
2025-05-11T06:47:57.101+02:00 DEBUG 17336 --- [OC_P6] [           main] o.s.c.a.ClassPathBeanDefinitionScanner   : Identified candidate component class: file [C:\Users\AGOUROU GUSTAVE\Downloads\Open Classroom\P6\OC_P6\target\classes\com\pay_my_buddy\OC_P6\service\UserConnectionsService.class]
2025-05-11T06:47:57.105+02:00 DEBUG 17336 --- [OC_P6] [           main] o.s.c.a.ClassPathBeanDefinitionScanner   : Identified candidate component class: file [C:\Users\AGOUROU GUSTAVE\Downloads\Open Classroom\P6\OC_P6\target\classes\com\pay_my_buddy\OC_P6\service\UserService.class]
2025-05-11T06:47:58.773+02:00  INFO 17336 --- [OC_P6] [           main] .s.d.r.c.RepositoryConfigurationDelegate : Bootstrapping Spring Data JPA repositories in DEFAULT mode.
2025-05-11T06:47:58.779+02:00 DEBUG 17336 --- [OC_P6] [           main] o.s.b.f.s.DefaultListableBeanFactory     : Creating shared instance of singleton bean 'org.springframework.boot.autoconfigure.AutoConfigurationPackages'
2025-05-11T06:47:58.780+02:00 DEBUG 17336 --- [OC_P6] [           main] o.s.b.a.AutoConfigurationPackages        : @EnableAutoConfiguration was declared on a class in the package 'com.pay_my_buddy.OC_P6'. Automatic @Repository and @Entity scanning is enabled.
2025-05-11T06:47:58.781+02:00 DEBUG 17336 --- [OC_P6] [           main] .s.d.r.c.RepositoryConfigurationDelegate : Scanning for JPA repositories in packages com.pay_my_buddy.OC_P6.
2025-05-11T06:47:58.814+02:00 DEBUG 17336 --- [OC_P6] [           main] o.s.d.r.c.RepositoryComponentProvider    : Identified candidate component class: file [C:\Users\AGOUROU GUSTAVE\Downloads\Open Classroom\P6\OC_P6\target\classes\com\pay_my_buddy\OC_P6\repository\TransactionRepository.class]
2025-05-11T06:47:58.815+02:00 DEBUG 17336 --- [OC_P6] [           main] o.s.d.r.c.RepositoryComponentProvider    : Identified candidate component class: file [C:\Users\AGOUROU GUSTAVE\Downloads\Open Classroom\P6\OC_P6\target\classes\com\pay_my_buddy\OC_P6\repository\UserConnectionsRepository.class]
2025-05-11T06:47:58.816+02:00 DEBUG 17336 --- [OC_P6] [           main] o.s.d.r.c.RepositoryComponentProvider    : Identified candidate component class: file [C:\Users\AGOUROU GUSTAVE\Downloads\Open Classroom\P6\OC_P6\target\classes\com\pay_my_buddy\OC_P6\repository\UserRepository.class]
2025-05-11T06:47:58.852+02:00 DEBUG 17336 --- [OC_P6] [           main] ssPathScanningCandidateComponentProvider : Identified candidate component class: file [C:\Users\AGOUROU GUSTAVE\Downloads\Open Classroom\P6\OC_P6\target\classes\com\pay_my_buddy\OC_P6\mapper\TransactionMapperImpl.class]
2025-05-11T06:47:58.864+02:00 DEBUG 17336 --- [OC_P6] [           main] ssPathScanningCandidateComponentProvider : Identified candidate component class: file [C:\Users\AGOUROU GUSTAVE\Downloads\Open Classroom\P6\OC_P6\target\classes\com\pay_my_buddy\OC_P6\mapper\UserMapperImpl.class]
2025-05-11T06:47:58.884+02:00  INFO 17336 --- [OC_P6] [           main] .s.d.r.c.RepositoryConfigurationDelegate : Finished Spring Data repository scanning in 102 ms. Found 3 JPA repository interfaces.
2025-05-11T06:47:59.089+02:00 DEBUG 17336 --- [OC_P6] [           main] o.s.b.f.s.DefaultListableBeanFactory     : Creating shared instance of singleton bean 'org.springframework.boot.test.context.ImportsContextCustomizer$ImportsCleanupPostProcessor'
2025-05-11T06:47:59.089+02:00 DEBUG 17336 --- [OC_P6] [           main] o.s.b.f.s.DefaultListableBeanFactory     : Creating shared instance of singleton bean 'springSecurityHandlerMappingIntrospectorBeanDefinitionRegistryPostProcessor'
2025-05-11T06:47:59.098+02:00 DEBUG 17336 --- [OC_P6] [           main] o.s.b.f.s.DefaultListableBeanFactory     : Creating shared instance of singleton bean 'propertySourcesPlaceholderConfigurer'
2025-05-11T06:47:59.105+02:00 DEBUG 17336 --- [OC_P6] [           main] o.s.b.f.s.DefaultListableBeanFactory     : Creating shared instance of singleton bean 'org.springframework.boot.test.mock.mockito.MockitoPostProcessor'
2025-05-11T06:47:59.106+02:00 DEBUG 17336 --- [OC_P6] [           main] o.s.b.f.s.DefaultListableBeanFactory     : Creating shared instance of singleton bean 'emBeanDefinitionRegistrarPostProcessor'
2025-05-11T06:47:59.106+02:00 DEBUG 17336 --- [OC_P6] [           main] o.s.b.f.s.DefaultListableBeanFactory     : Creating shared instance of singleton bean 'org.springframework.boot.sql.init.dependency.DatabaseInitializationDependencyConfigurer$DependsOnDatabaseInitializationPostProcessor'
2025-05-11T06:47:59.150+02:00 DEBUG 17336 --- [OC_P6] [           main] o.s.b.f.s.DefaultListableBeanFactory     : Creating shared instance of singleton bean 'org.springframework.context.event.internalEventListenerProcessor'
2025-05-11T06:47:59.151+02:00 DEBUG 17336 --- [OC_P6] [           main] o.s.b.f.s.DefaultListableBeanFactory     : Creating shared instance of singleton bean 'conversionServicePostProcessor'
2025-05-11T06:47:59.152+02:00 DEBUG 17336 --- [OC_P6] [           main] o.s.b.f.s.DefaultListableBeanFactory     : Creating shared instance of singleton bean 'preserveErrorControllerTargetClassPostProcessor'
2025-05-11T06:47:59.154+02:00 DEBUG 17336 --- [OC_P6] [           main] o.s.b.f.s.DefaultListableBeanFactory     : Creating shared instance of singleton bean 'org.springframework.context.event.internalEventListenerFactory'
2025-05-11T06:47:59.155+02:00 DEBUG 17336 --- [OC_P6] [           main] o.s.b.f.s.DefaultListableBeanFactory     : Creating shared instance of singleton bean 'org.springframework.transaction.config.internalTransactionalEventListenerFactory'
2025-05-11T06:47:59.170+02:00 DEBUG 17336 --- [OC_P6] [           main] o.s.b.f.s.DefaultListableBeanFactory     : Creating shared instance of singleton bean 'org.springframework.context.annotation.internalAutowiredAnnotationProcessor'
2025-05-11T06:47:59.172+02:00 DEBUG 17336 --- [OC_P6] [           main] o.s.b.f.s.DefaultListableBeanFactory     : Creating shared instance of singleton bean 'org.springframework.context.annotation.internalCommonAnnotationProcessor'
2025-05-11T06:47:59.177+02:00 DEBUG 17336 --- [OC_P6] [           main] o.s.b.f.s.DefaultListableBeanFactory     : Creating shared instance of singleton bean 'org.springframework.context.annotation.internalPersistenceAnnotationProcessor'
2025-05-11T06:47:59.177+02:00 DEBUG 17336 --- [OC_P6] [           main] o.s.b.f.s.DefaultListableBeanFactory     : Creating shared instance of singleton bean 'org.springframework.boot.test.mock.mockito.MockitoPostProcessor$SpyPostProcessor'
2025-05-11T06:47:59.178+02:00 DEBUG 17336 --- [OC_P6] [           main] o.s.b.f.s.DefaultListableBeanFactory     : Creating shared instance of singleton bean 'org.springframework.boot.context.properties.ConfigurationPropertiesBindingPostProcessor'
2025-05-11T06:47:59.179+02:00 DEBUG 17336 --- [OC_P6] [           main] o.s.b.f.s.DefaultListableBeanFactory     : Creating shared instance of singleton bean 'org.springframework.boot.context.internalConfigurationPropertiesBinder'
2025-05-11T06:47:59.194+02:00 DEBUG 17336 --- [OC_P6] [           main] o.s.b.f.s.DefaultListableBeanFactory     : Creating shared instance of singleton bean 'jdbcConnectionDetailsHikariBeanPostProcessor'
2025-05-11T06:47:59.195+02:00 DEBUG 17336 --- [OC_P6] [           main] o.s.b.f.s.DefaultListableBeanFactory     : Creating shared instance of singleton bean 'methodValidationPostProcessor'
2025-05-11T06:47:59.197+02:00 DEBUG 17336 --- [OC_P6] [           main] o.s.b.f.s.DefaultListableBeanFactory     : Autowiring by type from bean name 'methodValidationPostProcessor' via factory method to bean named 'environment'
2025-05-11T06:47:59.204+02:00 DEBUG 17336 --- [OC_P6] [           main] o.s.b.f.s.DefaultListableBeanFactory     : Creating shared instance of singleton bean 'org.springframework.boot.context.properties.EnableConfigurationPropertiesRegistrar.methodValidationExcludeFilter'
2025-05-11T06:47:59.213+02:00 DEBUG 17336 --- [OC_P6] [           main] o.s.b.f.s.DefaultListableBeanFactory     : Creating shared instance of singleton bean 'org.springframework.aop.config.internalAutoProxyCreator'
2025-05-11T06:47:59.221+02:00 DEBUG 17336 --- [OC_P6] [           main] o.s.b.f.s.DefaultListableBeanFactory     : Creating shared instance of singleton bean 'persistenceExceptionTranslationPostProcessor'
2025-05-11T06:47:59.228+02:00 DEBUG 17336 --- [OC_P6] [           main] o.s.b.f.s.DefaultListableBeanFactory     : Autowiring by type from bean name 'persistenceExceptionTranslationPostProcessor' via factory method to bean named 'environment'
2025-05-11T06:47:59.231+02:00 DEBUG 17336 --- [OC_P6] [           main] o.s.b.f.s.DefaultListableBeanFactory     : Creating shared instance of singleton bean 'webServerFactoryCustomizerBeanPostProcessor'
2025-05-11T06:47:59.232+02:00 DEBUG 17336 --- [OC_P6] [           main] o.s.b.f.s.DefaultListableBeanFactory     : Creating shared instance of singleton bean 'errorPageRegistrarBeanPostProcessor'
2025-05-11T06:47:59.233+02:00 DEBUG 17336 --- [OC_P6] [           main] o.s.b.f.s.DefaultListableBeanFactory     : Creating shared instance of singleton bean 'healthEndpointGroupsBeanPostProcessor'
2025-05-11T06:47:59.235+02:00 DEBUG 17336 --- [OC_P6] [           main] o.s.b.f.s.DefaultListableBeanFactory     : Creating shared instance of singleton bean 'org.springframework.transaction.config.internalTransactionAdvisor'
2025-05-11T06:47:59.236+02:00 DEBUG 17336 --- [OC_P6] [           main] o.s.b.f.s.DefaultListableBeanFactory     : Creating shared instance of singleton bean 'org.springframework.transaction.annotation.ProxyTransactionManagementConfiguration'
2025-05-11T06:47:59.251+02:00 DEBUG 17336 --- [OC_P6] [           main] .s.a.a.a.ReflectiveAspectJAdvisorFactory : Found AspectJ method: public java.lang.Object io.micrometer.observation.aop.ObservedAspect.observeClass(org.aspectj.lang.ProceedingJoinPoint) throws java.lang.Throwable
2025-05-11T06:47:59.252+02:00 DEBUG 17336 --- [OC_P6] [           main] .s.a.a.a.ReflectiveAspectJAdvisorFactory : Found AspectJ method: public java.lang.Object io.micrometer.observation.aop.ObservedAspect.observeMethod(org.aspectj.lang.ProceedingJoinPoint) throws java.lang.Throwable
2025-05-11T06:47:59.314+02:00 DEBUG 17336 --- [OC_P6] [           main] o.s.b.f.s.DefaultListableBeanFactory     : Creating shared instance of singleton bean 'transactionAttributeSource'
2025-05-11T06:47:59.353+02:00 DEBUG 17336 --- [OC_P6] [           main] o.s.b.f.s.DefaultListableBeanFactory     : Creating shared instance of singleton bean 'transactionInterceptor'
2025-05-11T06:47:59.358+02:00 DEBUG 17336 --- [OC_P6] [           main] o.s.b.f.s.DefaultListableBeanFactory     : Autowiring by type from bean name 'transactionInterceptor' via factory method to bean named 'transactionAttributeSource'
2025-05-11T06:47:59.365+02:00 DEBUG 17336 --- [OC_P6] [           main] o.s.b.f.s.DefaultListableBeanFactory     : Autowiring by type from bean name 'org.springframework.transaction.config.internalTransactionAdvisor' via factory method to bean named 'transactionAttributeSource'
2025-05-11T06:47:59.366+02:00 DEBUG 17336 --- [OC_P6] [           main] o.s.b.f.s.DefaultListableBeanFactory     : Autowiring by type from bean name 'org.springframework.transaction.config.internalTransactionAdvisor' via factory method to bean named 'transactionInterceptor'
2025-05-11T06:47:59.382+02:00 DEBUG 17336 --- [OC_P6] [           main] o.s.b.f.s.DefaultListableBeanFactory     : Creating shared instance of singleton bean 'meterRegistryPostProcessor'
2025-05-11T06:47:59.385+02:00 DEBUG 17336 --- [OC_P6] [           main] o.s.b.f.s.DefaultListableBeanFactory     : Autowiring by type from bean name 'meterRegistryPostProcessor' via factory method to bean named 'org.springframework.web.context.support.GenericWebApplicationContext@12d05aba'
2025-05-11T06:47:59.443+02:00 DEBUG 17336 --- [OC_P6] [           main] o.s.b.f.s.DefaultListableBeanFactory     : Creating shared instance of singleton bean 'metricsRepositoryMethodInvocationListenerBeanPostProcessor'
2025-05-11T06:47:59.457+02:00 DEBUG 17336 --- [OC_P6] [           main] o.s.b.f.s.DefaultListableBeanFactory     : Creating shared instance of singleton bean 'observationRegistryPostProcessor'
2025-05-11T06:47:59.465+02:00 DEBUG 17336 --- [OC_P6] [           main] o.s.b.f.s.DefaultListableBeanFactory     : Creating shared instance of singleton bean 'projectingArgumentResolverBeanPostProcessor'
2025-05-11T06:47:59.497+02:00 DEBUG 17336 --- [OC_P6] [           main] o.s.u.c.s.UiApplicationContextUtils      : Unable to locate ThemeSource with name 'themeSource': using default [org.springframework.ui.context.support.ResourceBundleThemeSource@7a1cc67]
2025-05-11T06:47:59.511+02:00 DEBUG 17336 --- [OC_P6] [           main] o.s.b.f.s.DefaultListableBeanFactory     : Creating shared instance of singleton bean 'org.springframework.test.context.support.internalDynamicPropertyRegistrarBeanInitializer'
2025-05-11T06:47:59.528+02:00 DEBUG 17336 --- [OC_P6] [           main] o.s.b.f.s.DefaultListableBeanFactory     : Creating shared instance of singleton bean 'dataSourceScriptDatabaseInitializer'
2025-05-11T06:47:59.529+02:00 DEBUG 17336 --- [OC_P6] [           main] o.s.b.f.s.DefaultListableBeanFactory     : Creating shared instance of singleton bean 'org.springframework.boot.autoconfigure.sql.init.DataSourceInitializationConfiguration'
2025-05-11T06:47:59.554+02:00 DEBUG 17336 --- [OC_P6] [           main] o.s.b.f.s.DefaultListableBeanFactory     : Creating shared instance of singleton bean 'dataSource'
2025-05-11T06:47:59.557+02:00 DEBUG 17336 --- [OC_P6] [           main] o.s.b.f.s.DefaultListableBeanFactory     : Creating shared instance of singleton bean 'org.springframework.boot.autoconfigure.jdbc.DataSourceConfiguration$Hikari'
2025-05-11T06:47:59.576+02:00 DEBUG 17336 --- [OC_P6] [           main] o.s.b.f.s.DefaultListableBeanFactory     : Creating shared instance of singleton bean 'spring.datasource-org.springframework.boot.autoconfigure.jdbc.DataSourceProperties'
2025-05-11T06:47:59.585+02:00 DEBUG 17336 --- [OC_P6] [           main] o.s.b.f.s.DefaultListableBeanFactory     : Creating shared instance of singleton bean 'org.springframework.boot.context.properties.BoundConfigurationProperties'
2025-05-11T06:47:59.626+02:00 DEBUG 17336 --- [OC_P6] [           main] iginAwareSystemEnvironmentPropertySource : PropertySource 'systemEnvironment' does not contain property 'spring.datasource.password', but found equivalent 'SPRING.DATASOURCE.PASSWORD'
2025-05-11T06:47:59.646+02:00 DEBUG 17336 --- [OC_P6] [           main] o.s.b.f.s.DefaultListableBeanFactory     : Creating shared instance of singleton bean 'jdbcConnectionDetails'
2025-05-11T06:47:59.648+02:00 DEBUG 17336 --- [OC_P6] [           main] o.s.b.f.s.DefaultListableBeanFactory     : Creating shared instance of singleton bean 'org.springframework.boot.autoconfigure.jdbc.DataSourceAutoConfiguration$PooledDataSourceConfiguration'
2025-05-11T06:47:59.656+02:00 DEBUG 17336 --- [OC_P6] [           main] o.s.b.f.s.DefaultListableBeanFactory     : Autowiring by type from bean name 'jdbcConnectionDetails' via factory method to bean named 'spring.datasource-org.springframework.boot.autoconfigure.jdbc.DataSourceProperties'
2025-05-11T06:47:59.666+02:00 DEBUG 17336 --- [OC_P6] [           main] o.s.b.f.s.DefaultListableBeanFactory     : Autowiring by type from bean name 'dataSource' via factory method to bean named 'spring.datasource-org.springframework.boot.autoconfigure.jdbc.DataSourceProperties'
2025-05-11T06:47:59.666+02:00 DEBUG 17336 --- [OC_P6] [           main] o.s.b.f.s.DefaultListableBeanFactory     : Autowiring by type from bean name 'dataSource' via factory method to bean named 'jdbcConnectionDetails'
2025-05-11T06:47:59.669+02:00 DEBUG 17336 --- [OC_P6] [           main] o.s.b.f.s.DefaultListableBeanFactory     : Autowiring by type from bean name 'dataSource' via factory method to bean named 'environment'
2025-05-11T06:47:59.834+02:00 DEBUG 17336 --- [OC_P6] [           main] o.s.b.f.s.DefaultListableBeanFactory     : Creating shared instance of singleton bean 'spring.sql.init-org.springframework.boot.autoconfigure.sql.init.SqlInitializationProperties'
2025-05-11T06:47:59.849+02:00 DEBUG 17336 --- [OC_P6] [           main] o.s.b.f.s.DefaultListableBeanFactory     : Autowiring by type from bean name 'dataSourceScriptDatabaseInitializer' via factory method to bean named 'dataSource'
2025-05-11T06:47:59.850+02:00 DEBUG 17336 --- [OC_P6] [           main] o.s.b.f.s.DefaultListableBeanFactory     : Autowiring by type from bean name 'dataSourceScriptDatabaseInitializer' via factory method to bean named 'spring.sql.init-org.springframework.boot.autoconfigure.sql.init.SqlInitializationProperties'
2025-05-11T06:47:59.853+02:00 DEBUG 17336 --- [OC_P6] [           main] o.s.jdbc.datasource.DataSourceUtils      : Fetching JDBC Connection from DataSource
2025-05-11T06:47:59.854+02:00  INFO 17336 --- [OC_P6] [           main] com.zaxxer.hikari.HikariDataSource       : HikariPool-2 - Starting...
2025-05-11T06:48:00.067+02:00  INFO 17336 --- [OC_P6] [           main] com.zaxxer.hikari.pool.HikariPool        : HikariPool-2 - Added connection com.mysql.cj.jdbc.ConnectionImpl@d520e9e
2025-05-11T06:48:00.068+02:00  INFO 17336 --- [OC_P6] [           main] com.zaxxer.hikari.HikariDataSource       : HikariPool-2 - Start completed.
2025-05-11T06:48:00.079+02:00 DEBUG 17336 --- [OC_P6] [           main] o.s.b.f.s.DefaultListableBeanFactory     : Creating shared instance of singleton bean 'entityManagerFactory'
2025-05-11T06:48:00.079+02:00 DEBUG 17336 --- [OC_P6] [           main] o.s.b.f.s.DefaultListableBeanFactory     : Creating shared instance of singleton bean 'org.springframework.boot.autoconfigure.orm.jpa.HibernateJpaConfiguration'
2025-05-11T06:48:00.083+02:00 DEBUG 17336 --- [OC_P6] [           main] o.s.b.f.s.DefaultListableBeanFactory     : Creating shared instance of singleton bean 'spring.jpa-org.springframework.boot.autoconfigure.orm.jpa.JpaProperties'
2025-05-11T06:48:00.109+02:00 DEBUG 17336 --- [OC_P6] [           main] o.s.b.f.s.DefaultListableBeanFactory     : Creating shared instance of singleton bean 'spring.jpa.hibernate-org.springframework.boot.autoconfigure.orm.jpa.HibernateProperties'
2025-05-11T06:48:00.119+02:00 DEBUG 17336 --- [OC_P6] [           main] o.s.b.f.s.DefaultListableBeanFactory     : Autowiring by type from bean name 'org.springframework.boot.autoconfigure.orm.jpa.HibernateJpaConfiguration' via constructor to bean named 'dataSource'
2025-05-11T06:48:00.120+02:00 DEBUG 17336 --- [OC_P6] [           main] o.s.b.f.s.DefaultListableBeanFactory     : Autowiring by type from bean name 'org.springframework.boot.autoconfigure.orm.jpa.HibernateJpaConfiguration' via constructor to bean named 'spring.jpa-org.springframework.boot.autoconfigure.orm.jpa.JpaProperties'
2025-05-11T06:48:00.120+02:00 DEBUG 17336 --- [OC_P6] [           main] o.s.b.f.s.DefaultListableBeanFactory     : Autowiring by type from bean name 'org.springframework.boot.autoconfigure.orm.jpa.HibernateJpaConfiguration' via constructor to bean named 'org.springframework.beans.factory.support.DefaultListableBeanFactory@23b8a1d6'
2025-05-11T06:48:00.120+02:00 DEBUG 17336 --- [OC_P6] [           main] o.s.b.f.s.DefaultListableBeanFactory     : Autowiring by type from bean name 'org.springframework.boot.autoconfigure.orm.jpa.HibernateJpaConfiguration' via constructor to bean named 'spring.jpa.hibernate-org.springframework.boot.autoconfigure.orm.jpa.HibernateProperties'
2025-05-11T06:48:00.137+02:00 DEBUG 17336 --- [OC_P6] [           main] o.s.b.f.s.DefaultListableBeanFactory     : Creating shared instance of singleton bean 'hikariPoolDataSourceMetadataProvider'
2025-05-11T06:48:00.143+02:00 DEBUG 17336 --- [OC_P6] [           main] o.s.b.f.s.DefaultListableBeanFactory     : Creating shared instance of singleton bean 'org.springframework.boot.autoconfigure.jdbc.metadata.DataSourcePoolMetadataProvidersConfiguration$HikariPoolDataSourceMetadataProviderConfiguration'
2025-05-11T06:48:00.230+02:00 DEBUG 17336 --- [OC_P6] [           main] o.s.b.f.s.DefaultListableBeanFactory     : Creating shared instance of singleton bean 'entityManagerFactoryBuilder'
2025-05-11T06:48:00.231+02:00 DEBUG 17336 --- [OC_P6] [           main] o.s.b.f.s.DefaultListableBeanFactory     : Creating shared instance of singleton bean 'jpaVendorAdapter'
2025-05-11T06:48:00.244+02:00 DEBUG 17336 --- [OC_P6] [           main] o.s.b.f.s.DefaultListableBeanFactory     : Autowiring by type from bean name 'entityManagerFactoryBuilder' via factory method to bean named 'jpaVendorAdapter'
2025-05-11T06:48:00.298+02:00 DEBUG 17336 --- [OC_P6] [           main] o.s.b.f.s.DefaultListableBeanFactory     : Creating shared instance of singleton bean 'persistenceManagedTypes'
2025-05-11T06:48:00.310+02:00 DEBUG 17336 --- [OC_P6] [           main] o.s.b.f.s.DefaultListableBeanFactory     : Autowiring by type from bean name 'persistenceManagedTypes' via factory method to bean named 'org.springframework.beans.factory.support.DefaultListableBeanFactory@23b8a1d6'
2025-05-11T06:48:00.311+02:00 DEBUG 17336 --- [OC_P6] [           main] o.s.b.f.s.DefaultListableBeanFactory     : Autowiring by type from bean name 'persistenceManagedTypes' via factory method to bean named 'org.springframework.web.context.support.GenericWebApplicationContext@12d05aba'
2025-05-11T06:48:00.401+02:00 DEBUG 17336 --- [OC_P6] [           main] o.s.b.f.s.DefaultListableBeanFactory     : Autowiring by type from bean name 'entityManagerFactory' via factory method to bean named 'entityManagerFactoryBuilder'
2025-05-11T06:48:00.402+02:00 DEBUG 17336 --- [OC_P6] [           main] o.s.b.f.s.DefaultListableBeanFactory     : Autowiring by type from bean name 'entityManagerFactory' via factory method to bean named 'persistenceManagedTypes'
2025-05-11T06:48:00.412+02:00 DEBUG 17336 --- [OC_P6] [           main] j.LocalContainerEntityManagerFactoryBean : Building JPA container EntityManagerFactory for persistence unit 'default'
2025-05-11T06:48:00.412+02:00  INFO 17336 --- [OC_P6] [           main] o.hibernate.jpa.internal.util.LogHelper  : HHH000204: Processing PersistenceUnitInfo [name: default]
2025-05-11T06:48:00.490+02:00  INFO 17336 --- [OC_P6] [           main] o.h.c.internal.RegionFactoryInitiator    : HHH000026: Second-level cache disabled
2025-05-11T06:48:00.493+02:00 DEBUG 17336 --- [OC_P6] [           main] org.hibernate.type.BasicTypeRegistry     : Adding type registration boolean -> org.hibernate.type.BasicTypeReference@265c5489
2025-05-11T06:48:00.494+02:00 DEBUG 17336 --- [OC_P6] [           main] org.hibernate.type.BasicTypeRegistry     : Adding type registration boolean -> org.hibernate.type.BasicTypeReference@265c5489
2025-05-11T06:48:00.494+02:00 DEBUG 17336 --- [OC_P6] [           main] org.hibernate.type.BasicTypeRegistry     : Adding type registration java.lang.Boolean -> org.hibernate.type.BasicTypeReference@265c5489
2025-05-11T06:48:00.495+02:00 DEBUG 17336 --- [OC_P6] [           main] org.hibernate.type.BasicTypeRegistry     : Adding type registration numeric_boolean -> org.hibernate.type.BasicTypeReference@1469d14a
2025-05-11T06:48:00.495+02:00 DEBUG 17336 --- [OC_P6] [           main] org.hibernate.type.BasicTypeRegistry     : Adding type registration org.hibernate.type.NumericBooleanConverter -> org.hibernate.type.BasicTypeReference@1469d14a
2025-05-11T06:48:00.495+02:00 DEBUG 17336 --- [OC_P6] [           main] org.hibernate.type.BasicTypeRegistry     : Adding type registration true_false -> org.hibernate.type.BasicTypeReference@3fbda43d
2025-05-11T06:48:00.495+02:00 DEBUG 17336 --- [OC_P6] [           main] org.hibernate.type.BasicTypeRegistry     : Adding type registration org.hibernate.type.TrueFalseConverter -> org.hibernate.type.BasicTypeReference@3fbda43d
2025-05-11T06:48:00.496+02:00 DEBUG 17336 --- [OC_P6] [           main] org.hibernate.type.BasicTypeRegistry     : Adding type registration yes_no -> org.hibernate.type.BasicTypeReference@318a2e9f
2025-05-11T06:48:00.496+02:00 DEBUG 17336 --- [OC_P6] [           main] org.hibernate.type.BasicTypeRegistry     : Adding type registration org.hibernate.type.YesNoConverter -> org.hibernate.type.BasicTypeReference@318a2e9f
2025-05-11T06:48:00.496+02:00 DEBUG 17336 --- [OC_P6] [           main] org.hibernate.type.BasicTypeRegistry     : Adding type registration byte -> org.hibernate.type.BasicTypeReference@7536dc3b
2025-05-11T06:48:00.496+02:00 DEBUG 17336 --- [OC_P6] [           main] org.hibernate.type.BasicTypeRegistry     : Adding type registration byte -> org.hibernate.type.BasicTypeReference@7536dc3b
2025-05-11T06:48:00.497+02:00 DEBUG 17336 --- [OC_P6] [           main] org.hibernate.type.BasicTypeRegistry     : Adding type registration java.lang.Byte -> org.hibernate.type.BasicTypeReference@7536dc3b
2025-05-11T06:48:00.497+02:00 DEBUG 17336 --- [OC_P6] [           main] org.hibernate.type.BasicTypeRegistry     : Adding type registration binary -> org.hibernate.type.BasicTypeReference@2f0fa056
2025-05-11T06:48:00.497+02:00 DEBUG 17336 --- [OC_P6] [           main] org.hibernate.type.BasicTypeRegistry     : Adding type registration byte[] -> org.hibernate.type.BasicTypeReference@2f0fa056
2025-05-11T06:48:00.497+02:00 DEBUG 17336 --- [OC_P6] [           main] org.hibernate.type.BasicTypeRegistry     : Adding type registration [B -> org.hibernate.type.BasicTypeReference@2f0fa056
2025-05-11T06:48:00.498+02:00 DEBUG 17336 --- [OC_P6] [           main] org.hibernate.type.BasicTypeRegistry     : Adding type registration binary_wrapper -> org.hibernate.type.BasicTypeReference@5e4b92b3
2025-05-11T06:48:00.498+02:00 DEBUG 17336 --- [OC_P6] [           main] org.hibernate.type.BasicTypeRegistry     : Adding type registration wrapper-binary -> org.hibernate.type.BasicTypeReference@5e4b92b3
2025-05-11T06:48:00.500+02:00 DEBUG 17336 --- [OC_P6] [           main] org.hibernate.type.BasicTypeRegistry     : Adding type registration image -> org.hibernate.type.BasicTypeReference@c14943c
2025-05-11T06:48:00.500+02:00 DEBUG 17336 --- [OC_P6] [           main] org.hibernate.type.BasicTypeRegistry     : Adding type registration blob -> org.hibernate.type.BasicTypeReference@7a0daf3d
2025-05-11T06:48:00.500+02:00 DEBUG 17336 --- [OC_P6] [           main] org.hibernate.type.BasicTypeRegistry     : Adding type registration java.sql.Blob -> org.hibernate.type.BasicTypeReference@7a0daf3d
2025-05-11T06:48:00.501+02:00 DEBUG 17336 --- [OC_P6] [           main] org.hibernate.type.BasicTypeRegistry     : Adding type registration materialized_blob -> org.hibernate.type.BasicTypeReference@1d2414a1
2025-05-11T06:48:00.501+02:00 DEBUG 17336 --- [OC_P6] [           main] org.hibernate.type.BasicTypeRegistry     : Adding type registration materialized_blob_wrapper -> org.hibernate.type.BasicTypeReference@1f78d3bc
2025-05-11T06:48:00.501+02:00 DEBUG 17336 --- [OC_P6] [           main] org.hibernate.type.BasicTypeRegistry     : Adding type registration short -> org.hibernate.type.BasicTypeReference@37e5111b
2025-05-11T06:48:00.501+02:00 DEBUG 17336 --- [OC_P6] [           main] org.hibernate.type.BasicTypeRegistry     : Adding type registration short -> org.hibernate.type.BasicTypeReference@37e5111b
2025-05-11T06:48:00.501+02:00 DEBUG 17336 --- [OC_P6] [           main] org.hibernate.type.BasicTypeRegistry     : Adding type registration java.lang.Short -> org.hibernate.type.BasicTypeReference@37e5111b
2025-05-11T06:48:00.502+02:00 DEBUG 17336 --- [OC_P6] [           main] org.hibernate.type.BasicTypeRegistry     : Adding type registration integer -> org.hibernate.type.BasicTypeReference@2006249d
2025-05-11T06:48:00.502+02:00 DEBUG 17336 --- [OC_P6] [           main] org.hibernate.type.BasicTypeRegistry     : Adding type registration int -> org.hibernate.type.BasicTypeReference@2006249d
2025-05-11T06:48:00.502+02:00 DEBUG 17336 --- [OC_P6] [           main] org.hibernate.type.BasicTypeRegistry     : Adding type registration java.lang.Integer -> org.hibernate.type.BasicTypeReference@2006249d
2025-05-11T06:48:00.502+02:00 DEBUG 17336 --- [OC_P6] [           main] org.hibernate.type.BasicTypeRegistry     : Adding type registration long -> org.hibernate.type.BasicTypeReference@1d3aad20
2025-05-11T06:48:00.503+02:00 DEBUG 17336 --- [OC_P6] [           main] org.hibernate.type.BasicTypeRegistry     : Adding type registration long -> org.hibernate.type.BasicTypeReference@1d3aad20
2025-05-11T06:48:00.503+02:00 DEBUG 17336 --- [OC_P6] [           main] org.hibernate.type.BasicTypeRegistry     : Adding type registration java.lang.Long -> org.hibernate.type.BasicTypeReference@1d3aad20
2025-05-11T06:48:00.503+02:00 DEBUG 17336 --- [OC_P6] [           main] org.hibernate.type.BasicTypeRegistry     : Adding type registration float -> org.hibernate.type.BasicTypeReference@44067808
2025-05-11T06:48:00.503+02:00 DEBUG 17336 --- [OC_P6] [           main] org.hibernate.type.BasicTypeRegistry     : Adding type registration float -> org.hibernate.type.BasicTypeReference@44067808
2025-05-11T06:48:00.503+02:00 DEBUG 17336 --- [OC_P6] [           main] org.hibernate.type.BasicTypeRegistry     : Adding type registration java.lang.Float -> org.hibernate.type.BasicTypeReference@44067808
2025-05-11T06:48:00.504+02:00 DEBUG 17336 --- [OC_P6] [           main] org.hibernate.type.BasicTypeRegistry     : Adding type registration double -> org.hibernate.type.BasicTypeReference@5b74c45a
2025-05-11T06:48:00.504+02:00 DEBUG 17336 --- [OC_P6] [           main] org.hibernate.type.BasicTypeRegistry     : Adding type registration double -> org.hibernate.type.BasicTypeReference@5b74c45a
2025-05-11T06:48:00.504+02:00 DEBUG 17336 --- [OC_P6] [           main] org.hibernate.type.BasicTypeRegistry     : Adding type registration java.lang.Double -> org.hibernate.type.BasicTypeReference@5b74c45a
2025-05-11T06:48:00.504+02:00 DEBUG 17336 --- [OC_P6] [           main] org.hibernate.type.BasicTypeRegistry     : Adding type registration big_integer -> org.hibernate.type.BasicTypeReference@4ac73165
2025-05-11T06:48:00.505+02:00 DEBUG 17336 --- [OC_P6] [           main] org.hibernate.type.BasicTypeRegistry     : Adding type registration java.math.BigInteger -> org.hibernate.type.BasicTypeReference@4ac73165
2025-05-11T06:48:00.505+02:00 DEBUG 17336 --- [OC_P6] [           main] org.hibernate.type.BasicTypeRegistry     : Adding type registration big_decimal -> org.hibernate.type.BasicTypeReference@25cc6b0
2025-05-11T06:48:00.506+02:00 DEBUG 17336 --- [OC_P6] [           main] org.hibernate.type.BasicTypeRegistry     : Adding type registration java.math.BigDecimal -> org.hibernate.type.BasicTypeReference@25cc6b0
2025-05-11T06:48:00.506+02:00 DEBUG 17336 --- [OC_P6] [           main] org.hibernate.type.BasicTypeRegistry     : Adding type registration character -> org.hibernate.type.BasicTypeReference@756d28cb
2025-05-11T06:48:00.506+02:00 DEBUG 17336 --- [OC_P6] [           main] org.hibernate.type.BasicTypeRegistry     : Adding type registration char -> org.hibernate.type.BasicTypeReference@756d28cb
2025-05-11T06:48:00.507+02:00 DEBUG 17336 --- [OC_P6] [           main] org.hibernate.type.BasicTypeRegistry     : Adding type registration java.lang.Character -> org.hibernate.type.BasicTypeReference@756d28cb
2025-05-11T06:48:00.507+02:00 DEBUG 17336 --- [OC_P6] [           main] org.hibernate.type.BasicTypeRegistry     : Adding type registration character_nchar -> org.hibernate.type.BasicTypeReference@8466428
2025-05-11T06:48:00.507+02:00 DEBUG 17336 --- [OC_P6] [           main] org.hibernate.type.BasicTypeRegistry     : Adding type registration string -> org.hibernate.type.BasicTypeReference@7b79305c
2025-05-11T06:48:00.508+02:00 DEBUG 17336 --- [OC_P6] [           main] org.hibernate.type.BasicTypeRegistry     : Adding type registration java.lang.String -> org.hibernate.type.BasicTypeReference@7b79305c
2025-05-11T06:48:00.508+02:00 DEBUG 17336 --- [OC_P6] [           main] org.hibernate.type.BasicTypeRegistry     : Adding type registration nstring -> org.hibernate.type.BasicTypeReference@1f7410c5
2025-05-11T06:48:00.508+02:00 DEBUG 17336 --- [OC_P6] [           main] org.hibernate.type.BasicTypeRegistry     : Adding type registration characters -> org.hibernate.type.BasicTypeReference@3434890
2025-05-11T06:48:00.508+02:00 DEBUG 17336 --- [OC_P6] [           main] org.hibernate.type.BasicTypeRegistry     : Adding type registration char[] -> org.hibernate.type.BasicTypeReference@3434890
2025-05-11T06:48:00.509+02:00 DEBUG 17336 --- [OC_P6] [           main] org.hibernate.type.BasicTypeRegistry     : Adding type registration [C -> org.hibernate.type.BasicTypeReference@3434890
2025-05-11T06:48:00.509+02:00 DEBUG 17336 --- [OC_P6] [           main] org.hibernate.type.BasicTypeRegistry     : Adding type registration wrapper-characters -> org.hibernate.type.BasicTypeReference@381f0bf4
2025-05-11T06:48:00.509+02:00 DEBUG 17336 --- [OC_P6] [           main] org.hibernate.type.BasicTypeRegistry     : Adding type registration text -> org.hibernate.type.BasicTypeReference@a56277b
2025-05-11T06:48:00.509+02:00 DEBUG 17336 --- [OC_P6] [           main] org.hibernate.type.BasicTypeRegistry     : Adding type registration ntext -> org.hibernate.type.BasicTypeReference@351bfccc
2025-05-11T06:48:00.510+02:00 DEBUG 17336 --- [OC_P6] [           main] org.hibernate.type.BasicTypeRegistry     : Adding type registration clob -> org.hibernate.type.BasicTypeReference@2c053537
2025-05-11T06:48:00.510+02:00 DEBUG 17336 --- [OC_P6] [           main] org.hibernate.type.BasicTypeRegistry     : Adding type registration java.sql.Clob -> org.hibernate.type.BasicTypeReference@2c053537
2025-05-11T06:48:00.510+02:00 DEBUG 17336 --- [OC_P6] [           main] org.hibernate.type.BasicTypeRegistry     : Adding type registration nclob -> org.hibernate.type.BasicTypeReference@6c85dbe8
2025-05-11T06:48:00.510+02:00 DEBUG 17336 --- [OC_P6] [           main] org.hibernate.type.BasicTypeRegistry     : Adding type registration java.sql.NClob -> org.hibernate.type.BasicTypeReference@6c85dbe8
2025-05-11T06:48:00.511+02:00 DEBUG 17336 --- [OC_P6] [           main] org.hibernate.type.BasicTypeRegistry     : Adding type registration materialized_clob -> org.hibernate.type.BasicTypeReference@57d354fc
2025-05-11T06:48:00.511+02:00 DEBUG 17336 --- [OC_P6] [           main] org.hibernate.type.BasicTypeRegistry     : Adding type registration materialized_clob_char_array -> org.hibernate.type.BasicTypeReference@3dc42f56
2025-05-11T06:48:00.511+02:00 DEBUG 17336 --- [OC_P6] [           main] org.hibernate.type.BasicTypeRegistry     : Adding type registration materialized_clob_character_array -> org.hibernate.type.BasicTypeReference@386d0954
2025-05-11T06:48:00.511+02:00 DEBUG 17336 --- [OC_P6] [           main] org.hibernate.type.BasicTypeRegistry     : Adding type registration materialized_nclob -> org.hibernate.type.BasicTypeReference@7af5cf2a
2025-05-11T06:48:00.512+02:00 DEBUG 17336 --- [OC_P6] [           main] org.hibernate.type.BasicTypeRegistry     : Adding type registration materialized_nclob_character_array -> org.hibernate.type.BasicTypeReference@37cc103c
2025-05-11T06:48:00.512+02:00 DEBUG 17336 --- [OC_P6] [           main] org.hibernate.type.BasicTypeRegistry     : Adding type registration materialized_nclob_char_array -> org.hibernate.type.BasicTypeReference@2b6e270c
2025-05-11T06:48:00.512+02:00 DEBUG 17336 --- [OC_P6] [           main] org.hibernate.type.BasicTypeRegistry     : Adding type registration Duration -> org.hibernate.type.BasicTypeReference@7b19bc9c
2025-05-11T06:48:00.512+02:00 DEBUG 17336 --- [OC_P6] [           main] org.hibernate.type.BasicTypeRegistry     : Adding type registration java.time.Duration -> org.hibernate.type.BasicTypeReference@7b19bc9c
2025-05-11T06:48:00.513+02:00 DEBUG 17336 --- [OC_P6] [           main] org.hibernate.type.BasicTypeRegistry     : Adding type registration LocalDateTime -> org.hibernate.type.BasicTypeReference@2fc1b04a
2025-05-11T06:48:00.513+02:00 DEBUG 17336 --- [OC_P6] [           main] org.hibernate.type.BasicTypeRegistry     : Adding type registration java.time.LocalDateTime -> org.hibernate.type.BasicTypeReference@2fc1b04a
2025-05-11T06:48:00.513+02:00 DEBUG 17336 --- [OC_P6] [           main] org.hibernate.type.BasicTypeRegistry     : Adding type registration LocalDate -> org.hibernate.type.BasicTypeReference@785b187e
2025-05-11T06:48:00.514+02:00 DEBUG 17336 --- [OC_P6] [           main] org.hibernate.type.BasicTypeRegistry     : Adding type registration java.time.LocalDate -> org.hibernate.type.BasicTypeReference@785b187e
2025-05-11T06:48:00.514+02:00 DEBUG 17336 --- [OC_P6] [           main] org.hibernate.type.BasicTypeRegistry     : Adding type registration LocalTime -> org.hibernate.type.BasicTypeReference@22d7063e
2025-05-11T06:48:00.514+02:00 DEBUG 17336 --- [OC_P6] [           main] org.hibernate.type.BasicTypeRegistry     : Adding type registration java.time.LocalTime -> org.hibernate.type.BasicTypeReference@22d7063e
2025-05-11T06:48:00.535+02:00 DEBUG 17336 --- [OC_P6] [           main] org.hibernate.type.BasicTypeRegistry     : Adding type registration OffsetDateTime -> org.hibernate.type.BasicTypeReference@141cb3a4
2025-05-11T06:48:00.536+02:00 DEBUG 17336 --- [OC_P6] [           main] org.hibernate.type.BasicTypeRegistry     : Adding type registration java.time.OffsetDateTime -> org.hibernate.type.BasicTypeReference@141cb3a4
2025-05-11T06:48:00.536+02:00 DEBUG 17336 --- [OC_P6] [           main] org.hibernate.type.BasicTypeRegistry     : Adding type registration OffsetDateTimeWithTimezone -> org.hibernate.type.BasicTypeReference@36fd028d
2025-05-11T06:48:00.537+02:00 DEBUG 17336 --- [OC_P6] [           main] org.hibernate.type.BasicTypeRegistry     : Adding type registration OffsetDateTimeWithoutTimezone -> org.hibernate.type.BasicTypeReference@16c574c4
2025-05-11T06:48:00.537+02:00 DEBUG 17336 --- [OC_P6] [           main] org.hibernate.type.BasicTypeRegistry     : Adding type registration OffsetTime -> org.hibernate.type.BasicTypeReference@c3976d4
2025-05-11T06:48:00.538+02:00 DEBUG 17336 --- [OC_P6] [           main] org.hibernate.type.BasicTypeRegistry     : Adding type registration java.time.OffsetTime -> org.hibernate.type.BasicTypeReference@c3976d4
2025-05-11T06:48:00.541+02:00 DEBUG 17336 --- [OC_P6] [           main] org.hibernate.type.BasicTypeRegistry     : Adding type registration OffsetTimeUtc -> org.hibernate.type.BasicTypeReference@7dc97564
2025-05-11T06:48:00.541+02:00 DEBUG 17336 --- [OC_P6] [           main] org.hibernate.type.BasicTypeRegistry     : Adding type registration OffsetTimeWithTimezone -> org.hibernate.type.BasicTypeReference@23fee93a
2025-05-11T06:48:00.542+02:00 DEBUG 17336 --- [OC_P6] [           main] org.hibernate.type.BasicTypeRegistry     : Adding type registration OffsetTimeWithoutTimezone -> org.hibernate.type.BasicTypeReference@1e20dad5
2025-05-11T06:48:00.543+02:00 DEBUG 17336 --- [OC_P6] [           main] org.hibernate.type.BasicTypeRegistry     : Adding type registration ZonedDateTime -> org.hibernate.type.BasicTypeReference@59e89013
2025-05-11T06:48:00.545+02:00 DEBUG 17336 --- [OC_P6] [           main] org.hibernate.type.BasicTypeRegistry     : Adding type registration java.time.ZonedDateTime -> org.hibernate.type.BasicTypeReference@59e89013
2025-05-11T06:48:00.545+02:00 DEBUG 17336 --- [OC_P6] [           main] org.hibernate.type.BasicTypeRegistry     : Adding type registration ZonedDateTimeWithTimezone -> org.hibernate.type.BasicTypeReference@6f3cbc1f
2025-05-11T06:48:00.545+02:00 DEBUG 17336 --- [OC_P6] [           main] org.hibernate.type.BasicTypeRegistry     : Adding type registration ZonedDateTimeWithoutTimezone -> org.hibernate.type.BasicTypeReference@3b5f3ffb
2025-05-11T06:48:00.546+02:00 DEBUG 17336 --- [OC_P6] [           main] org.hibernate.type.BasicTypeRegistry     : Adding type registration date -> org.hibernate.type.BasicTypeReference@2331ac37
2025-05-11T06:48:00.546+02:00 DEBUG 17336 --- [OC_P6] [           main] org.hibernate.type.BasicTypeRegistry     : Adding type registration java.sql.Date -> org.hibernate.type.BasicTypeReference@2331ac37
2025-05-11T06:48:00.547+02:00 DEBUG 17336 --- [OC_P6] [           main] org.hibernate.type.BasicTypeRegistry     : Adding type registration time -> org.hibernate.type.BasicTypeReference@3ec4c84a
2025-05-11T06:48:00.547+02:00 DEBUG 17336 --- [OC_P6] [           main] org.hibernate.type.BasicTypeRegistry     : Adding type registration java.sql.Time -> org.hibernate.type.BasicTypeReference@3ec4c84a
2025-05-11T06:48:00.547+02:00 DEBUG 17336 --- [OC_P6] [           main] org.hibernate.type.BasicTypeRegistry     : Adding type registration timestamp -> org.hibernate.type.BasicTypeReference@349247c9
2025-05-11T06:48:00.547+02:00 DEBUG 17336 --- [OC_P6] [           main] org.hibernate.type.BasicTypeRegistry     : Adding type registration java.sql.Timestamp -> org.hibernate.type.BasicTypeReference@349247c9
2025-05-11T06:48:00.548+02:00 DEBUG 17336 --- [OC_P6] [           main] org.hibernate.type.BasicTypeRegistry     : Adding type registration java.util.Date -> org.hibernate.type.BasicTypeReference@349247c9
2025-05-11T06:48:00.548+02:00 DEBUG 17336 --- [OC_P6] [           main] org.hibernate.type.BasicTypeRegistry     : Adding type registration calendar -> org.hibernate.type.BasicTypeReference@76700647
2025-05-11T06:48:00.548+02:00 DEBUG 17336 --- [OC_P6] [           main] org.hibernate.type.BasicTypeRegistry     : Adding type registration java.util.Calendar -> org.hibernate.type.BasicTypeReference@76700647
2025-05-11T06:48:00.549+02:00 DEBUG 17336 --- [OC_P6] [           main] org.hibernate.type.BasicTypeRegistry     : Adding type registration java.util.GregorianCalendar -> org.hibernate.type.BasicTypeReference@76700647
2025-05-11T06:48:00.549+02:00 DEBUG 17336 --- [OC_P6] [           main] org.hibernate.type.BasicTypeRegistry     : Adding type registration calendar_date -> org.hibernate.type.BasicTypeReference@588e4caa
2025-05-11T06:48:00.549+02:00 DEBUG 17336 --- [OC_P6] [           main] org.hibernate.type.BasicTypeRegistry     : Adding type registration calendar_time -> org.hibernate.type.BasicTypeReference@40904969
2025-05-11T06:48:00.550+02:00 DEBUG 17336 --- [OC_P6] [           main] org.hibernate.type.BasicTypeRegistry     : Adding type registration instant -> org.hibernate.type.BasicTypeReference@669ae2bd
2025-05-11T06:48:00.550+02:00 DEBUG 17336 --- [OC_P6] [           main] org.hibernate.type.BasicTypeRegistry     : Adding type registration java.time.Instant -> org.hibernate.type.BasicTypeReference@669ae2bd
2025-05-11T06:48:00.550+02:00 DEBUG 17336 --- [OC_P6] [           main] org.hibernate.type.BasicTypeRegistry     : Adding type registration uuid -> org.hibernate.type.BasicTypeReference@102e8217
2025-05-11T06:48:00.551+02:00 DEBUG 17336 --- [OC_P6] [           main] org.hibernate.type.BasicTypeRegistry     : Adding type registration java.util.UUID -> org.hibernate.type.BasicTypeReference@102e8217
2025-05-11T06:48:00.551+02:00 DEBUG 17336 --- [OC_P6] [           main] org.hibernate.type.BasicTypeRegistry     : Adding type registration pg-uuid -> org.hibernate.type.BasicTypeReference@102e8217
2025-05-11T06:48:00.551+02:00 DEBUG 17336 --- [OC_P6] [           main] org.hibernate.type.BasicTypeRegistry     : Adding type registration uuid-binary -> org.hibernate.type.BasicTypeReference@3a6f77a4
2025-05-11T06:48:00.551+02:00 DEBUG 17336 --- [OC_P6] [           main] org.hibernate.type.BasicTypeRegistry     : Adding type registration uuid-char -> org.hibernate.type.BasicTypeReference@7876ba81
2025-05-11T06:48:00.552+02:00 DEBUG 17336 --- [OC_P6] [           main] org.hibernate.type.BasicTypeRegistry     : Adding type registration class -> org.hibernate.type.BasicTypeReference@49c83038
2025-05-11T06:48:00.552+02:00 DEBUG 17336 --- [OC_P6] [           main] org.hibernate.type.BasicTypeRegistry     : Adding type registration java.lang.Class -> org.hibernate.type.BasicTypeReference@49c83038
2025-05-11T06:48:00.552+02:00 DEBUG 17336 --- [OC_P6] [           main] org.hibernate.type.BasicTypeRegistry     : Adding type registration currency -> org.hibernate.type.BasicTypeReference@2d923d2c
2025-05-11T06:48:00.552+02:00 DEBUG 17336 --- [OC_P6] [           main] org.hibernate.type.BasicTypeRegistry     : Adding type registration Currency -> org.hibernate.type.BasicTypeReference@2d923d2c
2025-05-11T06:48:00.553+02:00 DEBUG 17336 --- [OC_P6] [           main] org.hibernate.type.BasicTypeRegistry     : Adding type registration java.util.Currency -> org.hibernate.type.BasicTypeReference@2d923d2c
2025-05-11T06:48:00.553+02:00 DEBUG 17336 --- [OC_P6] [           main] org.hibernate.type.BasicTypeRegistry     : Adding type registration locale -> org.hibernate.type.BasicTypeReference@6c81bd6d
2025-05-11T06:48:00.553+02:00 DEBUG 17336 --- [OC_P6] [           main] org.hibernate.type.BasicTypeRegistry     : Adding type registration java.util.Locale -> org.hibernate.type.BasicTypeReference@6c81bd6d
2025-05-11T06:48:00.553+02:00 DEBUG 17336 --- [OC_P6] [           main] org.hibernate.type.BasicTypeRegistry     : Adding type registration serializable -> org.hibernate.type.BasicTypeReference@21eeb0ce
2025-05-11T06:48:00.553+02:00 DEBUG 17336 --- [OC_P6] [           main] org.hibernate.type.BasicTypeRegistry     : Adding type registration java.io.Serializable -> org.hibernate.type.BasicTypeReference@21eeb0ce
2025-05-11T06:48:00.554+02:00 DEBUG 17336 --- [OC_P6] [           main] org.hibernate.type.BasicTypeRegistry     : Adding type registration timezone -> org.hibernate.type.BasicTypeReference@29af0d3b
2025-05-11T06:48:00.554+02:00 DEBUG 17336 --- [OC_P6] [           main] org.hibernate.type.BasicTypeRegistry     : Adding type registration java.util.TimeZone -> org.hibernate.type.BasicTypeReference@29af0d3b
2025-05-11T06:48:00.554+02:00 DEBUG 17336 --- [OC_P6] [           main] org.hibernate.type.BasicTypeRegistry     : Adding type registration ZoneOffset -> org.hibernate.type.BasicTypeReference@15682e7f
2025-05-11T06:48:00.554+02:00 DEBUG 17336 --- [OC_P6] [           main] org.hibernate.type.BasicTypeRegistry     : Adding type registration java.time.ZoneOffset -> org.hibernate.type.BasicTypeReference@15682e7f
2025-05-11T06:48:00.554+02:00 DEBUG 17336 --- [OC_P6] [           main] org.hibernate.type.BasicTypeRegistry     : Adding type registration url -> org.hibernate.type.BasicTypeReference@74e3836a
2025-05-11T06:48:00.555+02:00 DEBUG 17336 --- [OC_P6] [           main] org.hibernate.type.BasicTypeRegistry     : Adding type registration java.net.URL -> org.hibernate.type.BasicTypeReference@74e3836a
2025-05-11T06:48:00.556+02:00 DEBUG 17336 --- [OC_P6] [           main] org.hibernate.type.BasicTypeRegistry     : Adding type registration vector -> org.hibernate.type.BasicTypeReference@20df25f8
2025-05-11T06:48:00.557+02:00 DEBUG 17336 --- [OC_P6] [           main] org.hibernate.type.BasicTypeRegistry     : Adding type registration float_vector -> org.hibernate.type.BasicTypeReference@7148320d
2025-05-11T06:48:00.558+02:00 DEBUG 17336 --- [OC_P6] [           main] org.hibernate.type.BasicTypeRegistry     : Adding type registration double_vector -> org.hibernate.type.BasicTypeReference@2587f18d
2025-05-11T06:48:00.558+02:00 DEBUG 17336 --- [OC_P6] [           main] org.hibernate.type.BasicTypeRegistry     : Adding type registration byte_vector -> org.hibernate.type.BasicTypeReference@4d17ce84
2025-05-11T06:48:00.558+02:00 DEBUG 17336 --- [OC_P6] [           main] org.hibernate.type.BasicTypeRegistry     : Adding type registration row_version -> org.hibernate.type.BasicTypeReference@143ec23b
2025-05-11T06:48:00.558+02:00 DEBUG 17336 --- [OC_P6] [           main] org.hibernate.type.BasicTypeRegistry     : Adding type registration object -> org.hibernate.type.JavaObjectType@1ca73158
2025-05-11T06:48:00.559+02:00 DEBUG 17336 --- [OC_P6] [           main] org.hibernate.type.BasicTypeRegistry     : Adding type registration java.lang.Object -> org.hibernate.type.JavaObjectType@1ca73158
2025-05-11T06:48:00.559+02:00 DEBUG 17336 --- [OC_P6] [           main] org.hibernate.type.BasicTypeRegistry     : Adding type registration null -> org.hibernate.type.NullType@7271ee48
2025-05-11T06:48:00.559+02:00 DEBUG 17336 --- [OC_P6] [           main] org.hibernate.type.BasicTypeRegistry     : Adding type registration imm_date -> org.hibernate.type.BasicTypeReference@3235f17c
2025-05-11T06:48:00.559+02:00 DEBUG 17336 --- [OC_P6] [           main] org.hibernate.type.BasicTypeRegistry     : Adding type registration imm_time -> org.hibernate.type.BasicTypeReference@5a8ca14f
2025-05-11T06:48:00.560+02:00 DEBUG 17336 --- [OC_P6] [           main] org.hibernate.type.BasicTypeRegistry     : Adding type registration imm_timestamp -> org.hibernate.type.BasicTypeReference@429f0cd1
2025-05-11T06:48:00.560+02:00 DEBUG 17336 --- [OC_P6] [           main] org.hibernate.type.BasicTypeRegistry     : Adding type registration imm_calendar -> org.hibernate.type.BasicTypeReference@321e6634
2025-05-11T06:48:00.560+02:00 DEBUG 17336 --- [OC_P6] [           main] org.hibernate.type.BasicTypeRegistry     : Adding type registration imm_calendar_date -> org.hibernate.type.BasicTypeReference@2fbdcf1a
2025-05-11T06:48:00.560+02:00 DEBUG 17336 --- [OC_P6] [           main] org.hibernate.type.BasicTypeRegistry     : Adding type registration imm_calendar_time -> org.hibernate.type.BasicTypeReference@1084957b
2025-05-11T06:48:00.560+02:00 DEBUG 17336 --- [OC_P6] [           main] org.hibernate.type.BasicTypeRegistry     : Adding type registration imm_binary -> org.hibernate.type.BasicTypeReference@2a47fa3e
2025-05-11T06:48:00.561+02:00 DEBUG 17336 --- [OC_P6] [           main] org.hibernate.type.BasicTypeRegistry     : Adding type registration imm_serializable -> org.hibernate.type.BasicTypeReference@6ba90684
2025-05-11T06:48:00.709+02:00  INFO 17336 --- [OC_P6] [           main] o.s.o.j.p.SpringPersistenceUnitInfo      : No LoadTimeWeaver setup: ignoring JPA class transformer
2025-05-11T06:48:00.764+02:00  WARN 17336 --- [OC_P6] [           main] org.hibernate.orm.deprecation            : HHH90000025: MySQLDialect does not need to be specified explicitly using 'hibernate.dialect' (remove the property setting and it will be selected by default)
2025-05-11T06:48:00.765+02:00  INFO 17336 --- [OC_P6] [           main] org.hibernate.orm.connections.pooling    : HHH10001005: Database info:
	Database JDBC URL [Connecting through datasource 'HikariDataSource (HikariPool-2)']
	Database driver: undefined/unknown
	Database version: 8.0.41
	Autocommit mode: undefined/unknown
	Isolation level: undefined/unknown
	Minimum pool size: undefined/unknown
	Maximum pool size: undefined/unknown
2025-05-11T06:48:00.766+02:00 DEBUG 17336 --- [OC_P6] [           main] o.h.t.d.sql.spi.DdlTypeRegistry          : addDescriptor(12, org.hibernate.type.descriptor.sql.internal.CapacityDependentDdlType@2fc9b147) replaced previous registration(org.hibernate.type.descriptor.sql.internal.CapacityDependentDdlType@7579a576)
2025-05-11T06:48:00.767+02:00 DEBUG 17336 --- [OC_P6] [           main] o.h.t.d.sql.spi.DdlTypeRegistry          : addDescriptor(-9, org.hibernate.type.descriptor.sql.internal.CapacityDependentDdlType@45fcce3e) replaced previous registration(org.hibernate.type.descriptor.sql.internal.CapacityDependentDdlType@78e42c94)
2025-05-11T06:48:00.767+02:00 DEBUG 17336 --- [OC_P6] [           main] o.h.t.d.sql.spi.DdlTypeRegistry          : addDescriptor(-3, org.hibernate.type.descriptor.sql.internal.CapacityDependentDdlType@1ac5f946) replaced previous registration(org.hibernate.type.descriptor.sql.internal.CapacityDependentDdlType@222fad7d)
2025-05-11T06:48:00.767+02:00 DEBUG 17336 --- [OC_P6] [           main] o.h.t.d.sql.spi.DdlTypeRegistry          : addDescriptor(4003, org.hibernate.type.descriptor.sql.internal.DdlTypeImpl@1011a38) replaced previous registration(org.hibernate.type.descriptor.sql.internal.DdlTypeImpl@58580600)
2025-05-11T06:48:00.768+02:00 DEBUG 17336 --- [OC_P6] [           main] o.h.t.d.sql.spi.DdlTypeRegistry          : addDescriptor(4001, org.hibernate.type.descriptor.sql.internal.DdlTypeImpl@6de2cb84) replaced previous registration(org.hibernate.type.descriptor.sql.internal.DdlTypeImpl@32f9d700)
2025-05-11T06:48:00.770+02:00 DEBUG 17336 --- [OC_P6] [           main] o.h.t.d.sql.spi.DdlTypeRegistry          : addDescriptor(4002, org.hibernate.type.descriptor.sql.internal.DdlTypeImpl@3ba0cbbd) replaced previous registration(org.hibernate.type.descriptor.sql.internal.DdlTypeImpl@2350a2cf)
2025-05-11T06:48:00.771+02:00 DEBUG 17336 --- [OC_P6] [           main] o.h.t.d.sql.spi.DdlTypeRegistry          : addDescriptor(2004, org.hibernate.type.descriptor.sql.internal.CapacityDependentDdlType@5815e3ca) replaced previous registration(org.hibernate.type.descriptor.sql.internal.DdlTypeImpl@24287e1f)
2025-05-11T06:48:00.775+02:00 DEBUG 17336 --- [OC_P6] [           main] o.h.t.d.sql.spi.DdlTypeRegistry          : addDescriptor(2005, org.hibernate.type.descriptor.sql.internal.CapacityDependentDdlType@19e8a404) replaced previous registration(org.hibernate.type.descriptor.sql.internal.DdlTypeImpl@3f883b2c)
2025-05-11T06:48:00.776+02:00 DEBUG 17336 --- [OC_P6] [           main] o.h.t.d.sql.spi.DdlTypeRegistry          : addDescriptor(2011, org.hibernate.type.descriptor.sql.internal.CapacityDependentDdlType@487484a4) replaced previous registration(org.hibernate.type.descriptor.sql.internal.DdlTypeImpl@2fcbc333)
2025-05-11T06:48:00.776+02:00 DEBUG 17336 --- [OC_P6] [           main] o.h.t.d.jdbc.spi.JdbcTypeRegistry        : addDescriptor(NCharTypeDescriptor) replaced previous registration(CharTypeDescriptor)
2025-05-11T06:48:00.776+02:00 DEBUG 17336 --- [OC_P6] [           main] o.h.t.d.jdbc.spi.JdbcTypeRegistry        : addDescriptor(NVarcharTypeDescriptor) replaced previous registration(VarcharTypeDescriptor)
2025-05-11T06:48:00.777+02:00 DEBUG 17336 --- [OC_P6] [           main] o.h.t.d.jdbc.spi.JdbcTypeRegistry        : addDescriptor(LongNVarcharTypeDescriptor) replaced previous registration(LongVarcharTypeDescriptor)
2025-05-11T06:48:00.777+02:00 DEBUG 17336 --- [OC_P6] [           main] o.h.t.d.jdbc.spi.JdbcTypeRegistry        : addDescriptor(NClobTypeDescriptor(DEFAULT)) replaced previous registration(ClobTypeDescriptor(DEFAULT))
2025-05-11T06:48:00.777+02:00 DEBUG 17336 --- [OC_P6] [           main] org.hibernate.type.BasicTypeRegistry     : Adding type registration null -> org.hibernate.type.NullType@735f9a4a
2025-05-11T06:48:00.777+02:00 DEBUG 17336 --- [OC_P6] [           main] org.hibernate.type.BasicTypeRegistry     : Type registration key [null] overrode previous entry : `org.hibernate.type.NullType@7271ee48`
2025-05-11T06:48:00.778+02:00 DEBUG 17336 --- [OC_P6] [           main] org.hibernate.type.BasicTypeRegistry     : Adding type registration org.hibernate.type.DurationType -> basicType@21(java.time.Duration,3015)
2025-05-11T06:48:00.778+02:00 DEBUG 17336 --- [OC_P6] [           main] org.hibernate.type.BasicTypeRegistry     : Adding type registration Duration -> basicType@21(java.time.Duration,3015)
2025-05-11T06:48:00.778+02:00 DEBUG 17336 --- [OC_P6] [           main] org.hibernate.type.BasicTypeRegistry     : Adding type registration java.time.Duration -> basicType@21(java.time.Duration,3015)
2025-05-11T06:48:00.779+02:00 DEBUG 17336 --- [OC_P6] [           main] org.hibernate.type.BasicTypeRegistry     : Adding type registration org.hibernate.type.OffsetDateTimeType -> basicType@22(java.time.OffsetDateTime,3003)
2025-05-11T06:48:00.779+02:00 DEBUG 17336 --- [OC_P6] [           main] org.hibernate.type.BasicTypeRegistry     : Adding type registration OffsetDateTime -> basicType@22(java.time.OffsetDateTime,3003)
2025-05-11T06:48:00.779+02:00 DEBUG 17336 --- [OC_P6] [           main] org.hibernate.type.BasicTypeRegistry     : Adding type registration java.time.OffsetDateTime -> basicType@22(java.time.OffsetDateTime,3003)
2025-05-11T06:48:00.779+02:00 DEBUG 17336 --- [OC_P6] [           main] org.hibernate.type.BasicTypeRegistry     : Adding type registration org.hibernate.type.ZonedDateTimeType -> basicType@23(java.time.ZonedDateTime,3003)
2025-05-11T06:48:00.780+02:00 DEBUG 17336 --- [OC_P6] [           main] org.hibernate.type.BasicTypeRegistry     : Adding type registration ZonedDateTime -> basicType@23(java.time.ZonedDateTime,3003)
2025-05-11T06:48:00.780+02:00 DEBUG 17336 --- [OC_P6] [           main] org.hibernate.type.BasicTypeRegistry     : Adding type registration java.time.ZonedDateTime -> basicType@23(java.time.ZonedDateTime,3003)
2025-05-11T06:48:00.780+02:00 DEBUG 17336 --- [OC_P6] [           main] org.hibernate.type.BasicTypeRegistry     : Adding type registration org.hibernate.type.OffsetTimeType -> basicType@24(java.time.OffsetTime,3007)
2025-05-11T06:48:00.780+02:00 DEBUG 17336 --- [OC_P6] [           main] org.hibernate.type.BasicTypeRegistry     : Adding type registration OffsetTime -> basicType@24(java.time.OffsetTime,3007)
2025-05-11T06:48:00.781+02:00 DEBUG 17336 --- [OC_P6] [           main] org.hibernate.type.BasicTypeRegistry     : Adding type registration java.time.OffsetTime -> basicType@24(java.time.OffsetTime,3007)
2025-05-11T06:48:00.781+02:00 DEBUG 17336 --- [OC_P6] [           main] o.h.type.spi.TypeConfiguration$Scope     : Scoping TypeConfiguration [org.hibernate.type.spi.TypeConfiguration@d708e56] to MetadataBuildingContext [org.hibernate.boot.internal.MetadataBuildingContextRootImpl@614d6af8]
2025-05-11T06:48:01.311+02:00  INFO 17336 --- [OC_P6] [           main] o.h.e.t.j.p.i.JtaPlatformInitiator       : HHH000489: No JTA platform available (set 'hibernate.transaction.jta.platform' to enable JTA platform integration)
2025-05-11T06:48:01.312+02:00 DEBUG 17336 --- [OC_P6] [           main] o.h.type.spi.TypeConfiguration$Scope     : Scoping TypeConfiguration [org.hibernate.type.spi.TypeConfiguration@d708e56] to SessionFactoryImplementor [org.hibernate.internal.SessionFactoryImpl@11b96f5e]
2025-05-11T06:48:01.384+02:00 TRACE 17336 --- [OC_P6] [           main] o.h.type.spi.TypeConfiguration$Scope     : Handling #sessionFactoryCreated from [org.hibernate.internal.SessionFactoryImpl@11b96f5e] for TypeConfiguration
2025-05-11T06:48:01.384+02:00  INFO 17336 --- [OC_P6] [           main] j.LocalContainerEntityManagerFactoryBean : Initialized JPA EntityManagerFactory for persistence unit 'default'
2025-05-11T06:48:01.410+02:00 DEBUG 17336 --- [OC_P6] [           main] o.s.b.f.s.DefaultListableBeanFactory     : Creating shared instance of singleton bean 'ocP6Application'
2025-05-11T06:48:01.414+02:00 DEBUG 17336 --- [OC_P6] [           main] o.s.b.f.s.DefaultListableBeanFactory     : Creating shared instance of singleton bean 'customUserDetailsService'
2025-05-11T06:48:01.415+02:00 DEBUG 17336 --- [OC_P6] [           main] o.s.b.f.s.DefaultListableBeanFactory     : Creating shared instance of singleton bean 'userRepository'
2025-05-11T06:48:01.461+02:00 DEBUG 17336 --- [OC_P6] [           main] o.s.b.f.s.DefaultListableBeanFactory     : Creating shared instance of singleton bean 'jpa.named-queries#2'
2025-05-11T06:48:01.480+02:00 DEBUG 17336 --- [OC_P6] [           main] o.s.b.f.s.DefaultListableBeanFactory     : Creating shared instance of singleton bean 'jpa.UserRepository.fragments#0'
2025-05-11T06:48:01.566+02:00 DEBUG 17336 --- [OC_P6] [           main] o.s.b.f.s.DefaultListableBeanFactory     : Creating shared instance of singleton bean 'jpaSharedEM_entityManagerFactory'
2025-05-11T06:48:01.846+02:00 DEBUG 17336 --- [OC_P6] [           main] o.s.b.f.s.DefaultListableBeanFactory     : Creating shared instance of singleton bean 'jpaMappingContext'
2025-05-11T06:48:01.852+02:00 DEBUG 17336 --- [OC_P6] [           main] .c.JpaMetamodelMappingContextFactoryBean : Initializing JpaMetamodelMappingContext…
2025-05-11T06:48:01.868+02:00 DEBUG 17336 --- [OC_P6] [           main] .c.JpaMetamodelMappingContextFactoryBean : Finished initializing JpaMetamodelMappingContext
2025-05-11T06:48:01.948+02:00 DEBUG 17336 --- [OC_P6] [           main] tor$SharedEntityManagerInvocationHandler : Creating new EntityManager for shared EntityManager invocation
2025-05-11T06:48:01.960+02:00 DEBUG 17336 --- [OC_P6] [           main] o.s.b.f.s.DefaultListableBeanFactory     : Creating shared instance of singleton bean 'metricsRepositoryMethodInvocationListener'
2025-05-11T06:48:01.961+02:00 DEBUG 17336 --- [OC_P6] [           main] o.s.b.f.s.DefaultListableBeanFactory     : Creating shared instance of singleton bean 'org.springframework.boot.actuate.autoconfigure.metrics.data.RepositoryMetricsAutoConfiguration'
2025-05-11T06:48:01.994+02:00 DEBUG 17336 --- [OC_P6] [           main] o.s.b.f.s.DefaultListableBeanFactory     : Creating shared instance of singleton bean 'management.metrics-org.springframework.boot.actuate.autoconfigure.metrics.MetricsProperties'
2025-05-11T06:48:02.009+02:00 DEBUG 17336 --- [OC_P6] [           main] o.s.b.f.s.DefaultListableBeanFactory     : Autowiring by type from bean name 'org.springframework.boot.actuate.autoconfigure.metrics.data.RepositoryMetricsAutoConfiguration' via constructor to bean named 'management.metrics-org.springframework.boot.actuate.autoconfigure.metrics.MetricsProperties'
2025-05-11T06:48:02.035+02:00 DEBUG 17336 --- [OC_P6] [           main] o.s.b.f.s.DefaultListableBeanFactory     : Creating shared instance of singleton bean 'repositoryTagsProvider'
2025-05-11T06:48:02.067+02:00 DEBUG 17336 --- [OC_P6] [           main] o.s.b.f.s.DefaultListableBeanFactory     : Autowiring by type from bean name 'metricsRepositoryMethodInvocationListener' via factory method to bean named 'repositoryTagsProvider'
2025-05-11T06:48:02.184+02:00 DEBUG 17336 --- [OC_P6] [           main] o.s.d.r.c.s.RepositoryFactorySupport     : Initializing repository instance for com.pay_my_buddy.OC_P6.repository.UserRepository…
2025-05-11T06:48:02.191+02:00 DEBUG 17336 --- [OC_P6] [           main] tor$SharedEntityManagerInvocationHandler : Creating new EntityManager for shared EntityManager invocation
2025-05-11T06:48:02.231+02:00 DEBUG 17336 --- [OC_P6] [           main] o.s.d.jpa.repository.query.NamedQuery    : Looking up named query 'User.findByEmail'
2025-05-11T06:48:02.232+02:00 DEBUG 17336 --- [OC_P6] [           main] o.s.d.jpa.repository.query.NamedQuery    : Did not find named query User.findByEmail
2025-05-11T06:48:02.234+02:00 DEBUG 17336 --- [OC_P6] [           main] tor$SharedEntityManagerInvocationHandler : Creating new EntityManager for shared EntityManager invocation
2025-05-11T06:48:02.248+02:00 DEBUG 17336 --- [OC_P6] [           main] o.s.d.jpa.repository.query.NamedQuery    : Looking up named query 'User.findByEmailAndPassword'
2025-05-11T06:48:02.249+02:00 DEBUG 17336 --- [OC_P6] [           main] o.s.d.jpa.repository.query.NamedQuery    : Did not find named query User.findByEmailAndPassword
2025-05-11T06:48:02.249+02:00 DEBUG 17336 --- [OC_P6] [           main] tor$SharedEntityManagerInvocationHandler : Creating new EntityManager for shared EntityManager invocation
2025-05-11T06:48:02.254+02:00 DEBUG 17336 --- [OC_P6] [           main] o.s.d.r.c.s.RepositoryFactorySupport     : Finished creation of repository instance for com.pay_my_buddy.OC_P6.repository.UserRepository.
2025-05-11T06:48:02.386+02:00 DEBUG 17336 --- [OC_P6] [           main] o.s.b.f.s.DefaultListableBeanFactory     : Autowiring by type from bean name 'customUserDetailsService' via constructor to bean named 'userRepository'
2025-05-11T06:48:02.402+02:00 DEBUG 17336 --- [OC_P6] [           main] o.s.b.f.s.DefaultListableBeanFactory     : Creating shared instance of singleton bean 'securityConfig'
2025-05-11T06:48:02.403+02:00 DEBUG 17336 --- [OC_P6] [           main] o.s.b.f.s.DefaultListableBeanFactory     : Autowiring by type from bean name 'securityConfig' via constructor to bean named 'customUserDetailsService'
2025-05-11T06:48:02.426+02:00 DEBUG 17336 --- [OC_P6] [           main] o.s.b.f.s.DefaultListableBeanFactory     : Creating shared instance of singleton bean 'loginController'
2025-05-11T06:48:02.436+02:00 DEBUG 17336 --- [OC_P6] [           main] o.s.b.f.s.DefaultListableBeanFactory     : Creating shared instance of singleton bean 'profilController'
2025-05-11T06:48:02.437+02:00 DEBUG 17336 --- [OC_P6] [           main] o.s.b.f.s.DefaultListableBeanFactory     : Creating shared instance of singleton bean 'userService'
2025-05-11T06:48:02.443+02:00 DEBUG 17336 --- [OC_P6] [           main] o.s.b.f.s.DefaultListableBeanFactory     : Creating shared instance of singleton bean 'passwordEncoder'
2025-05-11T06:48:02.450+02:00 DEBUG 17336 --- [OC_P6] [           main] o.s.b.f.s.DefaultListableBeanFactory     : Autowiring by type from bean name 'userService' via constructor to bean named 'userRepository'
2025-05-11T06:48:02.451+02:00 DEBUG 17336 --- [OC_P6] [           main] o.s.b.f.s.DefaultListableBeanFactory     : Autowiring by type from bean name 'userService' via constructor to bean named 'passwordEncoder'
2025-05-11T06:48:02.480+02:00 DEBUG 17336 --- [OC_P6] [           main] o.s.b.f.s.DefaultListableBeanFactory     : Creating shared instance of singleton bean 'userMapperImpl'
2025-05-11T06:48:02.496+02:00 DEBUG 17336 --- [OC_P6] [           main] o.s.b.f.s.DefaultListableBeanFactory     : Autowiring by type from bean name 'profilController' via constructor to bean named 'userService'
2025-05-11T06:48:02.496+02:00 DEBUG 17336 --- [OC_P6] [           main] o.s.b.f.s.DefaultListableBeanFactory     : Autowiring by type from bean name 'profilController' via constructor to bean named 'userMapperImpl'
2025-05-11T06:48:02.503+02:00 DEBUG 17336 --- [OC_P6] [           main] o.s.b.f.s.DefaultListableBeanFactory     : Creating shared instance of singleton bean 'registerController'
2025-05-11T06:48:02.504+02:00 DEBUG 17336 --- [OC_P6] [           main] o.s.b.f.s.DefaultListableBeanFactory     : Autowiring by type from bean name 'registerController' via constructor to bean named 'userRepository'
2025-05-11T06:48:02.504+02:00 DEBUG 17336 --- [OC_P6] [           main] o.s.b.f.s.DefaultListableBeanFactory     : Autowiring by type from bean name 'registerController' via constructor to bean named 'passwordEncoder'
2025-05-11T06:48:02.516+02:00 DEBUG 17336 --- [OC_P6] [           main] o.s.b.f.s.DefaultListableBeanFactory     : Creating shared instance of singleton bean 'transactionController'
2025-05-11T06:48:02.517+02:00 DEBUG 17336 --- [OC_P6] [           main] o.s.b.f.s.DefaultListableBeanFactory     : Creating shared instance of singleton bean 'transactionService'
2025-05-11T06:48:02.518+02:00 DEBUG 17336 --- [OC_P6] [           main] o.s.b.f.s.DefaultListableBeanFactory     : Creating shared instance of singleton bean 'transactionRepository'
2025-05-11T06:48:02.534+02:00 DEBUG 17336 --- [OC_P6] [           main] o.s.b.f.s.DefaultListableBeanFactory     : Creating shared instance of singleton bean 'jpa.named-queries#0'
2025-05-11T06:48:02.549+02:00 DEBUG 17336 --- [OC_P6] [           main] o.s.b.f.s.DefaultListableBeanFactory     : Creating shared instance of singleton bean 'jpa.TransactionRepository.fragments#0'
2025-05-11T06:48:02.569+02:00 DEBUG 17336 --- [OC_P6] [           main] tor$SharedEntityManagerInvocationHandler : Creating new EntityManager for shared EntityManager invocation
2025-05-11T06:48:02.577+02:00 DEBUG 17336 --- [OC_P6] [           main] o.s.d.r.c.s.RepositoryFactorySupport     : Initializing repository instance for com.pay_my_buddy.OC_P6.repository.TransactionRepository…
2025-05-11T06:48:02.579+02:00 DEBUG 17336 --- [OC_P6] [           main] tor$SharedEntityManagerInvocationHandler : Creating new EntityManager for shared EntityManager invocation
2025-05-11T06:48:02.596+02:00 DEBUG 17336 --- [OC_P6] [           main] o.s.d.jpa.repository.query.NamedQuery    : Looking up named query 'Transaction.findByReceiverId'
2025-05-11T06:48:02.597+02:00 DEBUG 17336 --- [OC_P6] [           main] o.s.d.jpa.repository.query.NamedQuery    : Did not find named query Transaction.findByReceiverId
2025-05-11T06:48:02.598+02:00 DEBUG 17336 --- [OC_P6] [           main] tor$SharedEntityManagerInvocationHandler : Creating new EntityManager for shared EntityManager invocation
[...]

   TaskExecutorConfigurations.SimpleAsyncTaskExecutorBuilderConfiguration#simpleAsyncTaskExecutorBuilderVirtualThreads:
      Did not match:
         - @ConditionalOnMissingBean (types: org.springframework.boot.task.SimpleAsyncTaskExecutorBuilder; SearchStrategy: all) found beans of type 'org.springframework.boot.task.SimpleAsyncTaskExecutorBuilder' simpleAsyncTaskExecutorBuilder (OnBeanCondition)

   TaskExecutorConfigurations.TaskExecutorConfiguration#applicationTaskExecutorVirtualThreads:
      Did not match:
         - @ConditionalOnThreading did not find VIRTUAL (OnThreadingCondition)

   TaskSchedulingAutoConfiguration#scheduledBeanLazyInitializationExcludeFilter:
      Did not match:
         - @ConditionalOnBean (names: org.springframework.context.annotation.internalScheduledAnnotationProcessor; SearchStrategy: all) did not find any beans named org.springframework.context.annotation.internalScheduledAnnotationProcessor (OnBeanCondition)

   TaskSchedulingConfigurations.SimpleAsyncTaskSchedulerBuilderConfiguration#simpleAsyncTaskSchedulerBuilderVirtualThreads:
      Did not match:
         - @ConditionalOnMissingBean (types: org.springframework.boot.task.SimpleAsyncTaskSchedulerBuilder; SearchStrategy: all) found beans of type 'org.springframework.boot.task.SimpleAsyncTaskSchedulerBuilder' simpleAsyncTaskSchedulerBuilder (OnBeanCondition)

   TaskSchedulingConfigurations.TaskSchedulerConfiguration:
      Did not match:
         - @ConditionalOnBean (names: org.springframework.context.annotation.internalScheduledAnnotationProcessor; SearchStrategy: all) did not find any beans named org.springframework.context.annotation.internalScheduledAnnotationProcessor (OnBeanCondition)

   TemplateEngineConfigurations.ReactiveTemplateEngineConfiguration:
      Did not match:
         - did not find reactive web application classes (OnWebApplicationCondition)

   ThreadDumpEndpointAutoConfiguration:
      Did not match:
         - @ConditionalOnAvailableEndpoint not exposed (OnAvailableEndpointCondition)

   ThymeleafAutoConfiguration.DataAttributeDialectConfiguration:
      Did not match:
         - @ConditionalOnClass did not find required class 'com.github.mxab.thymeleaf.extras.dataattribute.dialect.DataAttributeDialect' (OnClassCondition)

   ThymeleafAutoConfiguration.ThymeleafSecurityDialectConfiguration:
      Did not match:
         - @ConditionalOnClass did not find required class 'org.thymeleaf.extras.springsecurity6.dialect.SpringSecurityDialect' (OnClassCondition)

   ThymeleafAutoConfiguration.ThymeleafWebFluxConfiguration:
      Did not match:
         - did not find reactive web application classes (OnWebApplicationCondition)

   ThymeleafAutoConfiguration.ThymeleafWebLayoutConfiguration:
      Did not match:
         - @ConditionalOnClass did not find required class 'nz.net.ultraq.thymeleaf.layoutdialect.LayoutDialect' (OnClassCondition)

   ThymeleafAutoConfiguration.ThymeleafWebMvcConfiguration#resourceUrlEncodingFilter:
      Did not match:
         - @ConditionalOnEnabledResourceChain did not find class org.webjars.WebJarVersionLocator (OnEnabledResourceChainCondition)

   TransactionAutoConfiguration#transactionalOperator:
      Did not match:
         - @ConditionalOnSingleCandidate (types: org.springframework.transaction.ReactiveTransactionManager; SearchStrategy: all) did not find any beans (OnBeanCondition)

   TransactionAutoConfiguration.AspectJTransactionManagementConfiguration:
      Did not match:
         - @ConditionalOnBean (types: org.springframework.transaction.aspectj.AbstractTransactionAspect; SearchStrategy: all) did not find any beans of type org.springframework.transaction.aspectj.AbstractTransactionAspect (OnBeanCondition)

   TransactionAutoConfiguration.EnableTransactionManagementConfiguration.JdkDynamicAutoProxyConfiguration:
      Did not match:
         - @ConditionalOnProperty (spring.aop.proxy-target-class=false) did not find property 'proxy-target-class' (OnPropertyCondition)

   UserDetailsServiceAutoConfiguration:
      Did not match:
         - @ConditionalOnMissingBean (types: org.springframework.security.authentication.AuthenticationManager,org.springframework.security.authentication.AuthenticationProvider,org.springframework.security.core.userdetails.UserDetailsService,org.springframework.security.authentication.AuthenticationManagerResolver,org.springframework.security.oauth2.jwt.JwtDecoder; SearchStrategy: all) found beans of type 'org.springframework.security.authentication.AuthenticationManager' authenticationManager and found beans of type 'org.springframework.security.core.userdetails.UserDetailsService' customUserDetailsService (OnBeanCondition)
      Matched:
         - @ConditionalOnClass found required class 'org.springframework.security.authentication.AuthenticationManager' (OnClassCondition)
         - found 'session' scope (OnWebApplicationCondition)
         - AnyNestedCondition 1 matched 2 did not; NestedCondition on UserDetailsServiceAutoConfiguration.MissingAlternativeOrUserPropertiesConfigured.PasswordConfigured @ConditionalOnProperty (spring.security.user.password) did not find property 'password'; NestedCondition on UserDetailsServiceAutoConfiguration.MissingAlternativeOrUserPropertiesConfigured.NameConfigured @ConditionalOnProperty (spring.security.user.name) did not find property 'name'; NestedCondition on UserDetailsServiceAutoConfiguration.MissingAlternativeOrUserPropertiesConfigured.MissingAlternative @ConditionalOnMissingClass did not find unwanted classes 'org.springframework.security.oauth2.client.registration.ClientRegistrationRepository', 'org.springframework.security.oauth2.server.resource.introspection.OpaqueTokenIntrospector', 'org.springframework.security.saml2.provider.service.registration.RelyingPartyRegistrationRepository' (UserDetailsServiceAutoConfiguration.MissingAlternativeOrUserPropertiesConfigured)

   WavefrontAutoConfiguration:
      Did not match:
         - @ConditionalOnClass did not find required class 'com.wavefront.sdk.common.application.ApplicationTags' (OnClassCondition)

   WavefrontMetricsExportAutoConfiguration:
      Did not match:
         - @ConditionalOnClass did not find required class 'com.wavefront.sdk.common.WavefrontSender' (OnClassCondition)

   WavefrontTracingAutoConfiguration:
      Did not match:
         - @ConditionalOnClass did not find required class 'com.wavefront.sdk.common.WavefrontSender' (OnClassCondition)

   WebClientAutoConfiguration:
      Did not match:
         - @ConditionalOnClass did not find required class 'org.springframework.web.reactive.function.client.WebClient' (OnClassCondition)

   WebClientObservationConfiguration:
      Did not match:
         - @ConditionalOnClass did not find required class 'org.springframework.web.reactive.function.client.WebClient' (OnClassCondition)

   WebFluxAutoConfiguration:
      Did not match:
         - @ConditionalOnClass did not find required class 'org.springframework.web.reactive.config.WebFluxConfigurer' (OnClassCondition)

   WebFluxEndpointManagementContextConfiguration:
      Did not match:
         - @ConditionalOnClass did not find required class 'org.springframework.web.reactive.DispatcherHandler' (OnClassCondition)

   WebFluxObservationAutoConfiguration:
      Did not match:
         - @ConditionalOnWebApplication did not find reactive web application classes (OnWebApplicationCondition)

   WebMvcAutoConfiguration#hiddenHttpMethodFilter:
      Did not match:
         - @ConditionalOnProperty (spring.mvc.hiddenmethod.filter.enabled) did not find property 'enabled' (OnPropertyCondition)

   WebMvcAutoConfiguration.ProblemDetailsErrorHandlingConfiguration:
      Did not match:
         - @ConditionalOnProperty (spring.mvc.problemdetails.enabled=true) did not find property 'enabled' (OnPropertyCondition)

   WebMvcAutoConfiguration.ResourceChainCustomizerConfiguration:
      Did not match:
         - @ConditionalOnEnabledResourceChain did not find class org.webjars.WebJarVersionLocator (OnEnabledResourceChainCondition)

   WebMvcAutoConfiguration.WebMvcAutoConfigurationAdapter#beanNameViewResolver:
      Did not match:
         - @ConditionalOnMissingBean (types: org.springframework.web.servlet.view.BeanNameViewResolver; SearchStrategy: all) found beans of type 'org.springframework.web.servlet.view.BeanNameViewResolver' beanNameViewResolver (OnBeanCondition)

   WebMvcEndpointManagementContextConfiguration#managementHealthEndpointWebMvcHandlerMapping:
      Did not match:
         - Management Port actual port type (SAME) did not match required type (DIFFERENT) (OnManagementPortCondition)

   WebServiceTemplateAutoConfiguration:
      Did not match:
         - @ConditionalOnClass did not find required class 'org.springframework.oxm.Marshaller' (OnClassCondition)

   WebServicesAutoConfiguration:
      Did not match:
         - @ConditionalOnClass did not find required class 'org.springframework.ws.transport.http.MessageDispatcherServlet' (OnClassCondition)

   WebSessionIdResolverAutoConfiguration:
      Did not match:
         - @ConditionalOnClass did not find required class 'reactor.core.publisher.Mono' (OnClassCondition)

   WebSocketMessagingAutoConfiguration:
      Did not match:
         - @ConditionalOnClass did not find required class 'org.springframework.web.socket.config.annotation.WebSocketMessageBrokerConfigurer' (OnClassCondition)

   WebSocketReactiveAutoConfiguration:
      Did not match:
         - @ConditionalOnWebApplication did not find reactive web application classes (OnWebApplicationCondition)

   WebSocketServletAutoConfiguration.JettyWebSocketConfiguration:
      Did not match:
         - @ConditionalOnClass did not find required class 'org.eclipse.jetty.ee10.websocket.jakarta.server.config.JakartaWebSocketServletContainerInitializer' (OnClassCondition)

   WebSocketServletAutoConfiguration.UndertowWebSocketConfiguration:
      Did not match:
         - @ConditionalOnClass did not find required class 'io.undertow.websockets.jsr.Bootstrap' (OnClassCondition)

   WebTestClientAutoConfiguration:
      Did not match:
         - @ConditionalOnClass did not find required class 'org.springframework.web.reactive.function.client.WebClient' (OnClassCondition)

   XADataSourceAutoConfiguration:
      Did not match:
         - @ConditionalOnBean (types: org.springframework.boot.jdbc.XADataSourceWrapper; SearchStrategy: all) did not find any beans of type org.springframework.boot.jdbc.XADataSourceWrapper (OnBeanCondition)
      Matched:
         - @ConditionalOnClass found required classes 'javax.sql.DataSource', 'jakarta.transaction.TransactionManager', 'org.springframework.jdbc.datasource.embedded.EmbeddedDatabaseType' (OnClassCondition)

   ZipkinAutoConfiguration:
      Did not match:
         - @ConditionalOnClass did not find required class 'zipkin2.reporter.Encoding' (OnClassCondition)


Exclusions:
-----------

    None


Unconditional classes:
----------------------

    org.springframework.boot.autoconfigure.context.ConfigurationPropertiesAutoConfiguration

    org.springframework.boot.actuate.autoconfigure.availability.AvailabilityHealthContributorAutoConfiguration

    org.springframework.boot.autoconfigure.ssl.SslAutoConfiguration

    org.springframework.boot.actuate.autoconfigure.info.InfoContributorAutoConfiguration

    org.springframework.boot.autoconfigure.context.PropertyPlaceholderAutoConfiguration

    org.springframework.boot.autoconfigure.context.LifecycleAutoConfiguration

    org.springframework.boot.actuate.autoconfigure.metrics.integration.IntegrationMetricsAutoConfiguration

    org.springframework.boot.actuate.autoconfigure.endpoint.EndpointAutoConfiguration

    org.springframework.boot.actuate.autoconfigure.web.server.ManagementContextAutoConfiguration

    org.springframework.boot.actuate.autoconfigure.health.HealthContributorAutoConfiguration

    org.springframework.boot.actuate.autoconfigure.endpoint.jackson.JacksonEndpointAutoConfiguration

    org.springframework.boot.autoconfigure.availability.ApplicationAvailabilityAutoConfiguration

    org.springframework.boot.autoconfigure.info.ProjectInfoAutoConfiguration



2025-05-11T06:48:12.477+02:00  INFO 17336 --- [OC_P6] [           main] c.p.O.u.controller.LoginControllerTest   : Started LoginControllerTest in 15.926 seconds (process running for 78.012)
2025-05-11T06:48:12.479+02:00 DEBUG 17336 --- [OC_P6] [           main] o.s.b.a.ApplicationAvailabilityBean      : Application availability state LivenessState changed to CORRECT
2025-05-11T06:48:12.485+02:00 DEBUG 17336 --- [OC_P6] [           main] o.s.b.a.ApplicationAvailabilityBean      : Application availability state ReadinessState changed to ACCEPTING_TRAFFIC
2025-05-11T06:48:12.486+02:00 DEBUG 17336 --- [OC_P6] [           main] org.springframework.test.context.cache   : Spring test ApplicationContext cache statistics: [DefaultContextCache@666d47be size = 2, maxSize = 32, parentContextCount = 0, hitCount = 31, missCount = 2, failureCount = 0]
2025-05-11T06:48:12.486+02:00 DEBUG 17336 --- [OC_P6] [           main] o.s.t.c.w.ServletTestExecutionListener   : Setting up MockHttpServletRequest, MockHttpServletResponse, ServletWebRequest, and RequestContextHolder for test class com.pay_my_buddy.OC_P6.unitaire.controller.LoginControllerTest
2025-05-11T06:48:12.488+02:00 DEBUG 17336 --- [OC_P6] [           main] DependencyInjectionTestExecutionListener : Performing dependency injection for test class com.pay_my_buddy.OC_P6.unitaire.controller.LoginControllerTest
2025-05-11T06:48:12.489+02:00 DEBUG 17336 --- [OC_P6] [           main] org.springframework.test.context.cache   : Spring test ApplicationContext cache statistics: [DefaultContextCache@666d47be size = 2, maxSize = 32, parentContextCount = 0, hitCount = 32, missCount = 2, failureCount = 0]
2025-05-11T06:48:12.493+02:00 DEBUG 17336 --- [OC_P6] [           main] org.springframework.test.context.cache   : Spring test ApplicationContext cache statistics: [DefaultContextCache@666d47be size = 2, maxSize = 32, parentContextCount = 0, hitCount = 33, missCount = 2, failureCount = 0]
2025-05-11T06:48:12.496+02:00 DEBUG 17336 --- [OC_P6] [           main] sContextBeforeModesTestExecutionListener : Before test method: class [LoginControllerTest], method [testLoginPage], class annotated with @DirtiesContext [false] with mode [null], method annotated with @DirtiesContext [false] with mode [null]
2025-05-11T06:48:12.499+02:00 DEBUG 17336 --- [OC_P6] [           main] org.springframework.test.context.cache   : Spring test ApplicationContext cache statistics: [DefaultContextCache@666d47be size = 2, maxSize = 32, parentContextCount = 0, hitCount = 34, missCount = 2, failureCount = 0]
2025-05-11T06:48:12.501+02:00 DEBUG 17336 --- [OC_P6] [           main] org.springframework.test.context.cache   : Spring test ApplicationContext cache statistics: [DefaultContextCache@666d47be size = 2, maxSize = 32, parentContextCount = 0, hitCount = 35, missCount = 2, failureCount = 0]
2025-05-11T06:48:12.554+02:00 DEBUG 17336 --- [OC_P6] [           main] org.springframework.test.context.cache   : Spring test ApplicationContext cache statistics: [DefaultContextCache@666d47be size = 2, maxSize = 32, parentContextCount = 0, hitCount = 36, missCount = 2, failureCount = 0]
2025-05-11T06:48:12.565+02:00 DEBUG 17336 --- [OC_P6] [           main] org.springframework.test.context.cache   : Spring test ApplicationContext cache statistics: [DefaultContextCache@666d47be size = 2, maxSize = 32, parentContextCount = 0, hitCount = 37, missCount = 2, failureCount = 0]
2025-05-11T06:48:12.897+02:00 DEBUG 17336 --- [OC_P6] [           main] o.s.security.web.FilterChainProxy        : Securing GET /login
2025-05-11T06:48:13.331+02:00 DEBUG 17336 --- [OC_P6] [           main] o.s.security.web.FilterChainProxy        : Secured GET /login
2025-05-11T06:48:13.546+02:00 DEBUG 17336 --- [OC_P6] [           main] o.s.t.web.servlet.TestDispatcherServlet  : GET "/login", parameters={}
2025-05-11T06:48:13.558+02:00 DEBUG 17336 --- [OC_P6] [           main] s.w.s.m.m.a.RequestMappingHandlerMapping : Mapped to com.pay_my_buddy.OC_P6.controller.LoginController#login()
2025-05-11T06:48:13.562+02:00 DEBUG 17336 --- [OC_P6] [           main] o.j.s.OpenEntityManagerInViewInterceptor : Opening JPA EntityManager in OpenEntityManagerInViewInterceptor
2025-05-11T06:48:13.932+02:00 DEBUG 17336 --- [OC_P6] [           main] o.s.w.s.v.ContentNegotiatingViewResolver : Selected '*/*' given [*/*]
2025-05-11T06:48:20.464+02:00 DEBUG 17336 --- [OC_P6] [           main] o.j.s.OpenEntityManagerInViewInterceptor : Closing JPA EntityManager in OpenEntityManagerInViewInterceptor
2025-05-11T06:48:20.466+02:00 DEBUG 17336 --- [OC_P6] [           main] o.s.t.web.servlet.TestDispatcherServlet  : Completed 200 OK
2025-05-11T06:48:20.471+02:00 DEBUG 17336 --- [OC_P6] [           main] o.s.s.w.a.AnonymousAuthenticationFilter  : Set SecurityContextHolder to anonymous SecurityContext
2025-05-11T06:48:20.557+02:00 DEBUG 17336 --- [OC_P6] [           main] org.springframework.test.context.cache   : Spring test ApplicationContext cache statistics: [DefaultContextCache@666d47be size = 2, maxSize = 32, parentContextCount = 0, hitCount = 38, missCount = 2, failureCount = 0]
2025-05-11T06:48:20.560+02:00 DEBUG 17336 --- [OC_P6] [           main] org.springframework.test.context.cache   : Spring test ApplicationContext cache statistics: [DefaultContextCache@666d47be size = 2, maxSize = 32, parentContextCount = 0, hitCount = 39, missCount = 2, failureCount = 0]
2025-05-11T06:48:20.566+02:00 DEBUG 17336 --- [OC_P6] [           main] org.springframework.test.context.cache   : Spring test ApplicationContext cache statistics: [DefaultContextCache@666d47be size = 2, maxSize = 32, parentContextCount = 0, hitCount = 40, missCount = 2, failureCount = 0]
2025-05-11T06:48:20.567+02:00 DEBUG 17336 --- [OC_P6] [           main] org.springframework.test.context.cache   : Spring test ApplicationContext cache statistics: [DefaultContextCache@666d47be size = 2, maxSize = 32, parentContextCount = 0, hitCount = 41, missCount = 2, failureCount = 0]
2025-05-11T06:48:20.568+02:00 DEBUG 17336 --- [OC_P6] [           main] org.springframework.test.context.cache   : Spring test ApplicationContext cache statistics: [DefaultContextCache@666d47be size = 2, maxSize = 32, parentContextCount = 0, hitCount = 42, missCount = 2, failureCount = 0]
2025-05-11T06:48:20.569+02:00 DEBUG 17336 --- [OC_P6] [           main] org.springframework.test.context.cache   : Spring test ApplicationContext cache statistics: [DefaultContextCache@666d47be size = 2, maxSize = 32, parentContextCount = 0, hitCount = 43, missCount = 2, failureCount = 0]
2025-05-11T06:48:20.575+02:00 DEBUG 17336 --- [OC_P6] [           main] org.springframework.test.context.cache   : Spring test ApplicationContext cache statistics: [DefaultContextCache@666d47be size = 2, maxSize = 32, parentContextCount = 0, hitCount = 44, missCount = 2, failureCount = 0]
2025-05-11T06:48:20.576+02:00 DEBUG 17336 --- [OC_P6] [           main] org.springframework.test.context.cache   : Spring test ApplicationContext cache statistics: [DefaultContextCache@666d47be size = 2, maxSize = 32, parentContextCount = 0, hitCount = 45, missCount = 2, failureCount = 0]
2025-05-11T06:48:20.580+02:00 DEBUG 17336 --- [OC_P6] [           main] .c.s.DirtiesContextTestExecutionListener : After test method: class [LoginControllerTest], method [testLoginPage], class annotated with @DirtiesContext [false] with mode [null], method annotated with @DirtiesContext [false] with mode [null]
2025-05-11T06:48:20.580+02:00 DEBUG 17336 --- [OC_P6] [           main] o.s.t.c.w.ServletTestExecutionListener   : Resetting RequestContextHolder for test class com.pay_my_buddy.OC_P6.unitaire.controller.LoginControllerTest
]]></system-out>
  </testcase>
</testsuite>