<?xml version="1.0" encoding="UTF-8"?>
<testsuite xmlns:xsi="http://www.w3.org/2001/XMLSchema-instance" xsi:noNamespaceSchemaLocation="https://maven.apache.org/surefire/maven-surefire-plugin/xsd/surefire-test-report.xsd" version="3.0.2" name="com.pay_my_buddy.OC_P6.unitaire.controller.ProfilControllerTest" time="6.395" tests="5" errors="0" skipped="0" failures="0">
  <properties>
[...]
</properties>
  <testcase name="testUpdateProfilWithValidationErrors" classname="com.pay_my_buddy.OC_P6.unitaire.controller.ProfilControllerTest" time="2.298">
    <system-out><![CDATA[2025-05-21T09:30:34.213+02:00 DEBUG 1388 --- [OC_P6] [           main] .b.t.a.w.s.WebMvcTestContextBootstrapper : Neither @ContextConfiguration nor @ContextHierarchy found for test class [ProfilControllerTest]: using SpringBootContextLoader
2025-05-21T09:30:34.216+02:00 DEBUG 1388 --- [OC_P6] [           main] o.s.t.c.support.AbstractContextLoader    : Could not detect default resource locations for test class [com.pay_my_buddy.OC_P6.unitaire.controller.ProfilControllerTest]: no resource found for suffixes {-context.xml, Context.groovy}.
2025-05-21T09:30:34.216+02:00  INFO 1388 --- [OC_P6] [           main] t.c.s.AnnotationConfigContextLoaderUtils : Could not detect default configuration classes for test class [com.pay_my_buddy.OC_P6.unitaire.controller.ProfilControllerTest]: ProfilControllerTest does not declare any static, non-private, non-final, nested classes annotated with @Configuration.
2025-05-21T09:30:34.220+02:00 DEBUG 1388 --- [OC_P6] [           main] .b.t.a.w.s.WebMvcTestContextBootstrapper : Using ContextCustomizerFactory implementations for test class [ProfilControllerTest]: [ImportsContextCustomizerFactory, ExcludeFilterContextCustomizerFactory, HttpGraphQlTesterContextCustomizerFactory, DuplicateJsonObjectContextCustomizerFactory, MockitoContextCustomizerFactory, TestRestTemplateContextCustomizerFactory, WebTestClientContextCustomizerFactory, DisableReactorResourceFactoryGlobalResourcesContextCustomizerFactory, OnFailureConditionReportContextCustomizerFactory, OverrideAutoConfigurationContextCustomizerFactory, ObservabilityContextCustomizerFactory, TypeExcludeFiltersContextCustomizerFactory, PropertyMappingContextCustomizerFactory, WebDriverContextCustomizerFactory, BeanOverrideContextCustomizerFactory, MockServerContainerContextCustomizerFactory, DynamicPropertiesContextCustomizerFactory]
2025-05-21T09:30:34.366+02:00 DEBUG 1388 --- [OC_P6] [           main] .b.t.a.w.s.WebMvcTestContextBootstrapper : Using ContextCustomizers for test class [ProfilControllerTest]: [ImportsContextCustomizer, ExcludeFilterContextCustomizer, DuplicateJsonObjectContextCustomizer, MockitoContextCustomizer, DisableReactorResourceFactoryGlobalResourcesContextCustomizerCustomizer, OnFailureConditionReportContextCustomizer, DisableAutoConfigurationContextCustomizer, DisableObservabilityContextCustomizer, TypeExcludeFiltersContextCustomizer, PropertyMappingContextCustomizer, WebDriverContextCustomizer, BeanOverrideContextCustomizer, DynamicPropertiesContextCustomizer]
2025-05-21T09:30:34.368+02:00  INFO 1388 --- [OC_P6] [           main] .b.t.c.SpringBootTestContextBootstrapper : Found @SpringBootConfiguration com.pay_my_buddy.OC_P6.OcP6Application for test class com.pay_my_buddy.OC_P6.unitaire.controller.ProfilControllerTest
2025-05-21T09:30:34.370+02:00 DEBUG 1388 --- [OC_P6] [           main] .s.t.c.u.TestContextSpringFactoriesUtils : Skipping candidate TestExecutionListener [org.springframework.test.context.observation.MicrometerObservationRegistryTestExecutionListener] due to a missing dependency. Specify custom TestExecutionListener classes or make the default TestExecutionListener classes and their required dependencies available. Offending class: io.micrometer.context.ThreadLocalAccessor. MicrometerObservationRegistryTestExecutionListener requires io.micrometer:micrometer-observation:1.10.8 or higher and io.micrometer:context-propagation:1.0.3 or higher.
2025-05-21T09:30:34.371+02:00 DEBUG 1388 --- [OC_P6] [           main] .b.t.a.w.s.WebMvcTestContextBootstrapper : Using TestExecutionListeners for test class [ProfilControllerTest]: [ServletTestExecutionListener, DirtiesContextBeforeModesTestExecutionListener, ApplicationEventsTestExecutionListener, MockitoTestExecutionListener, BeanOverrideTestExecutionListener, DependencyInjectionTestExecutionListener, DirtiesContextTestExecutionListener, CommonCachesTestExecutionListener, TransactionalTestExecutionListener, SqlScriptsTestExecutionListener, EventPublishingTestExecutionListener, WithSecurityContextTestExecutionListener, ReactorContextTestExecutionListener, ResetMocksTestExecutionListener, RestDocsTestExecutionListener, MockRestServiceServerResetTestExecutionListener, MockMvcPrintOnlyOnFailureTestExecutionListener, WebDriverTestExecutionListener, MockWebServiceServerTestExecutionListener, MockitoResetTestExecutionListener]
2025-05-21T09:30:34.371+02:00 DEBUG 1388 --- [OC_P6] [           main] sContextBeforeModesTestExecutionListener : Before test class: class [ProfilControllerTest], class annotated with @DirtiesContext [false] with mode [null]
2025-05-21T09:30:34.379+02:00  INFO 1388 --- [OC_P6] [           main] o.s.b.d.r.RestartApplicationListener     : Restart disabled due to context in which it is running
2025-05-21T09:30:34.450+02:00 DEBUG 1388 --- [OC_P6] [           main] .s.b.w.s.c.ApplicationServletEnvironment : Activating profiles []
2025-05-21T09:30:34.455+02:00 DEBUG 1388 --- [OC_P6] [           main] o.s.c.e.PropertySourcesPropertyResolver  : Found key 'spring.application.name' in PropertySource 'configurationProperties' with value of type String

  .   ____          _            __ _ _
 /\\ / ___'_ __ _ _(_)_ __  __ _ \ \ \ \
( ( )\___ | '_ | '_| | '_ \/ _` | \ \ \ \
 \\/  ___)| |_)| | | | | || (_| |  ) ) ) )
  '  |____| .__|_| |_|_| |_\__, | / / / /
 =========|_|==============|___/=/_/_/_/

 :: Spring Boot ::                (v3.4.5)

2025-05-21T09:30:34.489+02:00  INFO 1388 --- [OC_P6] [           main] c.p.O.u.controller.ProfilControllerTest  : Starting ProfilControllerTest using Java 17.0.15 with PID 1388 (started by AGOUROU GUSTAVE in C:\Users\AGOUROU GUSTAVE\Downloads\Open Classroom\P6\OC_P6)
2025-05-21T09:30:34.490+02:00  INFO 1388 --- [OC_P6] [           main] c.p.O.u.controller.ProfilControllerTest  : No active profile set, falling back to 1 default profile: "default"
2025-05-21T09:30:34.490+02:00 DEBUG 1388 --- [OC_P6] [           main] o.s.boot.SpringApplication               : Loading source class com.pay_my_buddy.OC_P6.OcP6Application
2025-05-21T09:30:34.494+02:00 DEBUG 1388 --- [OC_P6] [           main] o.s.w.c.s.GenericWebApplicationContext   : Refreshing org.springframework.web.context.support.GenericWebApplicationContext@6796168
2025-05-21T09:30:34.497+02:00 DEBUG 1388 --- [OC_P6] [           main] o.s.b.f.s.DefaultListableBeanFactory     : Creating shared instance of singleton bean 'org.springframework.context.annotation.internalConfigurationAnnotationProcessor'
2025-05-21T09:30:34.498+02:00 DEBUG 1388 --- [OC_P6] [           main] o.s.b.f.s.DefaultListableBeanFactory     : Creating shared instance of singleton bean 'org.springframework.boot.autoconfigure.internalCachingMetadataReaderFactory'
2025-05-21T09:30:34.610+02:00 DEBUG 1388 --- [OC_P6] [           main] o.s.c.a.ClassPathBeanDefinitionScanner   : Identified candidate component class: file [C:\Users\AGOUROU GUSTAVE\Downloads\Open Classroom\P6\OC_P6\target\classes\com\pay_my_buddy\OC_P6\controller\ProfilController.class]
2025-05-21T09:30:34.621+02:00 DEBUG 1388 --- [OC_P6] [           main] o.s.c.a.ClassPathBeanDefinitionScanner   : Identified candidate component class: file [C:\Users\AGOUROU GUSTAVE\Downloads\Open Classroom\P6\OC_P6\target\classes\com\pay_my_buddy\OC_P6\exception\GlobalExceptionHandler.class]
2025-05-21T09:30:35.052+02:00 DEBUG 1388 --- [OC_P6] [           main] o.s.b.f.s.DefaultListableBeanFactory     : Creating shared instance of singleton bean 'org.springframework.boot.test.context.ImportsContextCustomizer$ImportsCleanupPostProcessor'
2025-05-21T09:30:35.052+02:00 DEBUG 1388 --- [OC_P6] [           main] o.s.b.f.s.DefaultListableBeanFactory     : Creating shared instance of singleton bean 'springSecurityHandlerMappingIntrospectorBeanDefinitionRegistryPostProcessor'
2025-05-21T09:30:35.090+02:00 DEBUG 1388 --- [OC_P6] [           main] o.s.b.f.s.DefaultListableBeanFactory     : Creating shared instance of singleton bean 'org.springframework.boot.test.mock.mockito.MockitoPostProcessor'
2025-05-21T09:30:35.425+02:00 DEBUG 1388 --- [OC_P6] [           main] o.s.b.f.s.DefaultListableBeanFactory     : Creating shared instance of singleton bean 'org.springframework.context.event.internalEventListenerProcessor'
2025-05-21T09:30:35.426+02:00 DEBUG 1388 --- [OC_P6] [           main] o.s.b.f.s.DefaultListableBeanFactory     : Creating shared instance of singleton bean 'conversionServicePostProcessor'
2025-05-21T09:30:35.427+02:00 DEBUG 1388 --- [OC_P6] [           main] o.s.b.f.s.DefaultListableBeanFactory     : Creating shared instance of singleton bean 'preserveErrorControllerTargetClassPostProcessor'
2025-05-21T09:30:35.429+02:00 DEBUG 1388 --- [OC_P6] [           main] o.s.b.f.s.DefaultListableBeanFactory     : Creating shared instance of singleton bean 'org.springframework.context.event.internalEventListenerFactory'
2025-05-21T09:30:35.435+02:00 DEBUG 1388 --- [OC_P6] [           main] o.s.b.f.s.DefaultListableBeanFactory     : Creating shared instance of singleton bean 'org.springframework.context.annotation.internalAutowiredAnnotationProcessor'
2025-05-21T09:30:35.436+02:00 DEBUG 1388 --- [OC_P6] [           main] o.s.b.f.s.DefaultListableBeanFactory     : Creating shared instance of singleton bean 'org.springframework.context.annotation.internalCommonAnnotationProcessor'
2025-05-21T09:30:35.438+02:00 DEBUG 1388 --- [OC_P6] [           main] o.s.b.f.s.DefaultListableBeanFactory     : Creating shared instance of singleton bean 'org.springframework.context.annotation.internalPersistenceAnnotationProcessor'
2025-05-21T09:30:35.439+02:00 DEBUG 1388 --- [OC_P6] [           main] o.s.b.f.s.DefaultListableBeanFactory     : Creating shared instance of singleton bean 'org.springframework.boot.test.mock.mockito.MockitoPostProcessor$SpyPostProcessor'
2025-05-21T09:30:35.440+02:00 DEBUG 1388 --- [OC_P6] [           main] o.s.b.f.s.DefaultListableBeanFactory     : Creating shared instance of singleton bean 'org.springframework.boot.context.properties.ConfigurationPropertiesBindingPostProcessor'
2025-05-21T09:30:35.441+02:00 DEBUG 1388 --- [OC_P6] [           main] o.s.b.f.s.DefaultListableBeanFactory     : Creating shared instance of singleton bean 'org.springframework.boot.context.internalConfigurationPropertiesBinder'
2025-05-21T09:30:35.442+02:00 DEBUG 1388 --- [OC_P6] [           main] o.s.b.f.s.DefaultListableBeanFactory     : Creating shared instance of singleton bean 'methodValidationPostProcessor'
2025-05-21T09:30:35.444+02:00 DEBUG 1388 --- [OC_P6] [           main] o.s.b.f.s.DefaultListableBeanFactory     : Autowiring by type from bean name 'methodValidationPostProcessor' via factory method to bean named 'environment'
2025-05-21T09:30:35.446+02:00 DEBUG 1388 --- [OC_P6] [           main] o.s.b.f.s.DefaultListableBeanFactory     : Creating shared instance of singleton bean 'org.springframework.boot.context.properties.EnableConfigurationPropertiesRegistrar.methodValidationExcludeFilter'
2025-05-21T09:30:35.452+02:00 DEBUG 1388 --- [OC_P6] [           main] o.s.b.f.s.DefaultListableBeanFactory     : Creating shared instance of singleton bean 'projectingArgumentResolverBeanPostProcessor'
2025-05-21T09:30:35.453+02:00 DEBUG 1388 --- [OC_P6] [           main] o.s.u.c.s.UiApplicationContextUtils      : Unable to locate ThemeSource with name 'themeSource': using default [org.springframework.ui.context.support.ResourceBundleThemeSource@26d592ea]
2025-05-21T09:30:35.458+02:00 DEBUG 1388 --- [OC_P6] [           main] o.s.b.f.s.DefaultListableBeanFactory     : Creating shared instance of singleton bean 'org.springframework.test.context.support.internalDynamicPropertyRegistrarBeanInitializer'
2025-05-21T09:30:35.464+02:00 DEBUG 1388 --- [OC_P6] [           main] o.s.b.f.s.DefaultListableBeanFactory     : Creating shared instance of singleton bean 'ocP6Application'
2025-05-21T09:30:35.465+02:00 DEBUG 1388 --- [OC_P6] [           main] o.s.b.f.s.DefaultListableBeanFactory     : Creating shared instance of singleton bean 'profilController'
2025-05-21T09:30:35.472+02:00 DEBUG 1388 --- [OC_P6] [           main] o.s.b.f.s.DefaultListableBeanFactory     : Autowiring by type from bean name 'profilController' via constructor to bean named 'com.pay_my_buddy.OC_P6.service.UserService#0'
2025-05-21T09:30:35.472+02:00 DEBUG 1388 --- [OC_P6] [           main] o.s.b.f.s.DefaultListableBeanFactory     : Autowiring by type from bean name 'profilController' via constructor to bean named 'com.pay_my_buddy.OC_P6.mapper.UserMapper#0'
2025-05-21T09:30:35.473+02:00 DEBUG 1388 --- [OC_P6] [           main] o.s.b.f.s.DefaultListableBeanFactory     : Creating shared instance of singleton bean 'globalExceptionHandler'
2025-05-21T09:30:35.476+02:00 DEBUG 1388 --- [OC_P6] [           main] o.s.b.f.s.DefaultListableBeanFactory     : Creating shared instance of singleton bean 'org.springframework.security.config.annotation.configuration.ObjectPostProcessorConfiguration'
2025-05-21T09:30:35.478+02:00 DEBUG 1388 --- [OC_P6] [           main] o.s.b.f.s.DefaultListableBeanFactory     : Creating shared instance of singleton bean 'objectPostProcessor'
2025-05-21T09:30:35.480+02:00 DEBUG 1388 --- [OC_P6] [           main] o.s.b.f.s.DefaultListableBeanFactory     : Autowiring by type from bean name 'objectPostProcessor' via factory method to bean named 'org.springframework.beans.factory.support.DefaultListableBeanFactory@3d74c925'
2025-05-21T09:30:35.485+02:00 DEBUG 1388 --- [OC_P6] [           main] o.s.b.f.s.DefaultListableBeanFactory     : Creating shared instance of singleton bean 'org.springframework.security.config.annotation.authentication.configuration.AuthenticationConfiguration'
2025-05-21T09:30:35.506+02:00 DEBUG 1388 --- [OC_P6] [           main] o.s.b.f.s.DefaultListableBeanFactory     : Creating shared instance of singleton bean 'enableGlobalAuthenticationAutowiredConfigurer'
2025-05-21T09:30:35.510+02:00 DEBUG 1388 --- [OC_P6] [           main] o.s.b.f.s.DefaultListableBeanFactory     : Autowiring by type from bean name 'enableGlobalAuthenticationAutowiredConfigurer' via factory method to bean named 'org.springframework.web.context.support.GenericWebApplicationContext@6796168'
2025-05-21T09:30:35.537+02:00 DEBUG 1388 --- [OC_P6] [           main] o.s.b.f.s.DefaultListableBeanFactory     : Creating shared instance of singleton bean 'initializeUserDetailsBeanManagerConfigurer'
2025-05-21T09:30:35.538+02:00 DEBUG 1388 --- [OC_P6] [           main] o.s.b.f.s.DefaultListableBeanFactory     : Autowiring by type from bean name 'initializeUserDetailsBeanManagerConfigurer' via factory method to bean named 'org.springframework.web.context.support.GenericWebApplicationContext@6796168'
2025-05-21T09:30:35.541+02:00 DEBUG 1388 --- [OC_P6] [           main] o.s.b.f.s.DefaultListableBeanFactory     : Creating shared instance of singleton bean 'initializeAuthenticationProviderBeanManagerConfigurer'
2025-05-21T09:30:35.542+02:00 DEBUG 1388 --- [OC_P6] [           main] o.s.b.f.s.DefaultListableBeanFactory     : Autowiring by type from bean name 'initializeAuthenticationProviderBeanManagerConfigurer' via factory method to bean named 'org.springframework.web.context.support.GenericWebApplicationContext@6796168'
2025-05-21T09:30:35.545+02:00 DEBUG 1388 --- [OC_P6] [           main] o.s.b.f.s.DefaultListableBeanFactory     : Creating shared instance of singleton bean 'authenticationManagerBuilder'
2025-05-21T09:30:35.548+02:00 DEBUG 1388 --- [OC_P6] [           main] o.s.b.f.s.DefaultListableBeanFactory     : Autowiring by type from bean name 'authenticationManagerBuilder' via factory method to bean named 'objectPostProcessor'
2025-05-21T09:30:35.550+02:00 DEBUG 1388 --- [OC_P6] [           main] o.s.b.f.s.DefaultListableBeanFactory     : Autowiring by type from bean name 'authenticationManagerBuilder' via factory method to bean named 'org.springframework.web.context.support.GenericWebApplicationContext@6796168'
2025-05-21T09:30:35.552+02:00 DEBUG 1388 --- [OC_P6] [           main] o.s.b.f.s.DefaultListableBeanFactory     : Creating shared instance of singleton bean 'authenticationEventPublisher'
2025-05-21T09:30:35.552+02:00 DEBUG 1388 --- [OC_P6] [           main] o.s.b.f.s.DefaultListableBeanFactory     : Creating shared instance of singleton bean 'org.springframework.boot.autoconfigure.security.servlet.SecurityAutoConfiguration'
2025-05-21T09:30:35.555+02:00 DEBUG 1388 --- [OC_P6] [           main] o.s.b.f.s.DefaultListableBeanFactory     : Autowiring by type from bean name 'authenticationEventPublisher' via factory method to bean named 'org.springframework.web.context.support.GenericWebApplicationContext@6796168'
2025-05-21T09:30:35.566+02:00 DEBUG 1388 --- [OC_P6] [           main] o.s.b.f.s.DefaultListableBeanFactory     : Creating shared instance of singleton bean 'org.springframework.security.config.annotation.web.configuration.WebSecurityConfiguration'
2025-05-21T09:30:35.575+02:00 DEBUG 1388 --- [OC_P6] [           main] o.s.b.f.s.DefaultListableBeanFactory     : Creating shared instance of singleton bean 'org.springframework.security.config.annotation.web.configuration.HttpSecurityConfiguration'
2025-05-21T09:30:35.588+02:00 DEBUG 1388 --- [OC_P6] [           main] o.s.b.f.s.DefaultListableBeanFactory     : Creating shared instance of singleton bean 'mvcContentNegotiationManager'
2025-05-21T09:30:35.589+02:00 DEBUG 1388 --- [OC_P6] [           main] o.s.b.f.s.DefaultListableBeanFactory     : Creating shared instance of singleton bean 'org.springframework.boot.autoconfigure.web.servlet.WebMvcAutoConfiguration$EnableWebMvcConfiguration'
2025-05-21T09:30:35.594+02:00 DEBUG 1388 --- [OC_P6] [           main] o.s.b.f.s.DefaultListableBeanFactory     : Creating shared instance of singleton bean 'spring.mvc-org.springframework.boot.autoconfigure.web.servlet.WebMvcProperties'
2025-05-21T09:30:35.598+02:00 DEBUG 1388 --- [OC_P6] [           main] o.s.b.f.s.DefaultListableBeanFactory     : Creating shared instance of singleton bean 'org.springframework.boot.context.properties.BoundConfigurationProperties'
2025-05-21T09:30:35.674+02:00 DEBUG 1388 --- [OC_P6] [           main] o.s.b.f.s.DefaultListableBeanFactory     : Creating shared instance of singleton bean 'spring.web-org.springframework.boot.autoconfigure.web.WebProperties'
2025-05-21T09:30:35.684+02:00 DEBUG 1388 --- [OC_P6] [           main] o.s.b.f.s.DefaultListableBeanFactory     : Autowiring by type from bean name 'org.springframework.boot.autoconfigure.web.servlet.WebMvcAutoConfiguration$EnableWebMvcConfiguration' via constructor to bean named 'spring.mvc-org.springframework.boot.autoconfigure.web.servlet.WebMvcProperties'
2025-05-21T09:30:35.684+02:00 DEBUG 1388 --- [OC_P6] [           main] o.s.b.f.s.DefaultListableBeanFactory     : Autowiring by type from bean name 'org.springframework.boot.autoconfigure.web.servlet.WebMvcAutoConfiguration$EnableWebMvcConfiguration' via constructor to bean named 'spring.web-org.springframework.boot.autoconfigure.web.WebProperties'
2025-05-21T09:30:35.684+02:00 DEBUG 1388 --- [OC_P6] [           main] o.s.b.f.s.DefaultListableBeanFactory     : Autowiring by type from bean name 'org.springframework.boot.autoconfigure.web.servlet.WebMvcAutoConfiguration$EnableWebMvcConfiguration' via constructor to bean named 'org.springframework.beans.factory.support.DefaultListableBeanFactory@3d74c925'
2025-05-21T09:30:35.690+02:00 DEBUG 1388 --- [OC_P6] [           main] o.s.b.f.s.DefaultListableBeanFactory     : Creating shared instance of singleton bean 'org.springframework.security.config.annotation.web.configuration.WebMvcSecurityConfiguration'
2025-05-21T09:30:35.692+02:00 DEBUG 1388 --- [OC_P6] [           main] o.s.b.f.s.DefaultListableBeanFactory     : Creating shared instance of singleton bean 'org.springframework.boot.autoconfigure.web.servlet.WebMvcAutoConfiguration$WebMvcAutoConfigurationAdapter'
2025-05-21T09:30:35.693+02:00 DEBUG 1388 --- [OC_P6] [           main] o.s.b.f.s.DefaultListableBeanFactory     : Autowiring by type from bean name 'org.springframework.boot.autoconfigure.web.servlet.WebMvcAutoConfiguration$WebMvcAutoConfigurationAdapter' via constructor to bean named 'spring.web-org.springframework.boot.autoconfigure.web.WebProperties'
2025-05-21T09:30:35.693+02:00 DEBUG 1388 --- [OC_P6] [           main] o.s.b.f.s.DefaultListableBeanFactory     : Autowiring by type from bean name 'org.springframework.boot.autoconfigure.web.servlet.WebMvcAutoConfiguration$WebMvcAutoConfigurationAdapter' via constructor to bean named 'spring.mvc-org.springframework.boot.autoconfigure.web.servlet.WebMvcProperties'
2025-05-21T09:30:35.693+02:00 DEBUG 1388 --- [OC_P6] [           main] o.s.b.f.s.DefaultListableBeanFactory     : Autowiring by type from bean name 'org.springframework.boot.autoconfigure.web.servlet.WebMvcAutoConfiguration$WebMvcAutoConfigurationAdapter' via constructor to bean named 'org.springframework.beans.factory.support.DefaultListableBeanFactory@3d74c925'
2025-05-21T09:30:35.698+02:00 DEBUG 1388 --- [OC_P6] [           main] o.s.b.f.s.DefaultListableBeanFactory     : Creating shared instance of singleton bean 'org.springframework.data.web.config.SpringDataWebConfiguration'
2025-05-21T09:30:35.700+02:00 DEBUG 1388 --- [OC_P6] [           main] o.s.b.f.s.DefaultListableBeanFactory     : Autowiring by type from bean name 'org.springframework.data.web.config.SpringDataWebConfiguration' via constructor to bean named 'org.springframework.web.context.support.GenericWebApplicationContext@6796168'
2025-05-21T09:30:35.745+02:00 DEBUG 1388 --- [OC_P6] [           main] o.s.b.f.s.DefaultListableBeanFactory     : Creating shared instance of singleton bean 'com.pay_my_buddy.OC_P6.unitaire.configuration.SecurityConfigTest'
2025-05-21T09:30:35.752+02:00 DEBUG 1388 --- [OC_P6] [           main] o.s.b.f.s.DefaultListableBeanFactory     : Creating shared instance of singleton bean 'inMemoryUserDetailsManager'
2025-05-21T09:30:35.752+02:00 DEBUG 1388 --- [OC_P6] [           main] o.s.b.f.s.DefaultListableBeanFactory     : Creating shared instance of singleton bean 'org.springframework.boot.autoconfigure.security.servlet.UserDetailsServiceAutoConfiguration'
2025-05-21T09:30:35.756+02:00 DEBUG 1388 --- [OC_P6] [           main] o.s.b.f.s.DefaultListableBeanFactory     : Creating shared instance of singleton bean 'spring.security-org.springframework.boot.autoconfigure.security.SecurityProperties'
2025-05-21T09:30:35.767+02:00 DEBUG 1388 --- [OC_P6] [           main] o.s.b.f.s.DefaultListableBeanFactory     : Autowiring by type from bean name 'inMemoryUserDetailsManager' via factory method to bean named 'spring.security-org.springframework.boot.autoconfigure.security.SecurityProperties'
2025-05-21T09:30:35.788+02:00 DEBUG 1388 --- [OC_P6] [           main] o.s.b.f.s.DefaultListableBeanFactory     : Creating shared instance of singleton bean 'passwordEncoder'
2025-05-21T09:30:35.790+02:00  WARN 1388 --- [OC_P6] [           main] .s.s.UserDetailsServiceAutoConfiguration : 

Using generated security password: 42ac36a4-9e7d-4b9e-bf45-6cdbf443423e

This generated password is for development use only. Your security configuration must be updated before running your application in production.

2025-05-21T09:30:35.830+02:00  INFO 1388 --- [OC_P6] [           main] r$InitializeUserDetailsManagerConfigurer : Global AuthenticationManager configured with UserDetailsService bean with name inMemoryUserDetailsManager
2025-05-21T09:30:35.868+02:00 DEBUG 1388 --- [OC_P6] [           main] o.s.b.f.s.DefaultListableBeanFactory     : Creating shared instance of singleton bean 'filterChainDecoratorPostProcessor'
2025-05-21T09:30:35.868+02:00 DEBUG 1388 --- [OC_P6] [           main] o.s.b.f.s.DefaultListableBeanFactory     : Creating shared instance of singleton bean 'mvcHandlerMappingIntrospectorRequestTransformer'
2025-05-21T09:30:35.868+02:00 DEBUG 1388 --- [OC_P6] [           main] o.s.b.f.s.DefaultListableBeanFactory     : Creating shared instance of singleton bean 'mvcHandlerMappingIntrospector'
2025-05-21T09:30:35.868+02:00 DEBUG 1388 --- [OC_P6] [           main] o.s.b.f.s.DefaultListableBeanFactory     : Creating shared instance of singleton bean 'welcomePageHandlerMapping'
2025-05-21T09:30:35.868+02:00 DEBUG 1388 --- [OC_P6] [           main] o.s.b.f.s.DefaultListableBeanFactory     : Creating shared instance of singleton bean 'mvcConversionService'
2025-05-21T09:30:35.893+02:00 DEBUG 1388 --- [OC_P6] [           main] o.s.b.f.s.DefaultListableBeanFactory     : Creating shared instance of singleton bean 'mvcResourceUrlProvider'
2025-05-21T09:30:35.895+02:00 DEBUG 1388 --- [OC_P6] [           main] o.s.b.f.s.DefaultListableBeanFactory     : Autowiring by type from bean name 'welcomePageHandlerMapping' via factory method to bean named 'org.springframework.web.context.support.GenericWebApplicationContext@6796168'
2025-05-21T09:30:35.896+02:00 DEBUG 1388 --- [OC_P6] [           main] o.s.b.f.s.DefaultListableBeanFactory     : Autowiring by type from bean name 'welcomePageHandlerMapping' via factory method to bean named 'mvcConversionService'
2025-05-21T09:30:35.896+02:00 DEBUG 1388 --- [OC_P6] [           main] o.s.b.f.s.DefaultListableBeanFactory     : Autowiring by type from bean name 'welcomePageHandlerMapping' via factory method to bean named 'mvcResourceUrlProvider'
2025-05-21T09:30:35.914+02:00 DEBUG 1388 --- [OC_P6] [           main] o.s.b.f.s.DefaultListableBeanFactory     : Creating shared instance of singleton bean 'welcomePageNotAcceptableHandlerMapping'
2025-05-21T09:30:35.914+02:00 DEBUG 1388 --- [OC_P6] [           main] o.s.b.f.s.DefaultListableBeanFactory     : Autowiring by type from bean name 'welcomePageNotAcceptableHandlerMapping' via factory method to bean named 'org.springframework.web.context.support.GenericWebApplicationContext@6796168'
2025-05-21T09:30:35.914+02:00 DEBUG 1388 --- [OC_P6] [           main] o.s.b.f.s.DefaultListableBeanFactory     : Autowiring by type from bean name 'welcomePageNotAcceptableHandlerMapping' via factory method to bean named 'mvcConversionService'
2025-05-21T09:30:35.914+02:00 DEBUG 1388 --- [OC_P6] [           main] o.s.b.f.s.DefaultListableBeanFactory     : Autowiring by type from bean name 'welcomePageNotAcceptableHandlerMapping' via factory method to bean named 'mvcResourceUrlProvider'
2025-05-21T09:30:35.955+02:00 DEBUG 1388 --- [OC_P6] [           main] o.s.b.f.s.DefaultListableBeanFactory     : Creating shared instance of singleton bean 'requestMappingHandlerMapping'
2025-05-21T09:30:35.971+02:00 DEBUG 1388 --- [OC_P6] [           main] o.s.b.f.s.DefaultListableBeanFactory     : Autowiring by type from bean name 'requestMappingHandlerMapping' via factory method to bean named 'mvcContentNegotiationManager'
2025-05-21T09:30:35.971+02:00 DEBUG 1388 --- [OC_P6] [           main] o.s.b.f.s.DefaultListableBeanFactory     : Autowiring by type from bean name 'requestMappingHandlerMapping' via factory method to bean named 'mvcConversionService'
2025-05-21T09:30:35.971+02:00 DEBUG 1388 --- [OC_P6] [           main] o.s.b.f.s.DefaultListableBeanFactory     : Autowiring by type from bean name 'requestMappingHandlerMapping' via factory method to bean named 'mvcResourceUrlProvider'
2025-05-21T09:30:36.054+02:00 DEBUG 1388 --- [OC_P6] [           main] s.w.s.m.m.a.RequestMappingHandlerMapping : 4 mappings in 'requestMappingHandlerMapping'
2025-05-21T09:30:36.068+02:00 DEBUG 1388 --- [OC_P6] [           main] o.s.b.f.s.DefaultListableBeanFactory     : Creating shared instance of singleton bean 'viewControllerHandlerMapping'
2025-05-21T09:30:36.068+02:00 DEBUG 1388 --- [OC_P6] [           main] o.s.b.f.s.DefaultListableBeanFactory     : Autowiring by type from bean name 'viewControllerHandlerMapping' via factory method to bean named 'mvcConversionService'
2025-05-21T09:30:36.068+02:00 DEBUG 1388 --- [OC_P6] [           main] o.s.b.f.s.DefaultListableBeanFactory     : Autowiring by type from bean name 'viewControllerHandlerMapping' via factory method to bean named 'mvcResourceUrlProvider'
2025-05-21T09:30:36.068+02:00 DEBUG 1388 --- [OC_P6] [           main] o.s.b.f.s.DefaultListableBeanFactory     : Creating shared instance of singleton bean 'beanNameHandlerMapping'
2025-05-21T09:30:36.068+02:00 DEBUG 1388 --- [OC_P6] [           main] o.s.b.f.s.DefaultListableBeanFactory     : Autowiring by type from bean name 'beanNameHandlerMapping' via factory method to bean named 'mvcConversionService'
2025-05-21T09:30:36.068+02:00 DEBUG 1388 --- [OC_P6] [           main] o.s.b.f.s.DefaultListableBeanFactory     : Autowiring by type from bean name 'beanNameHandlerMapping' via factory method to bean named 'mvcResourceUrlProvider'
2025-05-21T09:30:36.100+02:00 DEBUG 1388 --- [OC_P6] [           main] o.s.b.f.s.DefaultListableBeanFactory     : Creating shared instance of singleton bean 'routerFunctionMapping'
2025-05-21T09:30:36.102+02:00 DEBUG 1388 --- [OC_P6] [           main] o.s.b.f.s.DefaultListableBeanFactory     : Autowiring by type from bean name 'routerFunctionMapping' via factory method to bean named 'mvcConversionService'
2025-05-21T09:30:36.102+02:00 DEBUG 1388 --- [OC_P6] [           main] o.s.b.f.s.DefaultListableBeanFactory     : Autowiring by type from bean name 'routerFunctionMapping' via factory method to bean named 'mvcResourceUrlProvider'
2025-05-21T09:30:36.104+02:00 DEBUG 1388 --- [OC_P6] [           main] o.s.b.f.s.DefaultListableBeanFactory     : Creating shared instance of singleton bean 'messageConverters'
2025-05-21T09:30:36.104+02:00 DEBUG 1388 --- [OC_P6] [           main] o.s.b.f.s.DefaultListableBeanFactory     : Creating shared instance of singleton bean 'org.springframework.boot.autoconfigure.http.HttpMessageConvertersAutoConfiguration'
2025-05-21T09:30:36.107+02:00 DEBUG 1388 --- [OC_P6] [           main] o.s.b.f.s.DefaultListableBeanFactory     : Creating shared instance of singleton bean 'stringHttpMessageConverter'
2025-05-21T09:30:36.110+02:00 DEBUG 1388 --- [OC_P6] [           main] o.s.b.f.s.DefaultListableBeanFactory     : Creating shared instance of singleton bean 'org.springframework.boot.autoconfigure.http.HttpMessageConvertersAutoConfiguration$StringHttpMessageConverterConfiguration'
2025-05-21T09:30:36.115+02:00 DEBUG 1388 --- [OC_P6] [           main] o.s.b.f.s.DefaultListableBeanFactory     : Autowiring by type from bean name 'stringHttpMessageConverter' via factory method to bean named 'environment'
2025-05-21T09:30:36.147+02:00 DEBUG 1388 --- [OC_P6] [           main] o.s.b.f.s.DefaultListableBeanFactory     : Creating shared instance of singleton bean 'mappingJackson2HttpMessageConverter'
2025-05-21T09:30:36.148+02:00 DEBUG 1388 --- [OC_P6] [           main] o.s.b.f.s.DefaultListableBeanFactory     : Creating shared instance of singleton bean 'org.springframework.boot.autoconfigure.http.JacksonHttpMessageConvertersConfiguration$MappingJackson2HttpMessageConverterConfiguration'
2025-05-21T09:30:36.157+02:00 DEBUG 1388 --- [OC_P6] [           main] o.s.b.f.s.DefaultListableBeanFactory     : Creating shared instance of singleton bean 'jacksonObjectMapper'
2025-05-21T09:30:36.157+02:00 DEBUG 1388 --- [OC_P6] [           main] o.s.b.f.s.DefaultListableBeanFactory     : Creating shared instance of singleton bean 'org.springframework.boot.autoconfigure.jackson.JacksonAutoConfiguration$JacksonObjectMapperConfiguration'
2025-05-21T09:30:36.166+02:00 DEBUG 1388 --- [OC_P6] [           main] o.s.b.f.s.DefaultListableBeanFactory     : Creating shared instance of singleton bean 'org.springframework.boot.autoconfigure.jackson.JacksonAutoConfiguration$JacksonObjectMapperBuilderConfiguration'
2025-05-21T09:30:36.176+02:00 DEBUG 1388 --- [OC_P6] [           main] o.s.b.f.s.DefaultListableBeanFactory     : Creating shared instance of singleton bean 'standardJacksonObjectMapperBuilderCustomizer'
2025-05-21T09:30:36.177+02:00 DEBUG 1388 --- [OC_P6] [           main] o.s.b.f.s.DefaultListableBeanFactory     : Creating shared instance of singleton bean 'org.springframework.boot.autoconfigure.jackson.JacksonAutoConfiguration$Jackson2ObjectMapperBuilderCustomizerConfiguration'
2025-05-21T09:30:36.184+02:00 DEBUG 1388 --- [OC_P6] [           main] o.s.b.f.s.DefaultListableBeanFactory     : Creating shared instance of singleton bean 'spring.jackson-org.springframework.boot.autoconfigure.jackson.JacksonProperties'
2025-05-21T09:30:36.235+02:00 DEBUG 1388 --- [OC_P6] [           main] o.s.b.f.s.DefaultListableBeanFactory     : Autowiring by type from bean name 'standardJacksonObjectMapperBuilderCustomizer' via factory method to bean named 'spring.jackson-org.springframework.boot.autoconfigure.jackson.JacksonProperties'
2025-05-21T09:30:36.238+02:00 DEBUG 1388 --- [OC_P6] [           main] o.s.b.f.s.DefaultListableBeanFactory     : Creating shared instance of singleton bean 'parameterNamesModule'
2025-05-21T09:30:36.238+02:00 DEBUG 1388 --- [OC_P6] [           main] o.s.b.f.s.DefaultListableBeanFactory     : Creating shared instance of singleton bean 'org.springframework.boot.autoconfigure.jackson.JacksonAutoConfiguration$ParameterNamesModuleConfiguration'
2025-05-21T09:30:36.243+02:00 DEBUG 1388 --- [OC_P6] [           main] o.s.b.f.s.DefaultListableBeanFactory     : Creating shared instance of singleton bean 'jsonMixinModule'
2025-05-21T09:30:36.244+02:00 DEBUG 1388 --- [OC_P6] [           main] o.s.b.f.s.DefaultListableBeanFactory     : Creating shared instance of singleton bean 'org.springframework.boot.autoconfigure.jackson.JacksonAutoConfiguration$JacksonMixinConfiguration'
2025-05-21T09:30:36.250+02:00 DEBUG 1388 --- [OC_P6] [           main] o.s.b.f.s.DefaultListableBeanFactory     : Creating shared instance of singleton bean 'jsonMixinModuleEntries'
2025-05-21T09:30:36.251+02:00 DEBUG 1388 --- [OC_P6] [           main] o.s.b.f.s.DefaultListableBeanFactory     : Autowiring by type from bean name 'jsonMixinModuleEntries' via factory method to bean named 'org.springframework.web.context.support.GenericWebApplicationContext@6796168'
2025-05-21T09:30:36.251+02:00 DEBUG 1388 --- [OC_P6] [           main] o.s.b.f.s.DefaultListableBeanFactory     : Creating shared instance of singleton bean 'org.springframework.boot.autoconfigure.AutoConfigurationPackages'
2025-05-21T09:30:36.254+02:00 DEBUG 1388 --- [OC_P6] [           main] o.s.b.a.AutoConfigurationPackages        : @EnableAutoConfiguration was declared on a class in the package 'com.pay_my_buddy.OC_P6'. Automatic @Repository and @Entity scanning is enabled.
2025-05-21T09:30:36.317+02:00 DEBUG 1388 --- [OC_P6] [           main] o.s.b.f.s.DefaultListableBeanFactory     : Autowiring by type from bean name 'jsonMixinModule' via factory method to bean named 'org.springframework.web.context.support.GenericWebApplicationContext@6796168'
2025-05-21T09:30:36.317+02:00 DEBUG 1388 --- [OC_P6] [           main] o.s.b.f.s.DefaultListableBeanFactory     : Autowiring by type from bean name 'jsonMixinModule' via factory method to bean named 'jsonMixinModuleEntries'
2025-05-21T09:30:36.328+02:00 DEBUG 1388 --- [OC_P6] [           main] o.s.b.f.s.DefaultListableBeanFactory     : Creating shared instance of singleton bean 'jsonComponentModule'
2025-05-21T09:30:36.329+02:00 DEBUG 1388 --- [OC_P6] [           main] o.s.b.f.s.DefaultListableBeanFactory     : Creating shared instance of singleton bean 'org.springframework.boot.autoconfigure.jackson.JacksonAutoConfiguration'
2025-05-21T09:30:36.334+02:00 DEBUG 1388 --- [OC_P6] [           main] o.s.b.f.s.DefaultListableBeanFactory     : Creating shared instance of singleton bean 'jacksonGeoModule'
2025-05-21T09:30:36.334+02:00 DEBUG 1388 --- [OC_P6] [           main] o.s.b.f.s.DefaultListableBeanFactory     : Creating shared instance of singleton bean 'org.springframework.data.web.config.SpringDataJacksonConfiguration'
2025-05-21T09:30:36.349+02:00 DEBUG 1388 --- [OC_P6] [           main] o.s.b.f.s.DefaultListableBeanFactory     : Creating shared instance of singleton bean 'springDataWebSettings'
2025-05-21T09:30:36.349+02:00 DEBUG 1388 --- [OC_P6] [           main] o.s.b.f.s.DefaultListableBeanFactory     : Creating shared instance of singleton bean 'org.springframework.boot.autoconfigure.data.web.SpringDataWebAutoConfiguration'
2025-05-21T09:30:36.350+02:00 DEBUG 1388 --- [OC_P6] [           main] o.s.b.f.s.DefaultListableBeanFactory     : Creating shared instance of singleton bean 'spring.data.web-org.springframework.boot.autoconfigure.data.web.SpringDataWebProperties'
2025-05-21T09:30:36.357+02:00 DEBUG 1388 --- [OC_P6] [           main] o.s.b.f.s.DefaultListableBeanFactory     : Autowiring by type from bean name 'org.springframework.boot.autoconfigure.data.web.SpringDataWebAutoConfiguration' via constructor to bean named 'spring.data.web-org.springframework.boot.autoconfigure.data.web.SpringDataWebProperties'
2025-05-21T09:30:36.367+02:00 DEBUG 1388 --- [OC_P6] [           main] o.s.b.f.s.DefaultListableBeanFactory     : Creating shared instance of singleton bean 'pageModule'
2025-05-21T09:30:36.367+02:00 DEBUG 1388 --- [OC_P6] [           main] o.s.b.f.s.DefaultListableBeanFactory     : Autowiring by type from bean name 'jacksonObjectMapperBuilder' via factory method to bean named 'org.springframework.web.context.support.GenericWebApplicationContext@6796168'
2025-05-21T09:30:36.367+02:00 DEBUG 1388 --- [OC_P6] [           main] o.s.b.f.s.DefaultListableBeanFactory     : Autowiring by type from bean name 'jacksonObjectMapperBuilder' via factory method to bean named 'standardJacksonObjectMapperBuilderCustomizer'
2025-05-21T09:30:36.367+02:00 DEBUG 1388 --- [OC_P6] [           main] o.s.b.f.s.DefaultListableBeanFactory     : Autowiring by type from bean name 'jacksonObjectMapper' via factory method to bean named 'jacksonObjectMapperBuilder'
2025-05-21T09:30:36.391+02:00 DEBUG 1388 --- [OC_P6] [           main] o.s.b.f.s.DefaultListableBeanFactory     : Autowiring by type from bean name 'mappingJackson2HttpMessageConverter' via factory method to bean named 'jacksonObjectMapper'
2025-05-21T09:30:36.466+02:00 DEBUG 1388 --- [OC_P6] [           main] o.s.b.f.s.DefaultListableBeanFactory     : Creating shared instance of singleton bean 'resourceHandlerMapping'
2025-05-21T09:30:36.466+02:00 DEBUG 1388 --- [OC_P6] [           main] o.s.b.f.s.DefaultListableBeanFactory     : Autowiring by type from bean name 'resourceHandlerMapping' via factory method to bean named 'mvcContentNegotiationManager'
2025-05-21T09:30:36.466+02:00 DEBUG 1388 --- [OC_P6] [           main] o.s.b.f.s.DefaultListableBeanFactory     : Autowiring by type from bean name 'resourceHandlerMapping' via factory method to bean named 'mvcConversionService'
2025-05-21T09:30:36.466+02:00 DEBUG 1388 --- [OC_P6] [           main] o.s.b.f.s.DefaultListableBeanFactory     : Autowiring by type from bean name 'resourceHandlerMapping' via factory method to bean named 'mvcResourceUrlProvider'
2025-05-21T09:30:36.483+02:00 DEBUG 1388 --- [OC_P6] [           main] o.s.w.s.handler.SimpleUrlHandlerMapping  : Patterns [/webjars/**, /**] in 'resourceHandlerMapping'
2025-05-21T09:30:36.484+02:00 DEBUG 1388 --- [OC_P6] [           main] o.s.b.f.s.DefaultListableBeanFactory     : Creating shared instance of singleton bean 'defaultServletHandlerMapping'
2025-05-21T09:30:36.499+02:00 DEBUG 1388 --- [OC_P6] [           main] o.s.b.f.s.DefaultListableBeanFactory     : Creating shared instance of singleton bean 'securityFilterChain'
2025-05-21T09:30:36.520+02:00 DEBUG 1388 --- [OC_P6] [           main] o.s.b.f.s.DefaultListableBeanFactory     : Autowiring by type from bean name 'securityFilterChain' via factory method to bean named 'org.springframework.security.config.annotation.web.configuration.HttpSecurityConfiguration.httpSecurity'
2025-05-21T09:30:36.549+02:00 DEBUG 1388 --- [OC_P6] [           main] o.s.b.f.s.DefaultListableBeanFactory     : Creating shared instance of singleton bean 'webAuthorizationManagerPostProcessor'
2025-05-21T09:30:36.599+02:00 DEBUG 1388 --- [OC_P6] [           main] o.s.b.f.s.DefaultListableBeanFactory     : Creating shared instance of singleton bean 'authenticationManagerPostProcessor'
2025-05-21T09:30:36.631+02:00 DEBUG 1388 --- [OC_P6] [           main] o.s.s.web.DefaultSecurityFilterChain     : Will secure any request with filters: DisableEncodeUrlFilter, WebAsyncManagerIntegrationFilter, SecurityContextHolderFilter, HeaderWriterFilter, LogoutFilter, RequestCacheAwareFilter, SecurityContextHolderAwareRequestFilter, AnonymousAuthenticationFilter, ExceptionTranslationFilter, AuthorizationFilter
2025-05-21T09:30:36.648+02:00 DEBUG 1388 --- [OC_P6] [           main] o.s.b.f.s.DefaultListableBeanFactory     : Creating shared instance of singleton bean 'delegatingApplicationListener'
2025-05-21T09:30:36.668+02:00 DEBUG 1388 --- [OC_P6] [           main] o.s.b.f.s.DefaultListableBeanFactory     : Creating shared instance of singleton bean 'springSecurityFilterChain'
2025-05-21T09:30:36.671+02:00 DEBUG 1388 --- [OC_P6] [           main] o.s.b.f.s.DefaultListableBeanFactory     : Creating shared instance of singleton bean 'webSecurityExpressionHandler'
2025-05-21T09:30:36.671+02:00 DEBUG 1388 --- [OC_P6] [           main] o.s.b.f.s.DefaultListableBeanFactory     : Creating shared instance of singleton bean 'privilegeEvaluator'
2025-05-21T09:30:36.681+02:00 DEBUG 1388 --- [OC_P6] [           main] o.s.b.f.s.DefaultListableBeanFactory     : Creating shared instance of singleton bean 'requestDataValueProcessor'
2025-05-21T09:30:36.684+02:00 DEBUG 1388 --- [OC_P6] [           main] o.s.b.f.s.DefaultListableBeanFactory     : Creating shared instance of singleton bean 'org.springframework.security.config.annotation.web.configuration.ObservationConfiguration'
2025-05-21T09:30:36.684+02:00 DEBUG 1388 --- [OC_P6] [           main] o.s.b.f.s.DefaultListableBeanFactory     : Creating shared instance of singleton bean 'org.springframework.boot.autoconfigure.task.TaskExecutorConfigurations$ThreadPoolTaskExecutorBuilderConfiguration'
2025-05-21T09:30:36.684+02:00 DEBUG 1388 --- [OC_P6] [           main] o.s.b.f.s.DefaultListableBeanFactory     : Creating shared instance of singleton bean 'threadPoolTaskExecutorBuilder'
2025-05-21T09:30:36.700+02:00 DEBUG 1388 --- [OC_P6] [           main] o.s.b.f.s.DefaultListableBeanFactory     : Creating shared instance of singleton bean 'spring.task.execution-org.springframework.boot.autoconfigure.task.TaskExecutionProperties'
2025-05-21T09:30:36.706+02:00 DEBUG 1388 --- [OC_P6] [           main] o.s.b.f.s.DefaultListableBeanFactory     : Autowiring by type from bean name 'threadPoolTaskExecutorBuilder' via factory method to bean named 'spring.task.execution-org.springframework.boot.autoconfigure.task.TaskExecutionProperties'
2025-05-21T09:30:36.725+02:00 DEBUG 1388 --- [OC_P6] [           main] o.s.b.f.s.DefaultListableBeanFactory     : Creating shared instance of singleton bean 'org.springframework.boot.autoconfigure.task.TaskExecutorConfigurations$SimpleAsyncTaskExecutorBuilderConfiguration'
2025-05-21T09:30:36.727+02:00 DEBUG 1388 --- [OC_P6] [           main] o.s.b.f.s.DefaultListableBeanFactory     : Autowiring by type from bean name 'org.springframework.boot.autoconfigure.task.TaskExecutorConfigurations$SimpleAsyncTaskExecutorBuilderConfiguration' via constructor to bean named 'spring.task.execution-org.springframework.boot.autoconfigure.task.TaskExecutionProperties'
2025-05-21T09:30:36.728+02:00 DEBUG 1388 --- [OC_P6] [           main] o.s.b.f.s.DefaultListableBeanFactory     : Creating shared instance of singleton bean 'simpleAsyncTaskExecutorBuilder'
2025-05-21T09:30:36.738+02:00 DEBUG 1388 --- [OC_P6] [           main] o.s.b.f.s.DefaultListableBeanFactory     : Creating shared instance of singleton bean 'org.springframework.boot.autoconfigure.task.TaskExecutorConfigurations$TaskExecutorConfiguration'
2025-05-21T09:30:36.739+02:00 DEBUG 1388 --- [OC_P6] [           main] o.s.b.f.s.DefaultListableBeanFactory     : Creating shared instance of singleton bean 'org.springframework.boot.autoconfigure.task.TaskExecutionAutoConfiguration'
2025-05-21T09:30:36.740+02:00 DEBUG 1388 --- [OC_P6] [           main] o.s.b.f.s.DefaultListableBeanFactory     : Creating shared instance of singleton bean 'org.springframework.boot.autoconfigure.validation.ValidationAutoConfiguration'
2025-05-21T09:30:36.742+02:00 DEBUG 1388 --- [OC_P6] [           main] o.s.b.f.s.DefaultListableBeanFactory     : Creating shared instance of singleton bean 'defaultValidator'
2025-05-21T09:30:36.743+02:00 DEBUG 1388 --- [OC_P6] [           main] o.s.b.f.s.DefaultListableBeanFactory     : Autowiring by type from bean name 'defaultValidator' via factory method to bean named 'org.springframework.web.context.support.GenericWebApplicationContext@6796168'
2025-05-21T09:30:36.801+02:00 DEBUG 1388 --- [OC_P6] [           main] o.s.b.f.s.DefaultListableBeanFactory     : Creating shared instance of singleton bean 'org.springframework.boot.autoconfigure.web.servlet.error.ErrorMvcAutoConfiguration$WhitelabelErrorViewConfiguration'
2025-05-21T09:30:36.818+02:00 DEBUG 1388 --- [OC_P6] [           main] o.s.b.f.s.DefaultListableBeanFactory     : Creating shared instance of singleton bean 'error'
2025-05-21T09:30:36.819+02:00 DEBUG 1388 --- [OC_P6] [           main] o.s.b.f.s.DefaultListableBeanFactory     : Creating shared instance of singleton bean 'beanNameViewResolver'
2025-05-21T09:30:36.821+02:00 DEBUG 1388 --- [OC_P6] [           main] o.s.b.f.s.DefaultListableBeanFactory     : Creating shared instance of singleton bean 'org.springframework.boot.autoconfigure.web.servlet.error.ErrorMvcAutoConfiguration$DefaultErrorViewResolverConfiguration'
2025-05-21T09:30:36.823+02:00 DEBUG 1388 --- [OC_P6] [           main] o.s.b.f.s.DefaultListableBeanFactory     : Autowiring by type from bean name 'org.springframework.boot.autoconfigure.web.servlet.error.ErrorMvcAutoConfiguration$DefaultErrorViewResolverConfiguration' via constructor to bean named 'org.springframework.web.context.support.GenericWebApplicationContext@6796168'
2025-05-21T09:30:36.823+02:00 DEBUG 1388 --- [OC_P6] [           main] o.s.b.f.s.DefaultListableBeanFactory     : Autowiring by type from bean name 'org.springframework.boot.autoconfigure.web.servlet.error.ErrorMvcAutoConfiguration$DefaultErrorViewResolverConfiguration' via constructor to bean named 'spring.web-org.springframework.boot.autoconfigure.web.WebProperties'
2025-05-21T09:30:36.823+02:00 DEBUG 1388 --- [OC_P6] [           main] o.s.b.f.s.DefaultListableBeanFactory     : Creating shared instance of singleton bean 'org.springframework.boot.autoconfigure.web.servlet.error.ErrorMvcAutoConfiguration'
2025-05-21T09:30:36.823+02:00 DEBUG 1388 --- [OC_P6] [           main] o.s.b.f.s.DefaultListableBeanFactory     : Creating shared instance of singleton bean 'server-org.springframework.boot.autoconfigure.web.ServerProperties'
2025-05-21T09:30:36.872+02:00 DEBUG 1388 --- [OC_P6] [           main] o.s.b.f.s.DefaultListableBeanFactory     : Autowiring by type from bean name 'org.springframework.boot.autoconfigure.web.servlet.error.ErrorMvcAutoConfiguration' via constructor to bean named 'server-org.springframework.boot.autoconfigure.web.ServerProperties'
2025-05-21T09:30:36.873+02:00 DEBUG 1388 --- [OC_P6] [           main] o.s.b.f.s.DefaultListableBeanFactory     : Creating shared instance of singleton bean 'errorAttributes'
2025-05-21T09:30:36.875+02:00 DEBUG 1388 --- [OC_P6] [           main] o.s.b.f.s.DefaultListableBeanFactory     : Creating shared instance of singleton bean 'basicErrorController'
2025-05-21T09:30:36.875+02:00 DEBUG 1388 --- [OC_P6] [           main] o.s.b.f.s.DefaultListableBeanFactory     : Autowiring by type from bean name 'basicErrorController' via factory method to bean named 'errorAttributes'
2025-05-21T09:30:36.884+02:00 DEBUG 1388 --- [OC_P6] [           main] o.s.b.f.s.DefaultListableBeanFactory     : Creating shared instance of singleton bean 'errorPageCustomizer'
2025-05-21T09:30:36.884+02:00 DEBUG 1388 --- [OC_P6] [           main] o.s.b.f.s.DefaultListableBeanFactory     : Creating shared instance of singleton bean 'dispatcherServletPath'
2025-05-21T09:30:36.884+02:00 DEBUG 1388 --- [OC_P6] [           main] o.s.b.f.s.DefaultListableBeanFactory     : Creating shared instance of singleton bean 'org.springframework.boot.test.autoconfigure.web.servlet.MockMvcAutoConfiguration'
2025-05-21T09:30:36.884+02:00 DEBUG 1388 --- [OC_P6] [           main] o.s.b.f.s.DefaultListableBeanFactory     : Autowiring by type from bean name 'dispatcherServletPath' via factory method to bean named 'spring.mvc-org.springframework.boot.autoconfigure.web.servlet.WebMvcProperties'
2025-05-21T09:30:36.884+02:00 DEBUG 1388 --- [OC_P6] [           main] o.s.b.f.s.DefaultListableBeanFactory     : Autowiring by type from bean name 'errorPageCustomizer' via factory method to bean named 'dispatcherServletPath'
2025-05-21T09:30:36.896+02:00 DEBUG 1388 --- [OC_P6] [           main] o.s.b.f.s.DefaultListableBeanFactory     : Creating shared instance of singleton bean 'localeResolver'
2025-05-21T09:30:36.903+02:00 DEBUG 1388 --- [OC_P6] [           main] o.s.b.f.s.DefaultListableBeanFactory     : Creating shared instance of singleton bean 'themeResolver'
2025-05-21T09:30:36.921+02:00 DEBUG 1388 --- [OC_P6] [           main] o.s.b.f.s.DefaultListableBeanFactory     : Creating shared instance of singleton bean 'flashMapManager'
2025-05-21T09:30:36.922+02:00 DEBUG 1388 --- [OC_P6] [           main] o.s.b.f.s.DefaultListableBeanFactory     : Creating shared instance of singleton bean 'viewNameTranslator'
2025-05-21T09:30:36.922+02:00 DEBUG 1388 --- [OC_P6] [           main] o.s.b.f.s.DefaultListableBeanFactory     : Creating shared instance of singleton bean 'mvcValidator'
2025-05-21T09:30:36.935+02:00 DEBUG 1388 --- [OC_P6] [           main] o.s.b.f.s.DefaultListableBeanFactory     : Creating shared instance of singleton bean 'mvcPatternParser'
2025-05-21T09:30:36.936+02:00 DEBUG 1388 --- [OC_P6] [           main] o.s.b.f.s.DefaultListableBeanFactory     : Creating shared instance of singleton bean 'mvcUrlPathHelper'
2025-05-21T09:30:36.939+02:00 DEBUG 1388 --- [OC_P6] [           main] o.s.b.f.s.DefaultListableBeanFactory     : Creating shared instance of singleton bean 'mvcPathMatcher'
2025-05-21T09:30:36.947+02:00 DEBUG 1388 --- [OC_P6] [           main] o.s.b.f.s.DefaultListableBeanFactory     : Creating shared instance of singleton bean 'requestMappingHandlerAdapter'
2025-05-21T09:30:36.952+02:00 DEBUG 1388 --- [OC_P6] [           main] o.s.b.f.s.DefaultListableBeanFactory     : Autowiring by type from bean name 'requestMappingHandlerAdapter' via factory method to bean named 'mvcContentNegotiationManager'
2025-05-21T09:30:36.952+02:00 DEBUG 1388 --- [OC_P6] [           main] o.s.b.f.s.DefaultListableBeanFactory     : Autowiring by type from bean name 'requestMappingHandlerAdapter' via factory method to bean named 'mvcConversionService'
2025-05-21T09:30:36.952+02:00 DEBUG 1388 --- [OC_P6] [           main] o.s.b.f.s.DefaultListableBeanFactory     : Autowiring by type from bean name 'requestMappingHandlerAdapter' via factory method to bean named 'mvcValidator'
2025-05-21T09:30:36.952+02:00 DEBUG 1388 --- [OC_P6] [           main] o.s.b.f.s.DefaultListableBeanFactory     : Creating shared instance of singleton bean 'sortResolver'
2025-05-21T09:30:36.966+02:00 DEBUG 1388 --- [OC_P6] [           main] o.s.b.f.s.DefaultListableBeanFactory     : Creating shared instance of singleton bean 'sortCustomizer'
2025-05-21T09:30:36.966+02:00 DEBUG 1388 --- [OC_P6] [           main] o.s.b.f.s.DefaultListableBeanFactory     : Creating shared instance of singleton bean 'pageableResolver'
2025-05-21T09:30:36.966+02:00 DEBUG 1388 --- [OC_P6] [           main] o.s.b.f.s.DefaultListableBeanFactory     : Creating shared instance of singleton bean 'pageableCustomizer'
2025-05-21T09:30:36.966+02:00 DEBUG 1388 --- [OC_P6] [           main] o.s.b.f.s.DefaultListableBeanFactory     : Creating shared instance of singleton bean 'applicationTaskExecutor'
2025-05-21T09:30:36.999+02:00 DEBUG 1388 --- [OC_P6] [           main] o.s.b.f.s.DefaultListableBeanFactory     : Autowiring by type from bean name 'applicationTaskExecutor' via factory method to bean named 'threadPoolTaskExecutorBuilder'
2025-05-21T09:30:37.007+02:00 DEBUG 1388 --- [OC_P6] [           main] o.s.s.concurrent.ThreadPoolTaskExecutor  : Initializing ExecutorService 'applicationTaskExecutor'
2025-05-21T09:30:37.018+02:00 DEBUG 1388 --- [OC_P6] [           main] s.w.s.m.m.a.RequestMappingHandlerAdapter : ControllerAdvice beans: 0 @ModelAttribute, 0 @InitBinder, 1 RequestBodyAdvice, 1 ResponseBodyAdvice
2025-05-21T09:30:37.029+02:00 DEBUG 1388 --- [OC_P6] [           main] o.s.b.f.s.DefaultListableBeanFactory     : Creating shared instance of singleton bean 'mvcViewResolver'
2025-05-21T09:30:37.031+02:00 DEBUG 1388 --- [OC_P6] [           main] o.s.b.f.s.DefaultListableBeanFactory     : Autowiring by type from bean name 'mvcViewResolver' via factory method to bean named 'mvcContentNegotiationManager'
2025-05-21T09:30:37.035+02:00 DEBUG 1388 --- [OC_P6] [           main] o.s.b.f.s.DefaultListableBeanFactory     : Creating shared instance of singleton bean 'defaultViewResolver'
2025-05-21T09:30:37.039+02:00 DEBUG 1388 --- [OC_P6] [           main] o.s.b.f.s.DefaultListableBeanFactory     : Creating shared instance of singleton bean 'viewResolver'
2025-05-21T09:30:37.051+02:00 DEBUG 1388 --- [OC_P6] [           main] o.s.b.f.s.DefaultListableBeanFactory     : Autowiring by type from bean name 'viewResolver' via factory method to bean named 'org.springframework.beans.factory.support.DefaultListableBeanFactory@3d74c925'
2025-05-21T09:30:37.063+02:00 DEBUG 1388 --- [OC_P6] [           main] o.s.b.f.s.DefaultListableBeanFactory     : Creating shared instance of singleton bean 'viewResolver'
2025-05-21T09:30:37.067+02:00 DEBUG 1388 --- [OC_P6] [           main] o.s.b.f.s.DefaultListableBeanFactory     : Creating shared instance of singleton bean 'thymeleafViewResolver'
2025-05-21T09:30:37.068+02:00 DEBUG 1388 --- [OC_P6] [           main] o.s.b.f.s.DefaultListableBeanFactory     : Creating shared instance of singleton bean 'org.springframework.boot.autoconfigure.thymeleaf.ThymeleafAutoConfiguration$ThymeleafWebMvcConfiguration$ThymeleafViewResolverConfiguration'
2025-05-21T09:30:37.070+02:00 DEBUG 1388 --- [OC_P6] [           main] o.s.b.f.s.DefaultListableBeanFactory     : Creating shared instance of singleton bean 'spring.thymeleaf-org.springframework.boot.autoconfigure.thymeleaf.ThymeleafProperties'
2025-05-21T09:30:37.101+02:00 DEBUG 1388 --- [OC_P6] [           main] o.s.b.f.s.DefaultListableBeanFactory     : Creating shared instance of singleton bean 'templateEngine'
2025-05-21T09:30:37.103+02:00 DEBUG 1388 --- [OC_P6] [           main] o.s.b.f.s.DefaultListableBeanFactory     : Creating shared instance of singleton bean 'org.springframework.boot.autoconfigure.thymeleaf.TemplateEngineConfigurations$DefaultTemplateEngineConfiguration'
2025-05-21T09:30:37.119+02:00 DEBUG 1388 --- [OC_P6] [           main] o.s.b.f.s.DefaultListableBeanFactory     : Autowiring by type from bean name 'templateEngine' via factory method to bean named 'spring.thymeleaf-org.springframework.boot.autoconfigure.thymeleaf.ThymeleafProperties'
2025-05-21T09:30:37.121+02:00 DEBUG 1388 --- [OC_P6] [           main] o.s.b.f.s.DefaultListableBeanFactory     : Creating shared instance of singleton bean 'defaultTemplateResolver'
2025-05-21T09:30:37.122+02:00 DEBUG 1388 --- [OC_P6] [           main] o.s.b.f.s.DefaultListableBeanFactory     : Creating shared instance of singleton bean 'org.springframework.boot.autoconfigure.thymeleaf.ThymeleafAutoConfiguration$DefaultTemplateResolverConfiguration'
2025-05-21T09:30:37.122+02:00 DEBUG 1388 --- [OC_P6] [           main] o.s.b.f.s.DefaultListableBeanFactory     : Autowiring by type from bean name 'org.springframework.boot.autoconfigure.thymeleaf.ThymeleafAutoConfiguration$DefaultTemplateResolverConfiguration' via constructor to bean named 'spring.thymeleaf-org.springframework.boot.autoconfigure.thymeleaf.ThymeleafProperties'
2025-05-21T09:30:37.123+02:00 DEBUG 1388 --- [OC_P6] [           main] o.s.b.f.s.DefaultListableBeanFactory     : Autowiring by type from bean name 'org.springframework.boot.autoconfigure.thymeleaf.ThymeleafAutoConfiguration$DefaultTemplateResolverConfiguration' via constructor to bean named 'org.springframework.web.context.support.GenericWebApplicationContext@6796168'
2025-05-21T09:30:37.131+02:00 DEBUG 1388 --- [OC_P6] [           main] o.s.b.f.s.DefaultListableBeanFactory     : Autowiring by type from bean name 'thymeleafViewResolver' via factory method to bean named 'spring.thymeleaf-org.springframework.boot.autoconfigure.thymeleaf.ThymeleafProperties'
2025-05-21T09:30:37.131+02:00 DEBUG 1388 --- [OC_P6] [           main] o.s.b.f.s.DefaultListableBeanFactory     : Autowiring by type from bean name 'thymeleafViewResolver' via factory method to bean named 'templateEngine'
2025-05-21T09:30:37.139+02:00 DEBUG 1388 --- [OC_P6] [           main] o.s.b.f.s.DefaultListableBeanFactory     : Creating shared instance of singleton bean 'handlerFunctionAdapter'
2025-05-21T09:30:37.141+02:00 DEBUG 1388 --- [OC_P6] [           main] o.s.b.f.s.DefaultListableBeanFactory     : Creating shared instance of singleton bean 'mvcUriComponentsContributor'
2025-05-21T09:30:37.142+02:00 DEBUG 1388 --- [OC_P6] [           main] o.s.b.f.s.DefaultListableBeanFactory     : Autowiring by type from bean name 'mvcUriComponentsContributor' via factory method to bean named 'mvcConversionService'
2025-05-21T09:30:37.143+02:00 DEBUG 1388 --- [OC_P6] [           main] o.s.b.f.s.DefaultListableBeanFactory     : Autowiring by type from bean name 'mvcUriComponentsContributor' via factory method to bean named 'requestMappingHandlerAdapter'
2025-05-21T09:30:37.144+02:00 DEBUG 1388 --- [OC_P6] [           main] o.s.b.f.s.DefaultListableBeanFactory     : Creating shared instance of singleton bean 'httpRequestHandlerAdapter'
2025-05-21T09:30:37.147+02:00 DEBUG 1388 --- [OC_P6] [           main] o.s.b.f.s.DefaultListableBeanFactory     : Creating shared instance of singleton bean 'simpleControllerHandlerAdapter'
2025-05-21T09:30:37.150+02:00 DEBUG 1388 --- [OC_P6] [           main] o.s.b.f.s.DefaultListableBeanFactory     : Creating shared instance of singleton bean 'handlerExceptionResolver'
2025-05-21T09:30:37.154+02:00 DEBUG 1388 --- [OC_P6] [           main] o.s.b.f.s.DefaultListableBeanFactory     : Autowiring by type from bean name 'handlerExceptionResolver' via factory method to bean named 'mvcContentNegotiationManager'
2025-05-21T09:30:37.174+02:00 DEBUG 1388 --- [OC_P6] [           main] .m.m.a.ExceptionHandlerExceptionResolver : ControllerAdvice beans: 1 @ExceptionHandler, 1 ResponseBodyAdvice
2025-05-21T09:30:37.175+02:00 DEBUG 1388 --- [OC_P6] [           main] o.s.b.f.s.DefaultListableBeanFactory     : Creating shared instance of singleton bean 'requestContextFilter'
2025-05-21T09:30:37.175+02:00 DEBUG 1388 --- [OC_P6] [           main] o.s.b.f.s.DefaultListableBeanFactory     : Creating shared instance of singleton bean 'org.springframework.boot.autoconfigure.web.servlet.WebMvcAutoConfiguration'
2025-05-21T09:30:37.181+02:00 DEBUG 1388 --- [OC_P6] [           main] o.s.b.f.s.DefaultListableBeanFactory     : Creating shared instance of singleton bean 'formContentFilter'
2025-05-21T09:30:37.184+02:00 DEBUG 1388 --- [OC_P6] [           main] o.s.b.f.s.DefaultListableBeanFactory     : Creating shared instance of singleton bean 'org.springframework.boot.autoconfigure.http.JacksonHttpMessageConvertersConfiguration'
2025-05-21T09:30:37.184+02:00 DEBUG 1388 --- [OC_P6] [           main] o.s.b.f.s.DefaultListableBeanFactory     : Creating shared instance of singleton bean 'org.springframework.data.web.config.ProjectingArgumentResolverRegistrar'
2025-05-21T09:30:37.184+02:00 DEBUG 1388 --- [OC_P6] [           main] o.s.b.f.s.DefaultListableBeanFactory     : Creating shared instance of singleton bean 'offsetResolver'
2025-05-21T09:30:37.198+02:00 DEBUG 1388 --- [OC_P6] [           main] o.s.b.f.s.DefaultListableBeanFactory     : Creating shared instance of singleton bean 'org.springframework.boot.autoconfigure.security.servlet.SpringBootWebSecurityConfiguration'
2025-05-21T09:30:37.201+02:00 DEBUG 1388 --- [OC_P6] [           main] o.s.b.f.s.DefaultListableBeanFactory     : Creating shared instance of singleton bean 'org.springframework.boot.autoconfigure.security.servlet.SecurityFilterAutoConfiguration'
2025-05-21T09:30:37.202+02:00 DEBUG 1388 --- [OC_P6] [           main] o.s.b.f.s.DefaultListableBeanFactory     : Creating shared instance of singleton bean 'securityFilterChainRegistration'
2025-05-21T09:30:37.202+02:00 DEBUG 1388 --- [OC_P6] [           main] o.s.b.f.s.DefaultListableBeanFactory     : Autowiring by type from bean name 'securityFilterChainRegistration' via factory method to bean named 'spring.security-org.springframework.boot.autoconfigure.security.SecurityProperties'
2025-05-21T09:30:37.206+02:00 DEBUG 1388 --- [OC_P6] [           main] o.s.b.f.s.DefaultListableBeanFactory     : Creating shared instance of singleton bean 'org.springframework.boot.autoconfigure.thymeleaf.ThymeleafAutoConfiguration$ThymeleafWebMvcConfiguration'
2025-05-21T09:30:37.206+02:00 DEBUG 1388 --- [OC_P6] [           main] o.s.b.f.s.DefaultListableBeanFactory     : Creating shared instance of singleton bean 'org.springframework.boot.autoconfigure.thymeleaf.ThymeleafAutoConfiguration'
2025-05-21T09:30:37.206+02:00 DEBUG 1388 --- [OC_P6] [           main] o.s.b.f.s.DefaultListableBeanFactory     : Creating shared instance of singleton bean 'org.springframework.boot.autoconfigure.web.servlet.HttpEncodingAutoConfiguration'
2025-05-21T09:30:37.206+02:00 DEBUG 1388 --- [OC_P6] [           main] o.s.b.f.s.DefaultListableBeanFactory     : Autowiring by type from bean name 'org.springframework.boot.autoconfigure.web.servlet.HttpEncodingAutoConfiguration' via constructor to bean named 'server-org.springframework.boot.autoconfigure.web.ServerProperties'
2025-05-21T09:30:37.206+02:00 DEBUG 1388 --- [OC_P6] [           main] o.s.b.f.s.DefaultListableBeanFactory     : Creating shared instance of singleton bean 'characterEncodingFilter'
2025-05-21T09:30:37.222+02:00 DEBUG 1388 --- [OC_P6] [           main] o.s.b.f.s.DefaultListableBeanFactory     : Creating shared instance of singleton bean 'localeCharsetMappingsCustomizer'
2025-05-21T09:30:37.223+02:00 DEBUG 1388 --- [OC_P6] [           main] o.s.b.f.s.DefaultListableBeanFactory     : Creating shared instance of singleton bean 'org.springframework.boot.test.autoconfigure.web.servlet.MockMvcConfiguration'
2025-05-21T09:30:37.225+02:00 DEBUG 1388 --- [OC_P6] [           main] o.s.b.f.s.DefaultListableBeanFactory     : Autowiring by type from bean name 'org.springframework.boot.test.autoconfigure.web.servlet.MockMvcConfiguration' via constructor to bean named 'org.springframework.web.context.support.GenericWebApplicationContext@6796168'
2025-05-21T09:30:37.225+02:00 DEBUG 1388 --- [OC_P6] [           main] o.s.b.f.s.DefaultListableBeanFactory     : Autowiring by type from bean name 'org.springframework.boot.test.autoconfigure.web.servlet.MockMvcConfiguration' via constructor to bean named 'spring.mvc-org.springframework.boot.autoconfigure.web.servlet.WebMvcProperties'
2025-05-21T09:30:37.226+02:00 DEBUG 1388 --- [OC_P6] [           main] o.s.b.f.s.DefaultListableBeanFactory     : Creating shared instance of singleton bean 'mockMvcBuilder'
2025-05-21T09:30:37.233+02:00 DEBUG 1388 --- [OC_P6] [           main] o.s.b.f.s.DefaultListableBeanFactory     : Creating shared instance of singleton bean 'springBootMockMvcBuilderCustomizer'
2025-05-21T09:30:37.235+02:00 DEBUG 1388 --- [OC_P6] [           main] o.s.b.f.s.DefaultListableBeanFactory     : Creating shared instance of singleton bean 'securityMockMvcBuilderCustomizer'
2025-05-21T09:30:37.235+02:00 DEBUG 1388 --- [OC_P6] [           main] o.s.b.f.s.DefaultListableBeanFactory     : Creating shared instance of singleton bean 'org.springframework.boot.test.autoconfigure.web.servlet.MockMvcSecurityConfiguration'
2025-05-21T09:30:37.235+02:00 DEBUG 1388 --- [OC_P6] [           main] o.s.b.f.s.DefaultListableBeanFactory     : Autowiring by type from bean name 'mockMvcBuilder' via factory method to bean named 'springBootMockMvcBuilderCustomizer'
2025-05-21T09:30:37.235+02:00 DEBUG 1388 --- [OC_P6] [           main] o.s.b.f.s.DefaultListableBeanFactory     : Autowiring by type from bean name 'mockMvcBuilder' via factory method to bean named 'securityMockMvcBuilderCustomizer'
2025-05-21T09:30:37.249+02:00 DEBUG 1388 --- [OC_P6] [           main] o.s.b.w.s.ServletContextInitializerBeans : Mapping filters: springSecurityFilterChain urls=[/*] order=-100, characterEncodingFilter urls=[/*] order=-2147483648, formContentFilter urls=[/*] order=-9900, requestContextFilter urls=[/*] order=-105
2025-05-21T09:30:37.249+02:00 DEBUG 1388 --- [OC_P6] [           main] o.s.b.w.s.ServletContextInitializerBeans : Mapping servlets: 
2025-05-21T09:30:37.249+02:00 DEBUG 1388 --- [OC_P6] [           main] o.s.b.f.s.DefaultListableBeanFactory     : Creating shared instance of singleton bean 'mockMvc'
2025-05-21T09:30:37.249+02:00 DEBUG 1388 --- [OC_P6] [           main] o.s.b.f.s.DefaultListableBeanFactory     : Autowiring by type from bean name 'mockMvc' via factory method to bean named 'mockMvcBuilder'
2025-05-21T09:30:37.249+02:00 DEBUG 1388 --- [OC_P6] [           main] s.b.w.s.f.OrderedCharacterEncodingFilter : Filter 'characterEncodingFilter' configured for use
2025-05-21T09:30:37.249+02:00 DEBUG 1388 --- [OC_P6] [           main] o.s.b.w.s.f.OrderedFormContentFilter     : Filter 'formContentFilter' configured for use
2025-05-21T09:30:37.249+02:00 DEBUG 1388 --- [OC_P6] [           main] o.s.b.w.s.f.OrderedRequestContextFilter  : Filter 'requestContextFilter' configured for use
2025-05-21T09:30:37.249+02:00 DEBUG 1388 --- [OC_P6] [           main] .DelegatingFilterProxyRegistrationBean$1 : Filter 'springSecurityFilterChain' configured for use
2025-05-21T09:30:37.249+02:00  INFO 1388 --- [OC_P6] [           main] o.s.b.t.m.w.SpringBootMockServletContext : Initializing Spring TestDispatcherServlet ''
2025-05-21T09:30:37.249+02:00  INFO 1388 --- [OC_P6] [           main] o.s.t.web.servlet.TestDispatcherServlet  : Initializing Servlet ''
2025-05-21T09:30:37.249+02:00 DEBUG 1388 --- [OC_P6] [           main] o.s.t.web.servlet.TestDispatcherServlet  : Detected AcceptHeaderLocaleResolver
2025-05-21T09:30:37.249+02:00 DEBUG 1388 --- [OC_P6] [           main] o.s.t.web.servlet.TestDispatcherServlet  : Detected FixedThemeResolver
2025-05-21T09:30:37.283+02:00 DEBUG 1388 --- [OC_P6] [           main] o.s.t.web.servlet.TestDispatcherServlet  : Detected org.springframework.web.servlet.view.DefaultRequestToViewNameTranslator@22283722
2025-05-21T09:30:37.283+02:00 DEBUG 1388 --- [OC_P6] [           main] o.s.t.web.servlet.TestDispatcherServlet  : Detected org.springframework.web.servlet.support.SessionFlashMapManager@2efddbd7
2025-05-21T09:30:37.283+02:00 DEBUG 1388 --- [OC_P6] [           main] o.s.t.web.servlet.TestDispatcherServlet  : enableLoggingRequestDetails='false': request parameters and headers will be masked to prevent unsafe logging of potentially sensitive data
2025-05-21T09:30:37.283+02:00  INFO 1388 --- [OC_P6] [           main] o.s.t.web.servlet.TestDispatcherServlet  : Completed initialization in 34 ms
2025-05-21T09:30:37.283+02:00 DEBUG 1388 --- [OC_P6] [           main] o.s.b.f.s.DefaultListableBeanFactory     : Creating shared instance of singleton bean 'org.springframework.boot.test.autoconfigure.web.servlet.MockMvcTesterConfiguration'
2025-05-21T09:30:37.283+02:00 DEBUG 1388 --- [OC_P6] [           main] o.s.b.f.s.DefaultListableBeanFactory     : Creating shared instance of singleton bean 'mockMvcTester'
2025-05-21T09:30:37.283+02:00 DEBUG 1388 --- [OC_P6] [           main] o.s.b.f.s.DefaultListableBeanFactory     : Autowiring by type from bean name 'mockMvcTester' via factory method to bean named 'mockMvc'
2025-05-21T09:30:37.283+02:00 DEBUG 1388 --- [OC_P6] [           main] o.s.b.f.s.DefaultListableBeanFactory     : Creating shared instance of singleton bean 'dispatcherServlet'
2025-05-21T09:30:37.298+02:00 DEBUG 1388 --- [OC_P6] [           main] o.s.b.f.s.DefaultListableBeanFactory     : Autowiring by type from bean name 'dispatcherServlet' via factory method to bean named 'mockMvc'
2025-05-21T09:30:37.383+02:00 DEBUG 1388 --- [OC_P6] [           main] o.s.c.support.DefaultLifecycleProcessor  : Starting beans in phase -2147483647
2025-05-21T09:30:37.383+02:00 DEBUG 1388 --- [OC_P6] [           main] o.s.c.support.DefaultLifecycleProcessor  : Successfully started bean 'springBootLoggingLifecycle'
2025-05-21T09:30:37.383+02:00 DEBUG 1388 --- [OC_P6] [           main] o.s.c.support.DefaultLifecycleProcessor  : Starting beans in phase 1073741823
2025-05-21T09:30:37.383+02:00 DEBUG 1388 --- [OC_P6] [           main] .s.b.a.l.ConditionEvaluationReportLogger : 


============================
CONDITIONS EVALUATION REPORT
============================


Positive matches:
-----------------

   ErrorMvcAutoConfiguration matched:
      - @ConditionalOnClass found required classes 'jakarta.servlet.Servlet', 'org.springframework.web.servlet.DispatcherServlet' (OnClassCondition)
      - found 'session' scope (OnWebApplicationCondition)

   ErrorMvcAutoConfiguration#basicErrorController matched:
      - @ConditionalOnMissingBean (types: org.springframework.boot.web.servlet.error.ErrorController; SearchStrategy: current) did not find any beans (OnBeanCondition)

   ErrorMvcAutoConfiguration#errorAttributes matched:
      - @ConditionalOnMissingBean (types: org.springframework.boot.web.servlet.error.ErrorAttributes; SearchStrategy: current) did not find any beans (OnBeanCondition)

   ErrorMvcAutoConfiguration.WhitelabelErrorViewConfiguration matched:
      - @ConditionalOnProperty (server.error.whitelabel.enabled) matched (OnPropertyCondition)
      - ErrorTemplate Missing did not find error template view (ErrorMvcAutoConfiguration.ErrorTemplateMissingCondition)

   ErrorMvcAutoConfiguration.WhitelabelErrorViewConfiguration#beanNameViewResolver matched:
      - @ConditionalOnMissingBean (types: org.springframework.web.servlet.view.BeanNameViewResolver; SearchStrategy: all) did not find any beans (OnBeanCondition)

   ErrorMvcAutoConfiguration.WhitelabelErrorViewConfiguration#defaultErrorView matched:
      - @ConditionalOnMissingBean (names: error; SearchStrategy: all) did not find any beans (OnBeanCondition)

   HttpEncodingAutoConfiguration matched:
      - @ConditionalOnClass found required class 'org.springframework.web.filter.CharacterEncodingFilter' (OnClassCondition)
      - found 'session' scope (OnWebApplicationCondition)
      - @ConditionalOnProperty (server.servlet.encoding.enabled) matched (OnPropertyCondition)

   HttpEncodingAutoConfiguration#characterEncodingFilter matched:
      - @ConditionalOnMissingBean (types: org.springframework.web.filter.CharacterEncodingFilter; SearchStrategy: all) did not find any beans (OnBeanCondition)

   HttpMessageConvertersAutoConfiguration matched:
      - @ConditionalOnClass found required class 'org.springframework.http.converter.HttpMessageConverter' (OnClassCondition)
      - NoneNestedConditions 0 matched 1 did not; NestedCondition on HttpMessageConvertersAutoConfiguration.NotReactiveWebApplicationCondition.ReactiveWebApplication did not find reactive web application classes (HttpMessageConvertersAutoConfiguration.NotReactiveWebApplicationCondition)

   HttpMessageConvertersAutoConfiguration#messageConverters matched:
      - @ConditionalOnMissingBean (types: org.springframework.boot.autoconfigure.http.HttpMessageConverters; SearchStrategy: all) did not find any beans (OnBeanCondition)

   HttpMessageConvertersAutoConfiguration.StringHttpMessageConverterConfiguration matched:
      - @ConditionalOnClass found required class 'org.springframework.http.converter.StringHttpMessageConverter' (OnClassCondition)

   HttpMessageConvertersAutoConfiguration.StringHttpMessageConverterConfiguration#stringHttpMessageConverter matched:
      - @ConditionalOnMissingBean (types: org.springframework.http.converter.StringHttpMessageConverter; SearchStrategy: all) did not find any beans (OnBeanCondition)

   JacksonAutoConfiguration matched:
      - @ConditionalOnClass found required class 'com.fasterxml.jackson.databind.ObjectMapper' (OnClassCondition)

   JacksonAutoConfiguration.Jackson2ObjectMapperBuilderCustomizerConfiguration matched:
      - @ConditionalOnClass found required class 'org.springframework.http.converter.json.Jackson2ObjectMapperBuilder' (OnClassCondition)

   JacksonAutoConfiguration.JacksonObjectMapperBuilderConfiguration matched:
      - @ConditionalOnClass found required class 'org.springframework.http.converter.json.Jackson2ObjectMapperBuilder' (OnClassCondition)

   JacksonAutoConfiguration.JacksonObjectMapperBuilderConfiguration#jacksonObjectMapperBuilder matched:
      - @ConditionalOnMissingBean (types: org.springframework.http.converter.json.Jackson2ObjectMapperBuilder; SearchStrategy: all) did not find any beans (OnBeanCondition)

   JacksonAutoConfiguration.JacksonObjectMapperConfiguration matched:
      - @ConditionalOnClass found required class 'org.springframework.http.converter.json.Jackson2ObjectMapperBuilder' (OnClassCondition)

   JacksonAutoConfiguration.JacksonObjectMapperConfiguration#jacksonObjectMapper matched:
      - @ConditionalOnMissingBean (types: com.fasterxml.jackson.databind.ObjectMapper; SearchStrategy: all) did not find any beans (OnBeanCondition)

   JacksonAutoConfiguration.ParameterNamesModuleConfiguration matched:
      - @ConditionalOnClass found required class 'com.fasterxml.jackson.module.paramnames.ParameterNamesModule' (OnClassCondition)

   JacksonAutoConfiguration.ParameterNamesModuleConfiguration#parameterNamesModule matched:
      - @ConditionalOnMissingBean (types: com.fasterxml.jackson.module.paramnames.ParameterNamesModule; SearchStrategy: all) did not find any beans (OnBeanCondition)

   JacksonHttpMessageConvertersConfiguration.MappingJackson2HttpMessageConverterConfiguration matched:
      - @ConditionalOnClass found required class 'com.fasterxml.jackson.databind.ObjectMapper' (OnClassCondition)
      - @ConditionalOnProperty (spring.mvc.converters.preferred-json-mapper=jackson) matched (OnPropertyCondition)
      - @ConditionalOnBean (types: com.fasterxml.jackson.databind.ObjectMapper; SearchStrategy: all) found bean 'jacksonObjectMapper' (OnBeanCondition)

   JacksonHttpMessageConvertersConfiguration.MappingJackson2HttpMessageConverterConfiguration#mappingJackson2HttpMessageConverter matched:
      - @ConditionalOnMissingBean (types: org.springframework.http.converter.json.MappingJackson2HttpMessageConverter ignored: org.springframework.hateoas.server.mvc.TypeConstrainedMappingJackson2HttpMessageConverter,org.springframework.data.rest.webmvc.alps.AlpsJsonHttpMessageConverter; SearchStrategy: all) did not find any beans (OnBeanCondition)

   MockMvcAutoConfiguration matched:
      - found 'session' scope (OnWebApplicationCondition)

   MockMvcAutoConfiguration#dispatcherServlet matched:
      - @ConditionalOnMissingBean (types: org.springframework.web.servlet.DispatcherServlet; SearchStrategy: all) did not find any beans (OnBeanCondition)

   MockMvcAutoConfiguration#dispatcherServletPath matched:
      - @ConditionalOnMissingBean (types: org.springframework.boot.autoconfigure.web.servlet.DispatcherServletPath; SearchStrategy: all) did not find any beans (OnBeanCondition)

   MockMvcConfiguration#mockMvc matched:
      - @ConditionalOnMissingBean (types: org.springframework.test.web.servlet.MockMvc; SearchStrategy: all) did not find any beans (OnBeanCondition)

   MockMvcConfiguration#mockMvcBuilder matched:
      - @ConditionalOnMissingBean (types: org.springframework.test.web.servlet.MockMvcBuilder; SearchStrategy: all) did not find any beans (OnBeanCondition)

   MockMvcSecurityConfiguration matched:
      - @ConditionalOnClass found required class 'org.springframework.security.test.web.servlet.request.SecurityMockMvcRequestPostProcessors' (OnClassCondition)

   MockMvcSecurityConfiguration#securityMockMvcBuilderCustomizer matched:
      - @ConditionalOnBean (names: springSecurityFilterChain; SearchStrategy: all) found bean 'springSecurityFilterChain' (OnBeanCondition)

   MockMvcTesterConfiguration matched:
      - @ConditionalOnClass found required class 'org.assertj.core.api.Assert' (OnClassCondition)

   MockMvcTesterConfiguration#mockMvcTester matched:
      - @ConditionalOnMissingBean (types: org.springframework.test.web.servlet.assertj.MockMvcTester; SearchStrategy: all) did not find any beans (OnBeanCondition)

   NoOpCacheConfiguration matched:
      - Cache org.springframework.boot.autoconfigure.cache.NoOpCacheConfiguration NONE cache type (CacheCondition)

   SecurityAutoConfiguration matched:
      - @ConditionalOnClass found required class 'org.springframework.security.authentication.DefaultAuthenticationEventPublisher' (OnClassCondition)

   SecurityAutoConfiguration#authenticationEventPublisher matched:
      - @ConditionalOnMissingBean (types: org.springframework.security.authentication.AuthenticationEventPublisher; SearchStrategy: all) did not find any beans (OnBeanCondition)

   SecurityFilterAutoConfiguration matched:
      - @ConditionalOnClass found required classes 'org.springframework.security.web.context.AbstractSecurityWebApplicationInitializer', 'org.springframework.security.config.http.SessionCreationPolicy' (OnClassCondition)
      - found 'session' scope (OnWebApplicationCondition)

   SecurityFilterAutoConfiguration#securityFilterChainRegistration matched:
      - @ConditionalOnBean (names: springSecurityFilterChain; SearchStrategy: all) found bean 'springSecurityFilterChain' (OnBeanCondition)

   SpringBootWebSecurityConfiguration matched:
      - found 'session' scope (OnWebApplicationCondition)

   SpringDataWebAutoConfiguration matched:
      - @ConditionalOnClass found required classes 'org.springframework.data.web.PageableHandlerMethodArgumentResolver', 'org.springframework.web.servlet.config.annotation.WebMvcConfigurer' (OnClassCondition)
      - found 'session' scope (OnWebApplicationCondition)
      - @ConditionalOnMissingBean (types: org.springframework.data.web.PageableHandlerMethodArgumentResolver; SearchStrategy: all) did not find any beans (OnBeanCondition)

   SpringDataWebAutoConfiguration#pageableCustomizer matched:
      - @ConditionalOnMissingBean (types: org.springframework.data.web.config.PageableHandlerMethodArgumentResolverCustomizer; SearchStrategy: all) did not find any beans (OnBeanCondition)

   SpringDataWebAutoConfiguration#sortCustomizer matched:
      - @ConditionalOnMissingBean (types: org.springframework.data.web.config.SortHandlerMethodArgumentResolverCustomizer; SearchStrategy: all) did not find any beans (OnBeanCondition)

   SpringDataWebAutoConfiguration#springDataWebSettings matched:
[...]

Handler:
             Type = com.pay_my_buddy.OC_P6.controller.ProfilController
           Method = com.pay_my_buddy.OC_P6.controller.ProfilController#profil(UserDetailsImplements, Model)

Async:
    Async started = false
     Async result = null

Resolved Exception:
             Type = null

ModelAndView:
        View name = profil
             View = null
        Attribute = user
            value = RegisterRequestDTO(username=testuser, email=test@example.com, password=null)
           errors = []

FlashMap:
       Attributes = null

MockHttpServletResponse:
           Status = 200
    Error message = null
          Headers = [Content-Language:"en", Content-Type:"text/html;charset=UTF-8", X-Content-Type-Options:"nosniff", X-XSS-Protection:"0", Cache-Control:"no-cache, no-store, max-age=0, must-revalidate", Pragma:"no-cache", Expires:"0", X-Frame-Options:"DENY"]
     Content type = text/html;charset=UTF-8
             Body = <!DOCTYPE html>
<html lang="fr">
  <head>
    <meta charset="UTF-8" />
    <meta name="viewport" content="width=device-width, initial-scale=1.0" />
    <title>Page de profil</title>
    <link rel="stylesheet" href="/css/style.css" />
  </head>
  <body>
    <div class="heading">
      <span><strong>Pay My Buddy</strong></span>
      <nav>
        <strong>
          <a href="/transaction"
            sec:authorize="isAuthenticated()">Transférer</a>
          <a href="/profil" sec:authorize="isAuthenticated()"
            class="active">Profil</a>
          <a href="/userConnections"
            sec:authorize="isAuthenticated()">Ajouter relation</a>
          <a href="/logout" sec:authorize="isAuthenticated()">Se
            déconnecter</a>
        </strong>
      </nav>
    </div>
    <form
      action="/modify-profil"
      method="post"
      class="form-modify">
      <div class="form-group">
        <label for="username">Username</label>
        <span class="at-symbol">@</span>
        <input
          type="text"
          name="username"
          id="username"
          class="input-username"
          placeholder="@username"
          required value="testuser" />
        <span class="arrow-username">></span>
      </div>
      <div class="form-group">
        <label for="email">Mail</label>
        <input
          type="email"
          name="email"
          id="email"
          placeholder="nom@domain.com"
          required value="test@example.com" />
        <span class="arrow">></span>
      </div>
      <div class="form-group">
        <label for="password">Mot de passe</label>
        <input
          type="password"
          name="password"
          id="password"
          placeholder="mot de passe"
          required value="" />

        <span class="arrow">></span>
      </div>
      <button type="submit" class="btn-modify">Modifier</button>
    </form>
    <div class="alert-container">
      
      
    </div>
  </body>
</html>

    Forwarded URL = null
   Redirected URL = null
          Cookies = []
2025-05-21T09:30:40.354+02:00 DEBUG 1388 --- [OC_P6] [           main] org.springframework.test.context.cache   : Spring test ApplicationContext cache statistics: [DefaultContextCache@4331be05 size = 3, maxSize = 32, parentContextCount = 0, hitCount = 103, missCount = 3, failureCount = 0]
2025-05-21T09:30:40.355+02:00 DEBUG 1388 --- [OC_P6] [           main] org.springframework.test.context.cache   : Spring test ApplicationContext cache statistics: [DefaultContextCache@4331be05 size = 3, maxSize = 32, parentContextCount = 0, hitCount = 104, missCount = 3, failureCount = 0]
2025-05-21T09:30:40.359+02:00 DEBUG 1388 --- [OC_P6] [           main] org.springframework.test.context.cache   : Spring test ApplicationContext cache statistics: [DefaultContextCache@4331be05 size = 3, maxSize = 32, parentContextCount = 0, hitCount = 105, missCount = 3, failureCount = 0]
2025-05-21T09:30:40.360+02:00 DEBUG 1388 --- [OC_P6] [           main] org.springframework.test.context.cache   : Spring test ApplicationContext cache statistics: [DefaultContextCache@4331be05 size = 3, maxSize = 32, parentContextCount = 0, hitCount = 106, missCount = 3, failureCount = 0]
2025-05-21T09:30:40.361+02:00 DEBUG 1388 --- [OC_P6] [           main] org.springframework.test.context.cache   : Spring test ApplicationContext cache statistics: [DefaultContextCache@4331be05 size = 3, maxSize = 32, parentContextCount = 0, hitCount = 107, missCount = 3, failureCount = 0]
2025-05-21T09:30:40.365+02:00 DEBUG 1388 --- [OC_P6] [           main] org.springframework.test.context.cache   : Spring test ApplicationContext cache statistics: [DefaultContextCache@4331be05 size = 3, maxSize = 32, parentContextCount = 0, hitCount = 108, missCount = 3, failureCount = 0]
2025-05-21T09:30:40.376+02:00 DEBUG 1388 --- [OC_P6] [           main] org.springframework.test.context.cache   : Spring test ApplicationContext cache statistics: [DefaultContextCache@4331be05 size = 3, maxSize = 32, parentContextCount = 0, hitCount = 109, missCount = 3, failureCount = 0]
2025-05-21T09:30:40.379+02:00 DEBUG 1388 --- [OC_P6] [           main] org.springframework.test.context.cache   : Spring test ApplicationContext cache statistics: [DefaultContextCache@4331be05 size = 3, maxSize = 32, parentContextCount = 0, hitCount = 110, missCount = 3, failureCount = 0]
2025-05-21T09:30:40.383+02:00 DEBUG 1388 --- [OC_P6] [           main] .c.s.DirtiesContextTestExecutionListener : After test method: class [ProfilControllerTest], method [testGetProfilPage], class annotated with @DirtiesContext [false] with mode [null], method annotated with @DirtiesContext [false] with mode [null]
]]></system-out>
  </testcase>
  <testcase name="testUpdateProfilWithPassword" classname="com.pay_my_buddy.OC_P6.unitaire.controller.ProfilControllerTest" time="0.184">
    <system-out><![CDATA[2025-05-21T09:30:40.399+02:00 DEBUG 1388 --- [OC_P6] [           main] org.springframework.test.context.cache   : Spring test ApplicationContext cache statistics: [DefaultContextCache@4331be05 size = 3, maxSize = 32, parentContextCount = 0, hitCount = 111, missCount = 3, failureCount = 0]
2025-05-21T09:30:40.399+02:00 DEBUG 1388 --- [OC_P6] [           main] DependencyInjectionTestExecutionListener : Performing dependency injection for test class com.pay_my_buddy.OC_P6.unitaire.controller.ProfilControllerTest
2025-05-21T09:30:40.399+02:00 DEBUG 1388 --- [OC_P6] [           main] org.springframework.test.context.cache   : Spring test ApplicationContext cache statistics: [DefaultContextCache@4331be05 size = 3, maxSize = 32, parentContextCount = 0, hitCount = 112, missCount = 3, failureCount = 0]
2025-05-21T09:30:40.399+02:00 DEBUG 1388 --- [OC_P6] [           main] org.springframework.test.context.cache   : Spring test ApplicationContext cache statistics: [DefaultContextCache@4331be05 size = 3, maxSize = 32, parentContextCount = 0, hitCount = 113, missCount = 3, failureCount = 0]
2025-05-21T09:30:40.426+02:00 DEBUG 1388 --- [OC_P6] [           main] sContextBeforeModesTestExecutionListener : Before test method: class [ProfilControllerTest], method [testUpdateProfilWithPassword], class annotated with @DirtiesContext [false] with mode [null], method annotated with @DirtiesContext [false] with mode [null]
2025-05-21T09:30:40.431+02:00 DEBUG 1388 --- [OC_P6] [           main] org.springframework.test.context.cache   : Spring test ApplicationContext cache statistics: [DefaultContextCache@4331be05 size = 3, maxSize = 32, parentContextCount = 0, hitCount = 114, missCount = 3, failureCount = 0]
2025-05-21T09:30:40.435+02:00 DEBUG 1388 --- [OC_P6] [           main] org.springframework.test.context.cache   : Spring test ApplicationContext cache statistics: [DefaultContextCache@4331be05 size = 3, maxSize = 32, parentContextCount = 0, hitCount = 115, missCount = 3, failureCount = 0]
2025-05-21T09:30:40.448+02:00 DEBUG 1388 --- [OC_P6] [           main] org.springframework.test.context.cache   : Spring test ApplicationContext cache statistics: [DefaultContextCache@4331be05 size = 3, maxSize = 32, parentContextCount = 0, hitCount = 116, missCount = 3, failureCount = 0]
2025-05-21T09:30:40.450+02:00 DEBUG 1388 --- [OC_P6] [           main] org.springframework.test.context.cache   : Spring test ApplicationContext cache statistics: [DefaultContextCache@4331be05 size = 3, maxSize = 32, parentContextCount = 0, hitCount = 117, missCount = 3, failureCount = 0]
2025-05-21T09:30:40.502+02:00 DEBUG 1388 --- [OC_P6] [           main] org.springframework.test.context.cache   : Spring test ApplicationContext cache statistics: [DefaultContextCache@4331be05 size = 3, maxSize = 32, parentContextCount = 0, hitCount = 118, missCount = 3, failureCount = 0]
2025-05-21T09:30:40.507+02:00  INFO 1388 --- [OC_P6] [           main] c.p.O.c.UserDetailsImplements            : Création de l'objet UserDetails pour utilisateur ID: 1
2025-05-21T09:30:40.516+02:00 DEBUG 1388 --- [OC_P6] [           main] org.springframework.test.context.cache   : Spring test ApplicationContext cache statistics: [DefaultContextCache@4331be05 size = 3, maxSize = 32, parentContextCount = 0, hitCount = 119, missCount = 3, failureCount = 0]
2025-05-21T09:30:40.517+02:00  INFO 1388 --- [OC_P6] [           main] c.p.O.c.UserDetailsImplements            : Aucune autorisation définie pour utilisateur ID: 1
2025-05-21T09:30:40.519+02:00 DEBUG 1388 --- [OC_P6] [           main] o.s.test.util.ReflectionTestUtils        : Invoking method 'getFilters' on target object [FilterChainProxy[Filter Chains: null]] or target class [null] with arguments {org.springframework.mock.web.MockHttpServletRequest@4236c9f6}
2025-05-21T09:30:40.519+02:00 DEBUG 1388 --- [OC_P6] [           main] o.s.test.util.ReflectionTestUtils        : Invoking method 'getFilters' on target object [FilterChainProxy[Filter Chains: null]] or target class [null] with arguments {org.springframework.mock.web.MockHttpServletRequest@4236c9f6}
2025-05-21T09:30:40.520+02:00 DEBUG 1388 --- [OC_P6] [           main] o.s.test.util.ReflectionTestUtils        : Getting field 'securityContextRepository' from target object [org.springframework.security.web.context.SecurityContextHolderFilter@2fda71cb] or target class [class org.springframework.security.web.context.SecurityContextHolderFilter]
2025-05-21T09:30:40.520+02:00 DEBUG 1388 --- [OC_P6] [           main] w.c.HttpSessionSecurityContextRepository : Created HttpSession as SecurityContext is non-default
2025-05-21T09:30:40.520+02:00 DEBUG 1388 --- [OC_P6] [           main] w.c.HttpSessionSecurityContextRepository : Stored SecurityContextImpl [Authentication=UsernamePasswordAuthenticationToken [Principal=org.springframework.security.core.userdetails.User [Username=user, Password=[PROTECTED], Enabled=true, AccountNonExpired=true, CredentialsNonExpired=true, AccountNonLocked=true, Granted Authorities=[ROLE_USER]], Credentials=[PROTECTED], Authenticated=true, Details=null, Granted Authorities=[ROLE_USER]]] to HttpSession [org.springframework.mock.web.MockHttpSession@359c5dbb]
2025-05-21T09:30:40.521+02:00 DEBUG 1388 --- [OC_P6] [           main] o.s.test.util.ReflectionTestUtils        : Invoking method 'getFilters' on target object [FilterChainProxy[Filter Chains: null]] or target class [null] with arguments {org.springframework.mock.web.MockHttpServletRequest@4236c9f6}
2025-05-21T09:30:40.521+02:00 DEBUG 1388 --- [OC_P6] [           main] o.s.test.util.ReflectionTestUtils        : Invoking method 'getFilters' on target object [FilterChainProxy[Filter Chains: null]] or target class [null] with arguments {org.springframework.mock.web.MockHttpServletRequest@4236c9f6}
2025-05-21T09:30:40.522+02:00 DEBUG 1388 --- [OC_P6] [           main] o.s.test.util.ReflectionTestUtils        : Getting field 'securityContextRepository' from target object [org.springframework.security.web.context.SecurityContextHolderFilter@2fda71cb] or target class [class org.springframework.security.web.context.SecurityContextHolderFilter]
2025-05-21T09:30:40.523+02:00 DEBUG 1388 --- [OC_P6] [           main] w.c.HttpSessionSecurityContextRepository : Retrieved SecurityContextImpl [Authentication=UsernamePasswordAuthenticationToken [Principal=org.springframework.security.core.userdetails.User [Username=user, Password=[PROTECTED], Enabled=true, AccountNonExpired=true, CredentialsNonExpired=true, AccountNonLocked=true, Granted Authorities=[ROLE_USER]], Credentials=[PROTECTED], Authenticated=true, Details=null, Granted Authorities=[ROLE_USER]]]
2025-05-21T09:30:40.523+02:00 DEBUG 1388 --- [OC_P6] [           main] w.c.HttpSessionSecurityContextRepository : Stored SecurityContextImpl [Authentication=UsernamePasswordAuthenticationToken [Principal=UserDetailsImplements(id=1, username=testuser, email=test@example.com, password=password), Credentials=[PROTECTED], Authenticated=true, Details=null, Granted Authorities=[]]] to HttpSession [org.springframework.mock.web.MockHttpSession@359c5dbb]
2025-05-21T09:30:40.524+02:00 DEBUG 1388 --- [OC_P6] [           main] o.s.test.util.ReflectionTestUtils        : Invoking method 'getFilters' on target object [FilterChainProxy[Filter Chains: null]] or target class [null] with arguments {org.springframework.mock.web.MockHttpServletRequest@4236c9f6}
2025-05-21T09:30:40.524+02:00 DEBUG 1388 --- [OC_P6] [           main] o.s.test.util.ReflectionTestUtils        : Invoking method 'getFilters' on target object [FilterChainProxy[Filter Chains: null]] or target class [null] with arguments {org.springframework.mock.web.MockHttpServletRequest@4236c9f6}
2025-05-21T09:30:40.525+02:00 DEBUG 1388 --- [OC_P6] [           main] o.s.test.util.ReflectionTestUtils        : Invoking method 'getFilters' on target object [FilterChainProxy[Filter Chains: null]] or target class [null] with arguments {org.springframework.mock.web.MockHttpServletRequest@4236c9f6}
2025-05-21T09:30:40.528+02:00 DEBUG 1388 --- [OC_P6] [           main] o.s.security.web.FilterChainProxy        : Securing POST /modify-profil
2025-05-21T09:30:40.528+02:00 DEBUG 1388 --- [OC_P6] [           main] o.s.security.web.FilterChainProxy        : Secured POST /modify-profil
2025-05-21T09:30:40.530+02:00 DEBUG 1388 --- [OC_P6] [           main] o.s.t.web.servlet.TestDispatcherServlet  : POST "/modify-profil", parameters={masked}
2025-05-21T09:30:40.532+02:00 DEBUG 1388 --- [OC_P6] [           main] s.w.s.m.m.a.RequestMappingHandlerMapping : Mapped to com.pay_my_buddy.OC_P6.controller.ProfilController#modifyUser(RegisterRequestDTO, BindingResult, UserDetailsImplements, RedirectAttributes)
2025-05-21T09:30:40.541+02:00 DEBUG 1388 --- [OC_P6] [           main] w.c.HttpSessionSecurityContextRepository : Retrieved SecurityContextImpl [Authentication=UsernamePasswordAuthenticationToken [Principal=UserDetailsImplements(id=1, username=testuser, email=test@example.com, password=password), Credentials=[PROTECTED], Authenticated=true, Details=null, Granted Authorities=[]]]
2025-05-21T09:30:40.541+02:00  INFO 1388 --- [OC_P6] [           main] c.p.OC_P6.controller.ProfilController    : Modification du profil de l'utilisateur ID: 1
2025-05-21T09:30:40.541+02:00 DEBUG 1388 --- [OC_P6] [           main] o.s.web.servlet.view.RedirectView        : View name [redirect:], model {}
2025-05-21T09:30:40.547+02:00 DEBUG 1388 --- [OC_P6] [           main] o.s.t.web.servlet.TestDispatcherServlet  : Completed 302 FOUND

MockHttpServletRequest:
      HTTP Method = POST
      Request URI = /modify-profil
       Parameters = {email=[test@example.com], username=[testuser], password=[newpassword], _csrf=[OVEAZyk4OPwd3nE6xmARjX77pyoNlO1BueczPytZQF6dsMGKXDM5VhgMC8ww50MO800lukaeihNsodpsiYJRWh49cT370fiy]}
          Headers = []
             Body = null
    Session Attrs = {org.springframework.web.servlet.support.SessionFlashMapManager.FLASH_MAPS=[FlashMap [attributes={success=Profil bien modifié}, targetRequestPath=/profil, targetRequestParams={}]], SPRING_SECURITY_CONTEXT=SecurityContextImpl [Authentication=UsernamePasswordAuthenticationToken [Principal=UserDetailsImplements(id=1, username=testuser, email=test@example.com, password=password), Credentials=[PROTECTED], Authenticated=true, Details=null, Granted Authorities=[]]]}

Handler:
             Type = com.pay_my_buddy.OC_P6.controller.ProfilController
           Method = com.pay_my_buddy.OC_P6.controller.ProfilController#modifyUser(RegisterRequestDTO, BindingResult, UserDetailsImplements, RedirectAttributes)

Async:
    Async started = false
     Async result = null

Resolved Exception:
             Type = null

ModelAndView:
        View name = redirect:/profil
             View = null
            Model = null

FlashMap:
        Attribute = success
            value = Profil bien modifié

MockHttpServletResponse:
           Status = 302
    Error message = null
          Headers = [Content-Language:"en", X-Content-Type-Options:"nosniff", X-XSS-Protection:"0", Cache-Control:"no-cache, no-store, max-age=0, must-revalidate", Pragma:"no-cache", Expires:"0", X-Frame-Options:"DENY", Location:"/profil"]
     Content type = null
             Body = 
    Forwarded URL = null
   Redirected URL = /profil
          Cookies = []
2025-05-21T09:30:40.564+02:00 DEBUG 1388 --- [OC_P6] [           main] org.springframework.test.context.cache   : Spring test ApplicationContext cache statistics: [DefaultContextCache@4331be05 size = 3, maxSize = 32, parentContextCount = 0, hitCount = 120, missCount = 3, failureCount = 0]
2025-05-21T09:30:40.564+02:00 DEBUG 1388 --- [OC_P6] [           main] org.springframework.test.context.cache   : Spring test ApplicationContext cache statistics: [DefaultContextCache@4331be05 size = 3, maxSize = 32, parentContextCount = 0, hitCount = 121, missCount = 3, failureCount = 0]
2025-05-21T09:30:40.564+02:00 DEBUG 1388 --- [OC_P6] [           main] org.springframework.test.context.cache   : Spring test ApplicationContext cache statistics: [DefaultContextCache@4331be05 size = 3, maxSize = 32, parentContextCount = 0, hitCount = 122, missCount = 3, failureCount = 0]
2025-05-21T09:30:40.564+02:00 DEBUG 1388 --- [OC_P6] [           main] org.springframework.test.context.cache   : Spring test ApplicationContext cache statistics: [DefaultContextCache@4331be05 size = 3, maxSize = 32, parentContextCount = 0, hitCount = 123, missCount = 3, failureCount = 0]
2025-05-21T09:30:40.564+02:00 DEBUG 1388 --- [OC_P6] [           main] org.springframework.test.context.cache   : Spring test ApplicationContext cache statistics: [DefaultContextCache@4331be05 size = 3, maxSize = 32, parentContextCount = 0, hitCount = 124, missCount = 3, failureCount = 0]
2025-05-21T09:30:40.564+02:00 DEBUG 1388 --- [OC_P6] [           main] org.springframework.test.context.cache   : Spring test ApplicationContext cache statistics: [DefaultContextCache@4331be05 size = 3, maxSize = 32, parentContextCount = 0, hitCount = 125, missCount = 3, failureCount = 0]
2025-05-21T09:30:40.583+02:00 DEBUG 1388 --- [OC_P6] [           main] org.springframework.test.context.cache   : Spring test ApplicationContext cache statistics: [DefaultContextCache@4331be05 size = 3, maxSize = 32, parentContextCount = 0, hitCount = 126, missCount = 3, failureCount = 0]
2025-05-21T09:30:40.583+02:00 DEBUG 1388 --- [OC_P6] [           main] org.springframework.test.context.cache   : Spring test ApplicationContext cache statistics: [DefaultContextCache@4331be05 size = 3, maxSize = 32, parentContextCount = 0, hitCount = 127, missCount = 3, failureCount = 0]
2025-05-21T09:30:40.583+02:00 DEBUG 1388 --- [OC_P6] [           main] .c.s.DirtiesContextTestExecutionListener : After test method: class [ProfilControllerTest], method [testUpdateProfilWithPassword], class annotated with @DirtiesContext [false] with mode [null], method annotated with @DirtiesContext [false] with mode [null]
]]></system-out>
  </testcase>
</testsuite>