<?xml version="1.0" encoding="UTF-8"?>
<testsuite xmlns:xsi="http://www.w3.org/2001/XMLSchema-instance" xsi:noNamespaceSchemaLocation="https://maven.apache.org/surefire/maven-surefire-plugin/xsd/surefire-test-report.xsd" version="3.0.2" name="com.pay_my_buddy.OC_P6.unitaire.service.UserServiceTest" time="0.238" tests="20" errors="0" skipped="0" failures="0">
  <properties>
[...]
</properties>
  <testcase name="testUpdateBalanceToSelf" classname="com.pay_my_buddy.OC_P6.unitaire.service.UserServiceTest" time="0.0"/>
  <testcase name="testUpdateUserNotFound" classname="com.pay_my_buddy.OC_P6.unitaire.service.UserServiceTest" time="0.0"/>
  <testcase name="testDeleteFriendSuccess" classname="com.pay_my_buddy.OC_P6.unitaire.service.UserServiceTest" time="0.023"/>
  <testcase name="testSaveUser" classname="com.pay_my_buddy.OC_P6.unitaire.service.UserServiceTest" time="0.015"/>
  <testcase name="testUpdateUserSuccess" classname="com.pay_my_buddy.OC_P6.unitaire.service.UserServiceTest" time="0.012">
    <system-out><![CDATA[2025-05-11T20:10:30.666+02:00  INFO 18080 --- [OC_P6] [           main] c.p.O.c.UserDetailsImplements            : Création de l'objet UserDetails pour utilisateur ID: 1
2025-05-11T20:10:30.666+02:00  INFO 18080 --- [OC_P6] [           main] c.p.O.c.UserDetailsImplements            : Aucune autorisation définie pour utilisateur ID: 1
]]></system-out>
  </testcase>
  <testcase name="testAddBalanceNegativeAmount" classname="com.pay_my_buddy.OC_P6.unitaire.service.UserServiceTest" time="0.0"/>
  <testcase name="testAddBalanceSuccess" classname="com.pay_my_buddy.OC_P6.unitaire.service.UserServiceTest" time="0.009"/>
  <testcase name="testUpdateBalanceInsufficientFunds" classname="com.pay_my_buddy.OC_P6.unitaire.service.UserServiceTest" time="0.014"/>
  <testcase name="testGetUserByEmailSuccess" classname="com.pay_my_buddy.OC_P6.unitaire.service.UserServiceTest" time="0.011">
    <system-out><![CDATA[Recherche utilisateur avec email : laurent@example.com
]]></system-out>
  </testcase>
  <testcase name="testAddFriendAlreadyExists" classname="com.pay_my_buddy.OC_P6.unitaire.service.UserServiceTest" time="0.01"/>
  <testcase name="testUpdateBalanceNegativeAmount" classname="com.pay_my_buddy.OC_P6.unitaire.service.UserServiceTest" time="0.008"/>
  <testcase name="testAddFriendSuccess" classname="com.pay_my_buddy.OC_P6.unitaire.service.UserServiceTest" time="0.017"/>
  <testcase name="testGetUserByEmailNotFound" classname="com.pay_my_buddy.OC_P6.unitaire.service.UserServiceTest" time="0.0">
    <system-out><![CDATA[Recherche utilisateur avec email : unknown@example.com
]]></system-out>
  </testcase>
  <testcase name="testUpdateBalanceSuccess" classname="com.pay_my_buddy.OC_P6.unitaire.service.UserServiceTest" time="0.007"/>
  <testcase name="testGetFriendsSuccess" classname="com.pay_my_buddy.OC_P6.unitaire.service.UserServiceTest" time="0.003"/>
  <testcase name="testGetFriendsUserNotFound" classname="com.pay_my_buddy.OC_P6.unitaire.service.UserServiceTest" time="0.015"/>
  <testcase name="testGetUserByIdSuccess" classname="com.pay_my_buddy.OC_P6.unitaire.service.UserServiceTest" time="0.0"/>
  <testcase name="testGetUserByIdNotFound" classname="com.pay_my_buddy.OC_P6.unitaire.service.UserServiceTest" time="0.018"/>
  <testcase name="testSaveNewUser" classname="com.pay_my_buddy.OC_P6.unitaire.service.UserServiceTest" time="0.008"/>
  <testcase name="testDeleteFriendNotExisting" classname="com.pay_my_buddy.OC_P6.unitaire.service.UserServiceTest" time="0.006"/>
</testsuite>