<?xml version="1.0" encoding="UTF-8"?>
<testsuite xmlns:xsi="http://www.w3.org/2001/XMLSchema-instance" xsi:noNamespaceSchemaLocation="https://maven.apache.org/surefire/maven-surefire-plugin/xsd/surefire-test-report.xsd" version="3.0.2" name="com.pay_my_buddy.OC_P6.unitaire.controller.TransactionControllerTest" time="36.016" tests="1" errors="1" skipped="0" failures="0">
  <properties>
[...]
</properties>
  <testcase name="testPay_SuccessfulTransaction" classname="com.pay_my_buddy.OC_P6.unitaire.controller.TransactionControllerTest" time="1.182">
    <error message="Request processing failed: java.lang.NullPointerException: Cannot invoke &quot;com.pay_my_buddy.OC_P6.configuration.UserDetailsImplements.getId()&quot; because &quot;userDetails&quot; is null" type="jakarta.servlet.ServletException"><![CDATA[jakarta.servlet.ServletException: Request processing failed: java.lang.NullPointerException: Cannot invoke "com.pay_my_buddy.OC_P6.configuration.UserDetailsImplements.getId()" because "userDetails" is null
	at org.springframework.web.servlet.FrameworkServlet.processRequest(FrameworkServlet.java:1022)
	at org.springframework.web.servlet.FrameworkServlet.doPost(FrameworkServlet.java:914)
	at jakarta.servlet.http.HttpServlet.service(HttpServlet.java:590)
	at org.springframework.web.servlet.FrameworkServlet.service(FrameworkServlet.java:885)
	at org.springframework.test.web.servlet.TestDispatcherServlet.service(TestDispatcherServlet.java:72)
	at jakarta.servlet.http.HttpServlet.service(HttpServlet.java:658)
	at org.springframework.mock.web.MockFilterChain$ServletFilterProxy.doFilter(MockFilterChain.java:165)
	at org.springframework.mock.web.MockFilterChain.doFilter(MockFilterChain.java:132)
	at org.springframework.test.web.servlet.MockMvc.perform(MockMvc.java:201)
	at com.pay_my_buddy.OC_P6.unitaire.controller.TransactionControllerTest.testPay_SuccessfulTransaction(TransactionControllerTest.java:49)
	at java.base/java.lang.reflect.Method.invoke(Method.java:569)
	at java.base/java.util.ArrayList.forEach(ArrayList.java:1511)
	at java.base/java.util.ArrayList.forEach(ArrayList.java:1511)
Caused by: java.lang.NullPointerException: Cannot invoke "com.pay_my_buddy.OC_P6.configuration.UserDetailsImplements.getId()" because "userDetails" is null
	at com.pay_my_buddy.OC_P6.controller.TransactionController.pay(TransactionController.java:53)
	at java.base/jdk.internal.reflect.NativeMethodAccessorImpl.invoke0(Native Method)
	at java.base/jdk.internal.reflect.NativeMethodAccessorImpl.invoke(NativeMethodAccessorImpl.java:77)
	at java.base/jdk.internal.reflect.DelegatingMethodAccessorImpl.invoke(DelegatingMethodAccessorImpl.java:43)
	at java.base/java.lang.reflect.Method.invoke(Method.java:569)
	at org.springframework.web.method.support.InvocableHandlerMethod.doInvoke(InvocableHandlerMethod.java:258)
	at org.springframework.web.method.support.InvocableHandlerMethod.invokeForRequest(InvocableHandlerMethod.java:191)
	at org.springframework.web.servlet.mvc.method.annotation.ServletInvocableHandlerMethod.invokeAndHandle(ServletInvocableHandlerMethod.java:118)
	at org.springframework.web.servlet.mvc.method.annotation.RequestMappingHandlerAdapter.invokeHandlerMethod(RequestMappingHandlerAdapter.java:986)
	at org.springframework.web.servlet.mvc.method.annotation.RequestMappingHandlerAdapter.handleInternal(RequestMappingHandlerAdapter.java:891)
	at org.springframework.web.servlet.mvc.method.AbstractHandlerMethodAdapter.handle(AbstractHandlerMethodAdapter.java:87)
	at org.springframework.web.servlet.DispatcherServlet.doDispatch(DispatcherServlet.java:1089)
	at org.springframework.web.servlet.DispatcherServlet.doService(DispatcherServlet.java:979)
	at org.springframework.web.servlet.FrameworkServlet.processRequest(FrameworkServlet.java:1014)
	... 12 more
]]></error>
    <system-out><![CDATA[17:49:02.305 [main] INFO org.springframework.test.context.support.AnnotationConfigContextLoaderUtils -- Could not detect default configuration classes for test class [com.pay_my_buddy.OC_P6.unitaire.controller.TransactionControllerTest]: TransactionControllerTest does not declare any static, non-private, non-final, nested classes annotated with @Configuration.
17:49:03.808 [main] INFO org.springframework.boot.test.context.SpringBootTestContextBootstrapper -- Found @SpringBootConfiguration com.pay_my_buddy.OC_P6.OcP6Application for test class com.pay_my_buddy.OC_P6.unitaire.controller.TransactionControllerTest
17:49:05.105 [main] INFO org.springframework.boot.devtools.restart.RestartApplicationListener -- Restart disabled due to context in which it is running

  .   ____          _            __ _ _
 /\\ / ___'_ __ _ _(_)_ __  __ _ \ \ \ \
( ( )\___ | '_ | '_| | '_ \/ _` | \ \ \ \
 \\/  ___)| |_)| | | | | || (_| |  ) ) ) )
  '  |____| .__|_| |_|_| |_\__, | / / / /
 =========|_|==============|___/=/_/_/_/

 :: Spring Boot ::                (v3.4.5)

2026-04-24T17:49:08.952+02:00  INFO 1620 --- [OC_P6] [           main] c.p.O.u.c.TransactionControllerTest      : Starting TransactionControllerTest using Java 17.0.18 with PID 1620 (started by Laurent Agourou in C:\Users\Laurent Agourou\Downloads\Open Classroom\P6\OC_P6)
2026-04-24T17:49:08.961+02:00  INFO 1620 --- [OC_P6] [           main] c.p.O.u.c.TransactionControllerTest      : The following 1 profile is active: "test"
2026-04-24T17:49:32.160+02:00  WARN 1620 --- [OC_P6] [           main] .s.s.UserDetailsServiceAutoConfiguration : 

Using generated security password: b491b3c3-74c8-4c4b-8bca-6b68ae8976a7

This generated password is for development use only. Your security configuration must be updated before running your application in production.

2026-04-24T17:49:32.439+02:00  INFO 1620 --- [OC_P6] [           main] r$InitializeUserDetailsManagerConfigurer : Global AuthenticationManager configured with UserDetailsService bean with name inMemoryUserDetailsManager
2026-04-24T17:49:34.224+02:00  INFO 1620 --- [OC_P6] [           main] o.s.b.t.m.w.SpringBootMockServletContext : Initializing Spring TestDispatcherServlet ''
2026-04-24T17:49:34.225+02:00  INFO 1620 --- [OC_P6] [           main] o.s.t.web.servlet.TestDispatcherServlet  : Initializing Servlet ''
2026-04-24T17:49:34.232+02:00  INFO 1620 --- [OC_P6] [           main] o.s.t.web.servlet.TestDispatcherServlet  : Completed initialization in 6 ms
2026-04-24T17:49:35.063+02:00  INFO 1620 --- [OC_P6] [           main] c.p.O.u.c.TransactionControllerTest      : Started TransactionControllerTest in 30.094 seconds (process running for 40.744)
2026-04-24T17:49:36.178+02:00  INFO 1620 --- [OC_P6] [           main] c.p.O.controller.TransactionController   : Paiement en cours pour friend@example.com
]]></system-out>
  </testcase>
</testsuite>